{"/Users/ecuyle/Documents/HackReactor/front-end-capstone/ecuyle-service/src/DateIterator.js": {"path":"/Users/ecuyle/Documents/HackReactor/front-end-capstone/ecuyle-service/src/DateIterator.js","statementMap":{"0":{"start":{"line":1,"column":21},"end":{"line":20,"column":1}},"1":{"start":{"line":4,"column":10},"end":{"line":4,"column":11}},"2":{"start":{"line":5,"column":19},"end":{"line":5,"column":43}},"3":{"start":{"line":6,"column":16},"end":{"line":6,"column":24}},"4":{"start":{"line":7,"column":18},"end":{"line":7,"column":46}},"5":{"start":{"line":8,"column":19},"end":{"line":18,"column":3}},"6":{"start":{"line":9,"column":4},"end":{"line":16,"column":5}},"7":{"start":{"line":10,"column":6},"end":{"line":10,"column":41}},"8":{"start":{"line":11,"column":6},"end":{"line":11,"column":13}},"9":{"start":{"line":12,"column":6},"end":{"line":14,"column":7}},"10":{"start":{"line":13,"column":8},"end":{"line":13,"column":23}},"11":{"start":{"line":15,"column":6},"end":{"line":15,"column":18}},"12":{"start":{"line":17,"column":4},"end":{"line":17,"column":19}},"13":{"start":{"line":19,"column":2},"end":{"line":19,"column":18}}},"fnMap":{"0":{"name":"(anonymous_0)","decl":{"start":{"line":1,"column":21},"end":{"line":1,"column":22}},"loc":{"start":{"line":1,"column":38},"end":{"line":20,"column":1}},"line":1},"1":{"name":"(anonymous_1)","decl":{"start":{"line":8,"column":19},"end":{"line":8,"column":20}},"loc":{"start":{"line":8,"column":45},"end":{"line":18,"column":3}},"line":8}},"branchMap":{"0":{"loc":{"start":{"line":9,"column":4},"end":{"line":16,"column":5}},"type":"if","locations":[{"start":{"line":9,"column":4},"end":{"line":16,"column":5}},{"start":{"line":9,"column":4},"end":{"line":16,"column":5}}],"line":9},"1":{"loc":{"start":{"line":12,"column":6},"end":{"line":14,"column":7}},"type":"if","locations":[{"start":{"line":12,"column":6},"end":{"line":14,"column":7}},{"start":{"line":12,"column":6},"end":{"line":14,"column":7}}],"line":12}},"s":{"0":1,"1":9,"2":9,"3":9,"4":9,"5":9,"6":315,"7":261,"8":261,"9":261,"10":252,"11":9,"12":54,"13":9},"f":{"0":9,"1":315},"b":{"0":[261,54],"1":[252,9]},"_coverageSchema":"43e27e138ebf9cfc5966b082cf9a028302ed4184","hash":"b51446e084043ab26cac97aa1a845a32d156c1a7"}
,"/Users/ecuyle/Documents/HackReactor/front-end-capstone/ecuyle-service/src/helpers.js": {"path":"/Users/ecuyle/Documents/HackReactor/front-end-capstone/ecuyle-service/src/helpers.js","statementMap":{"0":{"start":{"line":4,"column":16},"end":{"line":40,"column":1}},"1":{"start":{"line":6,"column":21},"end":{"line":6,"column":50}},"2":{"start":{"line":7,"column":4},"end":{"line":7,"column":44}},"3":{"start":{"line":7,"column":32},"end":{"line":7,"column":44}},"4":{"start":{"line":8,"column":4},"end":{"line":8,"column":17}},"5":{"start":{"line":13,"column":24},"end":{"line":13,"column":29}},"6":{"start":{"line":14,"column":4},"end":{"line":17,"column":5}},"7":{"start":{"line":14,"column":17},"end":{"line":14,"column":18}},"8":{"start":{"line":15,"column":6},"end":{"line":15,"column":45}},"9":{"start":{"line":16,"column":6},"end":{"line":16,"column":37}},"10":{"start":{"line":16,"column":25},"end":{"line":16,"column":37}},"11":{"start":{"line":18,"column":4},"end":{"line":18,"column":17}},"12":{"start":{"line":21,"column":19},"end":{"line":21,"column":35}},"13":{"start":{"line":22,"column":4},"end":{"line":24,"column":5}},"14":{"start":{"line":23,"column":6},"end":{"line":23,"column":32}},"15":{"start":{"line":25,"column":4},"end":{"line":25,"column":20}},"16":{"start":{"line":28,"column":24},"end":{"line":28,"column":100}},"17":{"start":{"line":29,"column":4},"end":{"line":29,"column":58}},"18":{"start":{"line":29,"column":46},"end":{"line":29,"column":58}},"19":{"start":{"line":30,"column":4},"end":{"line":35,"column":7}},"20":{"start":{"line":31,"column":24},"end":{"line":31,"column":75}},"21":{"start":{"line":32,"column":22},"end":{"line":32,"column":71}},"22":{"start":{"line":33,"column":6},"end":{"line":33,"column":74}},"23":{"start":{"line":33,"column":62},"end":{"line":33,"column":74}},"24":{"start":{"line":34,"column":6},"end":{"line":34,"column":19}},"25":{"start":{"line":38,"column":4},"end":{"line":38,"column":30}}},"fnMap":{"0":{"name":"(anonymous_0)","decl":{"start":{"line":5,"column":19},"end":{"line":5,"column":20}},"loc":{"start":{"line":5,"column":36},"end":{"line":9,"column":3}},"line":5},"1":{"name":"(anonymous_1)","decl":{"start":{"line":10,"column":17},"end":{"line":10,"column":18}},"loc":{"start":{"line":10,"column":32},"end":{"line":19,"column":3}},"line":10},"2":{"name":"(anonymous_2)","decl":{"start":{"line":20,"column":16},"end":{"line":20,"column":17}},"loc":{"start":{"line":20,"column":40},"end":{"line":26,"column":3}},"line":20},"3":{"name":"(anonymous_3)","decl":{"start":{"line":27,"column":28},"end":{"line":27,"column":29}},"loc":{"start":{"line":27,"column":63},"end":{"line":36,"column":3}},"line":27},"4":{"name":"(anonymous_4)","decl":{"start":{"line":30,"column":47},"end":{"line":30,"column":48}},"loc":{"start":{"line":30,"column":64},"end":{"line":35,"column":5}},"line":30},"5":{"name":"(anonymous_5)","decl":{"start":{"line":37,"column":2},"end":{"line":37,"column":3}},"loc":{"start":{"line":37,"column":21},"end":{"line":39,"column":3}},"line":37}},"branchMap":{"0":{"loc":{"start":{"line":7,"column":4},"end":{"line":7,"column":44}},"type":"if","locations":[{"start":{"line":7,"column":4},"end":{"line":7,"column":44}},{"start":{"line":7,"column":4},"end":{"line":7,"column":44}}],"line":7},"1":{"loc":{"start":{"line":16,"column":6},"end":{"line":16,"column":37}},"type":"if","locations":[{"start":{"line":16,"column":6},"end":{"line":16,"column":37}},{"start":{"line":16,"column":6},"end":{"line":16,"column":37}}],"line":16},"2":{"loc":{"start":{"line":29,"column":4},"end":{"line":29,"column":58}},"type":"if","locations":[{"start":{"line":29,"column":4},"end":{"line":29,"column":58}},{"start":{"line":29,"column":4},"end":{"line":29,"column":58}}],"line":29},"3":{"loc":{"start":{"line":33,"column":6},"end":{"line":33,"column":74}},"type":"if","locations":[{"start":{"line":33,"column":6},"end":{"line":33,"column":74}},{"start":{"line":33,"column":6},"end":{"line":33,"column":74}}],"line":33},"4":{"loc":{"start":{"line":33,"column":10},"end":{"line":33,"column":60}},"type":"binary-expr","locations":[{"start":{"line":33,"column":10},"end":{"line":33,"column":34}},{"start":{"line":33,"column":38},"end":{"line":33,"column":60}}],"line":33}},"s":{"0":1,"1":252,"2":252,"3":153,"4":99,"5":99,"6":99,"7":99,"8":22,"9":22,"10":0,"11":99,"12":252,"13":252,"14":81,"15":252,"16":252,"17":252,"18":153,"19":99,"20":22,"21":22,"22":22,"23":0,"24":22,"25":558},"f":{"0":252,"1":99,"2":252,"3":252,"4":22,"5":558},"b":{"0":[153,99],"1":[0,22],"2":[153,99],"3":[0,22],"4":[22,11]},"_coverageSchema":"43e27e138ebf9cfc5966b082cf9a028302ed4184","hash":"2ff0f578ef254ab59e2da5e9dac1d0ce09bc67fa"}
,"/Users/ecuyle/Documents/HackReactor/front-end-capstone/ecuyle-service/src/components/App.jsx": {"path":"/Users/ecuyle/Documents/HackReactor/front-end-capstone/ecuyle-service/src/components/App.jsx","statementMap":{"0":{"start":{"line":6,"column":4},"end":{"line":6,"column":17}},"1":{"start":{"line":7,"column":4},"end":{"line":7,"column":20}},"2":{"start":{"line":11,"column":4},"end":{"line":13,"column":6}}},"fnMap":{"0":{"name":"(anonymous_0)","decl":{"start":{"line":5,"column":2},"end":{"line":5,"column":3}},"loc":{"start":{"line":5,"column":21},"end":{"line":8,"column":3}},"line":5},"1":{"name":"(anonymous_1)","decl":{"start":{"line":10,"column":2},"end":{"line":10,"column":3}},"loc":{"start":{"line":10,"column":11},"end":{"line":14,"column":3}},"line":10}},"branchMap":{},"s":{"0":1,"1":1,"2":1},"f":{"0":1,"1":1},"b":{},"_coverageSchema":"43e27e138ebf9cfc5966b082cf9a028302ed4184","hash":"1c2629cfd1272df9da26895056edb373577c476e"}
,"/Users/ecuyle/Documents/HackReactor/front-end-capstone/ecuyle-service/src/components/Calendar.jsx": {"path":"/Users/ecuyle/Documents/HackReactor/front-end-capstone/ecuyle-service/src/components/Calendar.jsx","statementMap":{"0":{"start":{"line":21,"column":4},"end":{"line":21,"column":17}},"1":{"start":{"line":22,"column":4},"end":{"line":30,"column":6}},"2":{"start":{"line":31,"column":4},"end":{"line":36,"column":6}},"3":{"start":{"line":38,"column":4},"end":{"line":38,"column":69}},"4":{"start":{"line":39,"column":4},"end":{"line":39,"column":69}},"5":{"start":{"line":43,"column":22},"end":{"line":43,"column":48}},"6":{"start":{"line":44,"column":4},"end":{"line":44,"column":53}},"7":{"start":{"line":48,"column":17},"end":{"line":48,"column":49}},"8":{"start":{"line":49,"column":18},"end":{"line":49,"column":50}},"9":{"start":{"line":50,"column":21},"end":{"line":50,"column":51}},"10":{"start":{"line":51,"column":4},"end":{"line":56,"column":7}},"11":{"start":{"line":60,"column":26},"end":{"line":60,"column":36}},"12":{"start":{"line":61,"column":25},"end":{"line":61,"column":76}},"13":{"start":{"line":62,"column":4},"end":{"line":62,"column":56}},"14":{"start":{"line":66,"column":26},"end":{"line":66,"column":36}},"15":{"start":{"line":67,"column":25},"end":{"line":67,"column":81}},"16":{"start":{"line":68,"column":4},"end":{"line":68,"column":56}},"17":{"start":{"line":72,"column":29},"end":{"line":72,"column":39}},"18":{"start":{"line":73,"column":21},"end":{"line":76,"column":5}},"19":{"start":{"line":77,"column":25},"end":{"line":77,"column":85}},"20":{"start":{"line":81,"column":24},"end":{"line":81,"column":29}},"21":{"start":{"line":82,"column":23},"end":{"line":82,"column":28}},"22":{"start":{"line":84,"column":4},"end":{"line":117,"column":5}},"23":{"start":{"line":84,"column":17},"end":{"line":84,"column":18}},"24":{"start":{"line":85,"column":6},"end":{"line":85,"column":19}},"25":{"start":{"line":86,"column":6},"end":{"line":86,"column":25}},"26":{"start":{"line":87,"column":6},"end":{"line":115,"column":7}},"27":{"start":{"line":87,"column":19},"end":{"line":87,"column":20}},"28":{"start":{"line":88,"column":8},"end":{"line":114,"column":9}},"29":{"start":{"line":89,"column":10},"end":{"line":89,"column":31}},"30":{"start":{"line":90,"column":27},"end":{"line":90,"column":45}},"31":{"start":{"line":91,"column":23},"end":{"line":91,"column":41}},"32":{"start":{"line":92,"column":10},"end":{"line":96,"column":13}},"33":{"start":{"line":97,"column":15},"end":{"line":114,"column":9}},"34":{"start":{"line":98,"column":27},"end":{"line":98,"column":45}},"35":{"start":{"line":99,"column":10},"end":{"line":110,"column":11}},"36":{"start":{"line":100,"column":25},"end":{"line":100,"column":43}},"37":{"start":{"line":101,"column":12},"end":{"line":105,"column":15}},"38":{"start":{"line":107,"column":12},"end":{"line":107,"column":32}},"39":{"start":{"line":108,"column":12},"end":{"line":108,"column":65}},"40":{"start":{"line":109,"column":12},"end":{"line":109,"column":32}},"41":{"start":{"line":112,"column":10},"end":{"line":112,"column":63}},"42":{"start":{"line":113,"column":10},"end":{"line":113,"column":30}},"43":{"start":{"line":116,"column":6},"end":{"line":116,"column":55}},"44":{"start":{"line":116,"column":32},"end":{"line":116,"column":55}},"45":{"start":{"line":119,"column":4},"end":{"line":119,"column":20}},"46":{"start":{"line":123,"column":31},"end":{"line":123,"column":41}},"47":{"start":{"line":124,"column":4},"end":{"line":124,"column":25}},"48":{"start":{"line":133,"column":8},"end":{"line":133,"column":18}},"49":{"start":{"line":134,"column":49},"end":{"line":134,"column":59}},"50":{"start":{"line":135,"column":21},"end":{"line":135,"column":89}},"51":{"start":{"line":137,"column":4},"end":{"line":177,"column":6}},"52":{"start":{"line":158,"column":12},"end":{"line":160,"column":13}},"53":{"start":{"line":159,"column":14},"end":{"line":159,"column":55}},"54":{"start":{"line":161,"column":12},"end":{"line":168,"column":14}}},"fnMap":{"0":{"name":"(anonymous_0)","decl":{"start":{"line":20,"column":2},"end":{"line":20,"column":3}},"loc":{"start":{"line":20,"column":21},"end":{"line":40,"column":3}},"line":20},"1":{"name":"(anonymous_1)","decl":{"start":{"line":42,"column":2},"end":{"line":42,"column":3}},"loc":{"start":{"line":42,"column":23},"end":{"line":45,"column":3}},"line":42},"2":{"name":"(anonymous_2)","decl":{"start":{"line":47,"column":2},"end":{"line":47,"column":3}},"loc":{"start":{"line":47,"column":46},"end":{"line":57,"column":3}},"line":47},"3":{"name":"(anonymous_3)","decl":{"start":{"line":59,"column":2},"end":{"line":59,"column":3}},"loc":{"start":{"line":59,"column":25},"end":{"line":63,"column":3}},"line":59},"4":{"name":"(anonymous_4)","decl":{"start":{"line":65,"column":2},"end":{"line":65,"column":3}},"loc":{"start":{"line":65,"column":25},"end":{"line":69,"column":3}},"line":65},"5":{"name":"(anonymous_5)","decl":{"start":{"line":71,"column":2},"end":{"line":71,"column":3}},"loc":{"start":{"line":71,"column":66},"end":{"line":120,"column":3}},"line":71},"6":{"name":"(anonymous_6)","decl":{"start":{"line":122,"column":2},"end":{"line":122,"column":3}},"loc":{"start":{"line":122,"column":26},"end":{"line":125,"column":3}},"line":122},"7":{"name":"(anonymous_7)","decl":{"start":{"line":127,"column":2},"end":{"line":127,"column":3}},"loc":{"start":{"line":127,"column":11},"end":{"line":178,"column":3}},"line":127},"8":{"name":"(anonymous_8)","decl":{"start":{"line":157,"column":23},"end":{"line":157,"column":24}},"loc":{"start":{"line":157,"column":35},"end":{"line":169,"column":11}},"line":157}},"branchMap":{"0":{"loc":{"start":{"line":88,"column":8},"end":{"line":114,"column":9}},"type":"if","locations":[{"start":{"line":88,"column":8},"end":{"line":114,"column":9}},{"start":{"line":88,"column":8},"end":{"line":114,"column":9}}],"line":88},"1":{"loc":{"start":{"line":88,"column":12},"end":{"line":88,"column":70}},"type":"binary-expr","locations":[{"start":{"line":88,"column":12},"end":{"line":88,"column":26}},{"start":{"line":88,"column":30},"end":{"line":88,"column":70}}],"line":88},"2":{"loc":{"start":{"line":97,"column":15},"end":{"line":114,"column":9}},"type":"if","locations":[{"start":{"line":97,"column":15},"end":{"line":114,"column":9}},{"start":{"line":97,"column":15},"end":{"line":114,"column":9}}],"line":97},"3":{"loc":{"start":{"line":97,"column":19},"end":{"line":97,"column":49}},"type":"binary-expr","locations":[{"start":{"line":97,"column":19},"end":{"line":97,"column":32}},{"start":{"line":97,"column":36},"end":{"line":97,"column":49}}],"line":97},"4":{"loc":{"start":{"line":99,"column":10},"end":{"line":110,"column":11}},"type":"if","locations":[{"start":{"line":99,"column":10},"end":{"line":110,"column":11}},{"start":{"line":99,"column":10},"end":{"line":110,"column":11}}],"line":99},"5":{"loc":{"start":{"line":116,"column":6},"end":{"line":116,"column":55}},"type":"if","locations":[{"start":{"line":116,"column":6},"end":{"line":116,"column":55}},{"start":{"line":116,"column":6},"end":{"line":116,"column":55}}],"line":116},"6":{"loc":{"start":{"line":158,"column":12},"end":{"line":160,"column":13}},"type":"if","locations":[{"start":{"line":158,"column":12},"end":{"line":160,"column":13}},{"start":{"line":158,"column":12},"end":{"line":160,"column":13}}],"line":158}},"s":{"0":5,"1":5,"2":5,"3":5,"4":5,"5":5,"6":5,"7":5,"8":5,"9":5,"10":5,"11":0,"12":0,"13":0,"14":0,"15":0,"16":0,"17":9,"18":9,"19":9,"20":9,"21":9,"22":9,"23":9,"24":54,"25":54,"26":54,"27":54,"28":378,"29":9,"30":9,"31":9,"32":9,"33":369,"34":252,"35":252,"36":243,"37":243,"38":9,"39":9,"40":9,"41":117,"42":117,"43":54,"44":45,"45":9,"46":0,"47":0,"48":9,"49":9,"50":9,"51":9,"52":54,"53":9,"54":45},"f":{"0":5,"1":5,"2":5,"3":0,"4":0,"5":9,"6":0,"7":9,"8":54},"b":{"0":[9,369],"1":[378,54],"2":[252,117],"3":[369,324],"4":[243,9],"5":[45,9],"6":[9,45]},"_coverageSchema":"43e27e138ebf9cfc5966b082cf9a028302ed4184","hash":"a2738a098f046aa26486cdb1b347fa3f5eda697b"}
,"/Users/ecuyle/Documents/HackReactor/front-end-capstone/ecuyle-service/src/components/CalendarHeader.jsx": {"path":"/Users/ecuyle/Documents/HackReactor/front-end-capstone/ecuyle-service/src/components/CalendarHeader.jsx","statementMap":{"0":{"start":{"line":9,"column":23},"end":{"line":36,"column":1}},"1":{"start":{"line":10,"column":21},"end":{"line":10,"column":26}},"2":{"start":{"line":11,"column":2},"end":{"line":35,"column":4}}},"fnMap":{"0":{"name":"(anonymous_0)","decl":{"start":{"line":9,"column":23},"end":{"line":9,"column":24}},"loc":{"start":{"line":9,"column":34},"end":{"line":36,"column":1}},"line":9}},"branchMap":{},"s":{"0":1,"1":9,"2":9},"f":{"0":9},"b":{},"_coverageSchema":"43e27e138ebf9cfc5966b082cf9a028302ed4184","hash":"51dc69f40bda94184e4f2038e5824e386a1608e4"}
,"/Users/ecuyle/Documents/HackReactor/front-end-capstone/ecuyle-service/src/components/CalendarRow.jsx": {"path":"/Users/ecuyle/Documents/HackReactor/front-end-capstone/ecuyle-service/src/components/CalendarRow.jsx","statementMap":{"0":{"start":{"line":17,"column":20},"end":{"line":73,"column":1}},"1":{"start":{"line":24,"column":6},"end":{"line":24,"column":11}},"2":{"start":{"line":26,"column":26},"end":{"line":66,"column":3}},"3":{"start":{"line":27,"column":24},"end":{"line":27,"column":60}},"4":{"start":{"line":28,"column":25},"end":{"line":28,"column":62}},"5":{"start":{"line":29,"column":4},"end":{"line":65,"column":7}},"6":{"start":{"line":30,"column":27},"end":{"line":30,"column":64}},"7":{"start":{"line":31,"column":6},"end":{"line":37,"column":7}},"8":{"start":{"line":32,"column":8},"end":{"line":36,"column":10}},"9":{"start":{"line":38,"column":6},"end":{"line":48,"column":7}},"10":{"start":{"line":39,"column":8},"end":{"line":47,"column":10}},"11":{"start":{"line":41,"column":27},"end":{"line":41,"column":51}},"12":{"start":{"line":49,"column":6},"end":{"line":59,"column":7}},"13":{"start":{"line":50,"column":8},"end":{"line":58,"column":10}},"14":{"start":{"line":52,"column":27},"end":{"line":52,"column":51}},"15":{"start":{"line":60,"column":6},"end":{"line":64,"column":8}},"16":{"start":{"line":61,"column":34},"end":{"line":61,"column":58}},"17":{"start":{"line":68,"column":2},"end":{"line":72,"column":4}}},"fnMap":{"0":{"name":"(anonymous_0)","decl":{"start":{"line":17,"column":20},"end":{"line":17,"column":21}},"loc":{"start":{"line":17,"column":31},"end":{"line":73,"column":1}},"line":17},"1":{"name":"(anonymous_1)","decl":{"start":{"line":26,"column":26},"end":{"line":26,"column":27}},"loc":{"start":{"line":26,"column":32},"end":{"line":66,"column":3}},"line":26},"2":{"name":"(anonymous_2)","decl":{"start":{"line":29,"column":22},"end":{"line":29,"column":23}},"loc":{"start":{"line":29,"column":33},"end":{"line":65,"column":5}},"line":29},"3":{"name":"(anonymous_3)","decl":{"start":{"line":41,"column":21},"end":{"line":41,"column":22}},"loc":{"start":{"line":41,"column":27},"end":{"line":41,"column":51}},"line":41},"4":{"name":"(anonymous_4)","decl":{"start":{"line":52,"column":21},"end":{"line":52,"column":22}},"loc":{"start":{"line":52,"column":27},"end":{"line":52,"column":51}},"line":52},"5":{"name":"(anonymous_5)","decl":{"start":{"line":61,"column":28},"end":{"line":61,"column":29}},"loc":{"start":{"line":61,"column":34},"end":{"line":61,"column":58}},"line":61}},"branchMap":{"0":{"loc":{"start":{"line":31,"column":6},"end":{"line":37,"column":7}},"type":"if","locations":[{"start":{"line":31,"column":6},"end":{"line":37,"column":7}},{"start":{"line":31,"column":6},"end":{"line":37,"column":7}}],"line":31},"1":{"loc":{"start":{"line":38,"column":6},"end":{"line":48,"column":7}},"type":"if","locations":[{"start":{"line":38,"column":6},"end":{"line":48,"column":7}},{"start":{"line":38,"column":6},"end":{"line":48,"column":7}}],"line":38},"2":{"loc":{"start":{"line":38,"column":10},"end":{"line":38,"column":71}},"type":"binary-expr","locations":[{"start":{"line":38,"column":10},"end":{"line":38,"column":38}},{"start":{"line":38,"column":42},"end":{"line":38,"column":71}}],"line":38},"3":{"loc":{"start":{"line":49,"column":6},"end":{"line":59,"column":7}},"type":"if","locations":[{"start":{"line":49,"column":6},"end":{"line":59,"column":7}},{"start":{"line":49,"column":6},"end":{"line":59,"column":7}}],"line":49}},"s":{"0":1,"1":45,"2":45,"3":45,"4":45,"5":45,"6":315,"7":315,"8":216,"9":99,"10":2,"11":0,"12":97,"13":0,"14":0,"15":97,"16":2,"17":45},"f":{"0":45,"1":45,"2":315,"3":0,"4":0,"5":2},"b":{"0":[216,99],"1":[2,97],"2":[99,98],"3":[0,97]},"_coverageSchema":"43e27e138ebf9cfc5966b082cf9a028302ed4184","hash":"0d01f9d9205c337d427a2026409cb73b1b8ea60a"}
,"/Users/ecuyle/Documents/HackReactor/front-end-capstone/ecuyle-service/src/components/DateModal.jsx": {"path":"/Users/ecuyle/Documents/HackReactor/front-end-capstone/ecuyle-service/src/components/DateModal.jsx","statementMap":{"0":{"start":{"line":11,"column":18},"end":{"line":46,"column":1}},"1":{"start":{"line":19,"column":6},"end":{"line":19,"column":11}},"2":{"start":{"line":21,"column":37},"end":{"line":32,"column":3}},"3":{"start":{"line":22,"column":4},"end":{"line":30,"column":5}},"4":{"start":{"line":23,"column":6},"end":{"line":29,"column":8}},"5":{"start":{"line":31,"column":4},"end":{"line":31,"column":38}},"6":{"start":{"line":34,"column":2},"end":{"line":45,"column":4}}},"fnMap":{"0":{"name":"(anonymous_0)","decl":{"start":{"line":11,"column":18},"end":{"line":11,"column":19}},"loc":{"start":{"line":11,"column":29},"end":{"line":46,"column":1}},"line":11},"1":{"name":"(anonymous_1)","decl":{"start":{"line":21,"column":37},"end":{"line":21,"column":38}},"loc":{"start":{"line":21,"column":43},"end":{"line":32,"column":3}},"line":21}},"branchMap":{"0":{"loc":{"start":{"line":22,"column":4},"end":{"line":30,"column":5}},"type":"if","locations":[{"start":{"line":22,"column":4},"end":{"line":30,"column":5}},{"start":{"line":22,"column":4},"end":{"line":30,"column":5}}],"line":22},"1":{"loc":{"start":{"line":22,"column":8},"end":{"line":22,"column":41}},"type":"binary-expr","locations":[{"start":{"line":22,"column":8},"end":{"line":22,"column":22}},{"start":{"line":22,"column":26},"end":{"line":22,"column":41}}],"line":22}},"s":{"0":1,"1":9,"2":9,"3":9,"4":2,"5":7,"6":9},"f":{"0":9,"1":9},"b":{"0":[2,7],"1":[9,8]},"_coverageSchema":"43e27e138ebf9cfc5966b082cf9a028302ed4184","hash":"3079c3dcb7d70ef3fd456f9437e6b4110d90d18f"}
,"/Users/ecuyle/Documents/HackReactor/front-end-capstone/ecuyle-service/src/components/DatePicker.jsx": {"path":"/Users/ecuyle/Documents/HackReactor/front-end-capstone/ecuyle-service/src/components/DatePicker.jsx","statementMap":{"0":{"start":{"line":19,"column":4},"end":{"line":19,"column":17}},"1":{"start":{"line":20,"column":4},"end":{"line":23,"column":6}},"2":{"start":{"line":25,"column":4},"end":{"line":25,"column":59}},"3":{"start":{"line":26,"column":4},"end":{"line":26,"column":57}},"4":{"start":{"line":27,"column":4},"end":{"line":27,"column":47}},"5":{"start":{"line":28,"column":4},"end":{"line":28,"column":49}},"6":{"start":{"line":29,"column":4},"end":{"line":29,"column":61}},"7":{"start":{"line":36,"column":8},"end":{"line":36,"column":18}},"8":{"start":{"line":37,"column":4},"end":{"line":37,"column":41}},"9":{"start":{"line":38,"column":4},"end":{"line":38,"column":43}},"10":{"start":{"line":45,"column":8},"end":{"line":45,"column":18}},"11":{"start":{"line":49,"column":8},"end":{"line":49,"column":18}},"12":{"start":{"line":50,"column":27},"end":{"line":50,"column":37}},"13":{"start":{"line":52,"column":4},"end":{"line":64,"column":5}},"14":{"start":{"line":53,"column":6},"end":{"line":63,"column":8}},"15":{"start":{"line":65,"column":4},"end":{"line":65,"column":14}},"16":{"start":{"line":69,"column":22},"end":{"line":69,"column":32}},"17":{"start":{"line":70,"column":24},"end":{"line":70,"column":34}},"18":{"start":{"line":71,"column":4},"end":{"line":75,"column":5}},"19":{"start":{"line":72,"column":6},"end":{"line":74,"column":136}},"20":{"start":{"line":73,"column":54},"end":{"line":73,"column":77}},"21":{"start":{"line":74,"column":54},"end":{"line":74,"column":77}},"22":{"start":{"line":76,"column":4},"end":{"line":78,"column":148}},"23":{"start":{"line":77,"column":48},"end":{"line":77,"column":71}},"24":{"start":{"line":78,"column":59},"end":{"line":78,"column":82}},"25":{"start":{"line":82,"column":22},"end":{"line":82,"column":32}},"26":{"start":{"line":83,"column":25},"end":{"line":83,"column":35}},"27":{"start":{"line":84,"column":4},"end":{"line":88,"column":5}},"28":{"start":{"line":85,"column":6},"end":{"line":87,"column":138}},"29":{"start":{"line":86,"column":55},"end":{"line":86,"column":78}},"30":{"start":{"line":87,"column":55},"end":{"line":87,"column":78}},"31":{"start":{"line":89,"column":4},"end":{"line":91,"column":150}},"32":{"start":{"line":90,"column":49},"end":{"line":90,"column":72}},"33":{"start":{"line":91,"column":60},"end":{"line":91,"column":83}},"34":{"start":{"line":95,"column":37},"end":{"line":95,"column":47}},"35":{"start":{"line":96,"column":4},"end":{"line":96,"column":21}},"36":{"start":{"line":97,"column":4},"end":{"line":103,"column":5}},"37":{"start":{"line":98,"column":6},"end":{"line":98,"column":24}},"38":{"start":{"line":100,"column":6},"end":{"line":102,"column":9}},"39":{"start":{"line":107,"column":37},"end":{"line":107,"column":47}},"40":{"start":{"line":108,"column":4},"end":{"line":108,"column":22}},"41":{"start":{"line":109,"column":4},"end":{"line":115,"column":5}},"42":{"start":{"line":110,"column":6},"end":{"line":112,"column":9}},"43":{"start":{"line":114,"column":6},"end":{"line":114,"column":24}},"44":{"start":{"line":119,"column":29},"end":{"line":119,"column":39}},"45":{"start":{"line":120,"column":24},"end":{"line":120,"column":39}},"46":{"start":{"line":121,"column":25},"end":{"line":121,"column":41}},"47":{"start":{"line":122,"column":4},"end":{"line":122,"column":49}},"48":{"start":{"line":122,"column":36},"end":{"line":122,"column":49}},"49":{"start":{"line":123,"column":4},"end":{"line":127,"column":5}},"50":{"start":{"line":123,"column":17},"end":{"line":123,"column":18}},"51":{"start":{"line":124,"column":31},"end":{"line":124,"column":65}},"52":{"start":{"line":125,"column":29},"end":{"line":125,"column":61}},"53":{"start":{"line":126,"column":6},"end":{"line":126,"column":88}},"54":{"start":{"line":126,"column":75},"end":{"line":126,"column":88}},"55":{"start":{"line":128,"column":4},"end":{"line":128,"column":16}},"56":{"start":{"line":132,"column":22},"end":{"line":132,"column":32}},"57":{"start":{"line":133,"column":4},"end":{"line":137,"column":5}},"58":{"start":{"line":134,"column":6},"end":{"line":134,"column":32}},"59":{"start":{"line":135,"column":11},"end":{"line":137,"column":5}},"60":{"start":{"line":136,"column":6},"end":{"line":136,"column":33}},"61":{"start":{"line":141,"column":19},"end":{"line":141,"column":27}},"62":{"start":{"line":142,"column":4},"end":{"line":142,"column":23}},"63":{"start":{"line":146,"column":32},"end":{"line":146,"column":42}},"64":{"start":{"line":147,"column":4},"end":{"line":147,"column":22}},"65":{"start":{"line":151,"column":4},"end":{"line":154,"column":7}},"66":{"start":{"line":158,"column":4},"end":{"line":161,"column":7}},"67":{"start":{"line":165,"column":4},"end":{"line":183,"column":6}}},"fnMap":{"0":{"name":"(anonymous_0)","decl":{"start":{"line":18,"column":2},"end":{"line":18,"column":3}},"loc":{"start":{"line":18,"column":21},"end":{"line":30,"column":3}},"line":18},"1":{"name":"(anonymous_1)","decl":{"start":{"line":32,"column":2},"end":{"line":32,"column":3}},"loc":{"start":{"line":32,"column":22},"end":{"line":39,"column":3}},"line":32},"2":{"name":"(anonymous_2)","decl":{"start":{"line":41,"column":2},"end":{"line":41,"column":3}},"loc":{"start":{"line":41,"column":26},"end":{"line":66,"column":3}},"line":41},"3":{"name":"(anonymous_3)","decl":{"start":{"line":68,"column":2},"end":{"line":68,"column":3}},"loc":{"start":{"line":68,"column":24},"end":{"line":79,"column":3}},"line":68},"4":{"name":"(anonymous_4)","decl":{"start":{"line":73,"column":49},"end":{"line":73,"column":50}},"loc":{"start":{"line":73,"column":54},"end":{"line":73,"column":77}},"line":73},"5":{"name":"(anonymous_5)","decl":{"start":{"line":74,"column":49},"end":{"line":74,"column":50}},"loc":{"start":{"line":74,"column":54},"end":{"line":74,"column":77}},"line":74},"6":{"name":"(anonymous_6)","decl":{"start":{"line":77,"column":43},"end":{"line":77,"column":44}},"loc":{"start":{"line":77,"column":48},"end":{"line":77,"column":71}},"line":77},"7":{"name":"(anonymous_7)","decl":{"start":{"line":78,"column":54},"end":{"line":78,"column":55}},"loc":{"start":{"line":78,"column":59},"end":{"line":78,"column":82}},"line":78},"8":{"name":"(anonymous_8)","decl":{"start":{"line":81,"column":2},"end":{"line":81,"column":3}},"loc":{"start":{"line":81,"column":25},"end":{"line":92,"column":3}},"line":81},"9":{"name":"(anonymous_9)","decl":{"start":{"line":86,"column":50},"end":{"line":86,"column":51}},"loc":{"start":{"line":86,"column":55},"end":{"line":86,"column":78}},"line":86},"10":{"name":"(anonymous_10)","decl":{"start":{"line":87,"column":50},"end":{"line":87,"column":51}},"loc":{"start":{"line":87,"column":55},"end":{"line":87,"column":78}},"line":87},"11":{"name":"(anonymous_11)","decl":{"start":{"line":90,"column":44},"end":{"line":90,"column":45}},"loc":{"start":{"line":90,"column":49},"end":{"line":90,"column":72}},"line":90},"12":{"name":"(anonymous_12)","decl":{"start":{"line":91,"column":55},"end":{"line":91,"column":56}},"loc":{"start":{"line":91,"column":60},"end":{"line":91,"column":83}},"line":91},"13":{"name":"(anonymous_13)","decl":{"start":{"line":94,"column":2},"end":{"line":94,"column":3}},"loc":{"start":{"line":94,"column":23},"end":{"line":104,"column":3}},"line":94},"14":{"name":"(anonymous_14)","decl":{"start":{"line":106,"column":2},"end":{"line":106,"column":3}},"loc":{"start":{"line":106,"column":24},"end":{"line":116,"column":3}},"line":106},"15":{"name":"(anonymous_15)","decl":{"start":{"line":118,"column":2},"end":{"line":118,"column":3}},"loc":{"start":{"line":118,"column":51},"end":{"line":129,"column":3}},"line":118},"16":{"name":"(anonymous_16)","decl":{"start":{"line":131,"column":2},"end":{"line":131,"column":3}},"loc":{"start":{"line":131,"column":23},"end":{"line":138,"column":3}},"line":131},"17":{"name":"(anonymous_17)","decl":{"start":{"line":140,"column":2},"end":{"line":140,"column":3}},"loc":{"start":{"line":140,"column":21},"end":{"line":143,"column":3}},"line":140},"18":{"name":"(anonymous_18)","decl":{"start":{"line":145,"column":2},"end":{"line":145,"column":3}},"loc":{"start":{"line":145,"column":21},"end":{"line":148,"column":3}},"line":145},"19":{"name":"(anonymous_19)","decl":{"start":{"line":150,"column":2},"end":{"line":150,"column":3}},"loc":{"start":{"line":150,"column":19},"end":{"line":155,"column":3}},"line":150},"20":{"name":"(anonymous_20)","decl":{"start":{"line":157,"column":2},"end":{"line":157,"column":3}},"loc":{"start":{"line":157,"column":20},"end":{"line":162,"column":3}},"line":157},"21":{"name":"(anonymous_21)","decl":{"start":{"line":164,"column":2},"end":{"line":164,"column":3}},"loc":{"start":{"line":164,"column":11},"end":{"line":184,"column":3}},"line":164}},"branchMap":{"0":{"loc":{"start":{"line":52,"column":4},"end":{"line":64,"column":5}},"type":"if","locations":[{"start":{"line":52,"column":4},"end":{"line":64,"column":5}},{"start":{"line":52,"column":4},"end":{"line":64,"column":5}}],"line":52},"1":{"loc":{"start":{"line":71,"column":4},"end":{"line":75,"column":5}},"type":"if","locations":[{"start":{"line":71,"column":4},"end":{"line":75,"column":5}},{"start":{"line":71,"column":4},"end":{"line":75,"column":5}}],"line":71},"2":{"loc":{"start":{"line":72,"column":13},"end":{"line":74,"column":135}},"type":"cond-expr","locations":[{"start":{"line":73,"column":10},"end":{"line":73,"column":105}},{"start":{"line":74,"column":10},"end":{"line":74,"column":135}}],"line":72},"3":{"loc":{"start":{"line":76,"column":11},"end":{"line":78,"column":147}},"type":"cond-expr","locations":[{"start":{"line":77,"column":8},"end":{"line":77,"column":95}},{"start":{"line":78,"column":8},"end":{"line":78,"column":147}}],"line":76},"4":{"loc":{"start":{"line":84,"column":4},"end":{"line":88,"column":5}},"type":"if","locations":[{"start":{"line":84,"column":4},"end":{"line":88,"column":5}},{"start":{"line":84,"column":4},"end":{"line":88,"column":5}}],"line":84},"5":{"loc":{"start":{"line":85,"column":13},"end":{"line":87,"column":137}},"type":"cond-expr","locations":[{"start":{"line":86,"column":10},"end":{"line":86,"column":107}},{"start":{"line":87,"column":10},"end":{"line":87,"column":137}}],"line":85},"6":{"loc":{"start":{"line":89,"column":11},"end":{"line":91,"column":149}},"type":"cond-expr","locations":[{"start":{"line":90,"column":8},"end":{"line":90,"column":97}},{"start":{"line":91,"column":8},"end":{"line":91,"column":149}}],"line":89},"7":{"loc":{"start":{"line":97,"column":4},"end":{"line":103,"column":5}},"type":"if","locations":[{"start":{"line":97,"column":4},"end":{"line":103,"column":5}},{"start":{"line":97,"column":4},"end":{"line":103,"column":5}}],"line":97},"8":{"loc":{"start":{"line":97,"column":8},"end":{"line":97,"column":77}},"type":"binary-expr","locations":[{"start":{"line":97,"column":8},"end":{"line":97,"column":23}},{"start":{"line":97,"column":27},"end":{"line":97,"column":77}}],"line":97},"9":{"loc":{"start":{"line":109,"column":4},"end":{"line":115,"column":5}},"type":"if","locations":[{"start":{"line":109,"column":4},"end":{"line":115,"column":5}},{"start":{"line":109,"column":4},"end":{"line":115,"column":5}}],"line":109},"10":{"loc":{"start":{"line":122,"column":4},"end":{"line":122,"column":49}},"type":"if","locations":[{"start":{"line":122,"column":4},"end":{"line":122,"column":49}},{"start":{"line":122,"column":4},"end":{"line":122,"column":49}}],"line":122},"11":{"loc":{"start":{"line":126,"column":6},"end":{"line":126,"column":88}},"type":"if","locations":[{"start":{"line":126,"column":6},"end":{"line":126,"column":88}},{"start":{"line":126,"column":6},"end":{"line":126,"column":88}}],"line":126},"12":{"loc":{"start":{"line":126,"column":10},"end":{"line":126,"column":73}},"type":"binary-expr","locations":[{"start":{"line":126,"column":10},"end":{"line":126,"column":40}},{"start":{"line":126,"column":44},"end":{"line":126,"column":73}}],"line":126},"13":{"loc":{"start":{"line":133,"column":4},"end":{"line":137,"column":5}},"type":"if","locations":[{"start":{"line":133,"column":4},"end":{"line":137,"column":5}},{"start":{"line":133,"column":4},"end":{"line":137,"column":5}}],"line":133},"14":{"loc":{"start":{"line":135,"column":11},"end":{"line":137,"column":5}},"type":"if","locations":[{"start":{"line":135,"column":11},"end":{"line":137,"column":5}},{"start":{"line":135,"column":11},"end":{"line":137,"column":5}}],"line":135}},"s":{"0":13,"1":13,"2":13,"3":13,"4":13,"5":13,"6":13,"7":13,"8":13,"9":13,"10":37,"11":37,"12":37,"13":37,"14":9,"15":28,"16":37,"17":37,"18":37,"19":6,"20":0,"21":0,"22":31,"23":3,"24":0,"25":37,"26":37,"27":37,"28":3,"29":0,"30":0,"31":34,"32":2,"33":0,"34":1,"35":1,"36":1,"37":0,"38":1,"39":1,"40":1,"41":1,"42":1,"43":0,"44":0,"45":0,"46":0,"47":0,"48":0,"49":0,"50":0,"51":0,"52":0,"53":0,"54":0,"55":0,"56":2,"57":2,"58":1,"59":1,"60":1,"61":5,"62":5,"63":0,"64":0,"65":6,"66":0,"67":37},"f":{"0":13,"1":13,"2":37,"3":37,"4":0,"5":0,"6":3,"7":0,"8":37,"9":0,"10":0,"11":2,"12":0,"13":1,"14":1,"15":0,"16":2,"17":5,"18":0,"19":6,"20":0,"21":37},"b":{"0":[9,28],"1":[6,31],"2":[6,0],"3":[29,2],"4":[3,34],"5":[3,0],"6":[32,2],"7":[0,1],"8":[1,0],"9":[1,0],"10":[0,0],"11":[0,0],"12":[0,0],"13":[1,1],"14":[1,0]},"_coverageSchema":"43e27e138ebf9cfc5966b082cf9a028302ed4184","hash":"104a41115de75bb30b6c5c5f774b3dd4b8550f70"}
,"/Users/ecuyle/Documents/HackReactor/front-end-capstone/ecuyle-service/src/components/GuestModal.jsx": {"path":"/Users/ecuyle/Documents/HackReactor/front-end-capstone/ecuyle-service/src/components/GuestModal.jsx","statementMap":{"0":{"start":{"line":13,"column":19},"end":{"line":64,"column":1}},"1":{"start":{"line":23,"column":6},"end":{"line":23,"column":11}},"2":{"start":{"line":25,"column":2},"end":{"line":63,"column":4}},"3":{"start":{"line":66,"column":0},"end":{"line":75,"column":2}},"4":{"start":{"line":77,"column":0},"end":{"line":86,"column":2}}},"fnMap":{"0":{"name":"(anonymous_0)","decl":{"start":{"line":13,"column":19},"end":{"line":13,"column":20}},"loc":{"start":{"line":13,"column":30},"end":{"line":64,"column":1}},"line":13},"1":{"name":"(anonymous_1)","decl":{"start":{"line":72,"column":25},"end":{"line":72,"column":26}},"loc":{"start":{"line":72,"column":31},"end":{"line":72,"column":33}},"line":72},"2":{"name":"(anonymous_2)","decl":{"start":{"line":73,"column":19},"end":{"line":73,"column":20}},"loc":{"start":{"line":73,"column":25},"end":{"line":73,"column":27}},"line":73},"3":{"name":"(anonymous_3)","decl":{"start":{"line":74,"column":19},"end":{"line":74,"column":20}},"loc":{"start":{"line":74,"column":25},"end":{"line":74,"column":27}},"line":74}},"branchMap":{},"s":{"0":1,"1":4,"2":4,"3":1,"4":1},"f":{"0":4,"1":0,"2":0,"3":0},"b":{},"_coverageSchema":"43e27e138ebf9cfc5966b082cf9a028302ed4184","hash":"71004fa7600267b46c9e06d0c5186e171ecee3b5"}
,"/Users/ecuyle/Documents/HackReactor/front-end-capstone/ecuyle-service/src/components/GuestModalLine.jsx": {"path":"/Users/ecuyle/Documents/HackReactor/front-end-capstone/ecuyle-service/src/components/GuestModalLine.jsx","statementMap":{"0":{"start":{"line":15,"column":23},"end":{"line":79,"column":1}},"1":{"start":{"line":24,"column":6},"end":{"line":24,"column":11}},"2":{"start":{"line":26,"column":34},"end":{"line":39,"column":3}},"3":{"start":{"line":27,"column":4},"end":{"line":33,"column":5}},"4":{"start":{"line":28,"column":6},"end":{"line":32,"column":8}},"5":{"start":{"line":29,"column":67},"end":{"line":29,"column":88}},"6":{"start":{"line":34,"column":4},"end":{"line":38,"column":6}},"7":{"start":{"line":35,"column":59},"end":{"line":35,"column":80}},"8":{"start":{"line":41,"column":34},"end":{"line":54,"column":3}},"9":{"start":{"line":42,"column":4},"end":{"line":48,"column":5}},"10":{"start":{"line":43,"column":6},"end":{"line":47,"column":8}},"11":{"start":{"line":44,"column":67},"end":{"line":44,"column":88}},"12":{"start":{"line":49,"column":4},"end":{"line":53,"column":6}},"13":{"start":{"line":50,"column":59},"end":{"line":50,"column":80}},"14":{"start":{"line":56,"column":2},"end":{"line":78,"column":4}},"15":{"start":{"line":81,"column":0},"end":{"line":89,"column":2}},"16":{"start":{"line":91,"column":0},"end":{"line":99,"column":2}}},"fnMap":{"0":{"name":"(anonymous_0)","decl":{"start":{"line":15,"column":23},"end":{"line":15,"column":24}},"loc":{"start":{"line":15,"column":34},"end":{"line":79,"column":1}},"line":15},"1":{"name":"(anonymous_1)","decl":{"start":{"line":26,"column":34},"end":{"line":26,"column":35}},"loc":{"start":{"line":26,"column":49},"end":{"line":39,"column":3}},"line":26},"2":{"name":"(anonymous_2)","decl":{"start":{"line":29,"column":61},"end":{"line":29,"column":62}},"loc":{"start":{"line":29,"column":67},"end":{"line":29,"column":88}},"line":29},"3":{"name":"(anonymous_3)","decl":{"start":{"line":35,"column":53},"end":{"line":35,"column":54}},"loc":{"start":{"line":35,"column":59},"end":{"line":35,"column":80}},"line":35},"4":{"name":"(anonymous_4)","decl":{"start":{"line":41,"column":34},"end":{"line":41,"column":35}},"loc":{"start":{"line":41,"column":49},"end":{"line":54,"column":3}},"line":41},"5":{"name":"(anonymous_5)","decl":{"start":{"line":44,"column":61},"end":{"line":44,"column":62}},"loc":{"start":{"line":44,"column":67},"end":{"line":44,"column":88}},"line":44},"6":{"name":"(anonymous_6)","decl":{"start":{"line":50,"column":53},"end":{"line":50,"column":54}},"loc":{"start":{"line":50,"column":59},"end":{"line":50,"column":80}},"line":50},"7":{"name":"(anonymous_7)","decl":{"start":{"line":87,"column":19},"end":{"line":87,"column":20}},"loc":{"start":{"line":87,"column":25},"end":{"line":87,"column":27}},"line":87},"8":{"name":"(anonymous_8)","decl":{"start":{"line":88,"column":19},"end":{"line":88,"column":20}},"loc":{"start":{"line":88,"column":25},"end":{"line":88,"column":27}},"line":88}},"branchMap":{"0":{"loc":{"start":{"line":27,"column":4},"end":{"line":33,"column":5}},"type":"if","locations":[{"start":{"line":27,"column":4},"end":{"line":33,"column":5}},{"start":{"line":27,"column":4},"end":{"line":33,"column":5}}],"line":27},"1":{"loc":{"start":{"line":42,"column":4},"end":{"line":48,"column":5}},"type":"if","locations":[{"start":{"line":42,"column":4},"end":{"line":48,"column":5}},{"start":{"line":42,"column":4},"end":{"line":48,"column":5}}],"line":42}},"s":{"0":1,"1":12,"2":12,"3":12,"4":10,"5":0,"6":2,"7":0,"8":12,"9":12,"10":9,"11":1,"12":3,"13":0,"14":12,"15":1,"16":1},"f":{"0":12,"1":12,"2":0,"3":0,"4":12,"5":1,"6":0,"7":0,"8":0},"b":{"0":[10,2],"1":[9,3]},"_coverageSchema":"43e27e138ebf9cfc5966b082cf9a028302ed4184","hash":"5ab5e4cab5899c1688215be08e2082ea6cdf47f7"}
,"/Users/ecuyle/Documents/HackReactor/front-end-capstone/ecuyle-service/src/components/GuestPicker.jsx": {"path":"/Users/ecuyle/Documents/HackReactor/front-end-capstone/ecuyle-service/src/components/GuestPicker.jsx","statementMap":{"0":{"start":{"line":19,"column":4},"end":{"line":19,"column":17}},"1":{"start":{"line":20,"column":51},"end":{"line":20,"column":61}},"2":{"start":{"line":21,"column":4},"end":{"line":26,"column":6}},"3":{"start":{"line":28,"column":4},"end":{"line":28,"column":73}},"4":{"start":{"line":29,"column":4},"end":{"line":29,"column":71}},"5":{"start":{"line":30,"column":4},"end":{"line":30,"column":59}},"6":{"start":{"line":31,"column":4},"end":{"line":31,"column":59}},"7":{"start":{"line":32,"column":4},"end":{"line":32,"column":49}},"8":{"start":{"line":33,"column":4},"end":{"line":33,"column":59}},"9":{"start":{"line":37,"column":59},"end":{"line":37,"column":69}},"10":{"start":{"line":38,"column":4},"end":{"line":38,"column":44}},"11":{"start":{"line":39,"column":4},"end":{"line":39,"column":45}},"12":{"start":{"line":43,"column":29},"end":{"line":43,"column":39}},"13":{"start":{"line":44,"column":4},"end":{"line":46,"column":99}},"14":{"start":{"line":52,"column":8},"end":{"line":52,"column":18}},"15":{"start":{"line":54,"column":38},"end":{"line":54,"column":48}},"16":{"start":{"line":56,"column":4},"end":{"line":69,"column":5}},"17":{"start":{"line":57,"column":6},"end":{"line":68,"column":8}},"18":{"start":{"line":70,"column":4},"end":{"line":70,"column":14}},"19":{"start":{"line":74,"column":51},"end":{"line":74,"column":61}},"20":{"start":{"line":75,"column":22},"end":{"line":75,"column":45}},"21":{"start":{"line":76,"column":23},"end":{"line":82,"column":5}},"22":{"start":{"line":83,"column":4},"end":{"line":91,"column":5}},"23":{"start":{"line":84,"column":6},"end":{"line":90,"column":8}},"24":{"start":{"line":92,"column":4},"end":{"line":92,"column":22}},"25":{"start":{"line":96,"column":4},"end":{"line":100,"column":7}},"26":{"start":{"line":104,"column":29},"end":{"line":104,"column":39}},"27":{"start":{"line":105,"column":4},"end":{"line":109,"column":5}},"28":{"start":{"line":106,"column":6},"end":{"line":106,"column":24}},"29":{"start":{"line":108,"column":6},"end":{"line":108,"column":23}},"30":{"start":{"line":113,"column":4},"end":{"line":113,"column":22}},"31":{"start":{"line":117,"column":4},"end":{"line":119,"column":7}},"32":{"start":{"line":123,"column":4},"end":{"line":123,"column":36}},"33":{"start":{"line":124,"column":4},"end":{"line":126,"column":7}},"34":{"start":{"line":130,"column":51},"end":{"line":130,"column":61}},"35":{"start":{"line":131,"column":38},"end":{"line":131,"column":48}},"36":{"start":{"line":132,"column":25},"end":{"line":136,"column":5}},"37":{"start":{"line":137,"column":4},"end":{"line":137,"column":40}},"38":{"start":{"line":141,"column":49},"end":{"line":141,"column":59}},"39":{"start":{"line":142,"column":38},"end":{"line":142,"column":48}},"40":{"start":{"line":143,"column":4},"end":{"line":152,"column":5}},"41":{"start":{"line":144,"column":6},"end":{"line":144,"column":67}},"42":{"start":{"line":145,"column":6},"end":{"line":145,"column":35}},"43":{"start":{"line":146,"column":11},"end":{"line":152,"column":5}},"44":{"start":{"line":147,"column":6},"end":{"line":147,"column":69}},"45":{"start":{"line":148,"column":6},"end":{"line":148,"column":37}},"46":{"start":{"line":149,"column":11},"end":{"line":152,"column":5}},"47":{"start":{"line":150,"column":6},"end":{"line":150,"column":56}},"48":{"start":{"line":151,"column":6},"end":{"line":151,"column":36}},"49":{"start":{"line":156,"column":49},"end":{"line":156,"column":59}},"50":{"start":{"line":157,"column":4},"end":{"line":166,"column":5}},"51":{"start":{"line":158,"column":6},"end":{"line":158,"column":45}},"52":{"start":{"line":159,"column":6},"end":{"line":159,"column":35}},"53":{"start":{"line":160,"column":11},"end":{"line":166,"column":5}},"54":{"start":{"line":161,"column":6},"end":{"line":161,"column":49}},"55":{"start":{"line":162,"column":6},"end":{"line":162,"column":37}},"56":{"start":{"line":163,"column":11},"end":{"line":166,"column":5}},"57":{"start":{"line":164,"column":6},"end":{"line":164,"column":47}},"58":{"start":{"line":165,"column":6},"end":{"line":165,"column":36}},"59":{"start":{"line":170,"column":4},"end":{"line":185,"column":6}},"60":{"start":{"line":189,"column":0},"end":{"line":196,"column":2}},"61":{"start":{"line":198,"column":0},"end":{"line":205,"column":2}}},"fnMap":{"0":{"name":"(anonymous_0)","decl":{"start":{"line":18,"column":2},"end":{"line":18,"column":3}},"loc":{"start":{"line":18,"column":21},"end":{"line":34,"column":3}},"line":18},"1":{"name":"(anonymous_1)","decl":{"start":{"line":36,"column":2},"end":{"line":36,"column":3}},"loc":{"start":{"line":36,"column":22},"end":{"line":40,"column":3}},"line":36},"2":{"name":"(anonymous_2)","decl":{"start":{"line":42,"column":2},"end":{"line":42,"column":3}},"loc":{"start":{"line":42,"column":28},"end":{"line":47,"column":3}},"line":42},"3":{"name":"(anonymous_3)","decl":{"start":{"line":49,"column":2},"end":{"line":49,"column":3}},"loc":{"start":{"line":49,"column":26},"end":{"line":71,"column":3}},"line":49},"4":{"name":"(anonymous_4)","decl":{"start":{"line":73,"column":2},"end":{"line":73,"column":3}},"loc":{"start":{"line":73,"column":20},"end":{"line":93,"column":3}},"line":73},"5":{"name":"(anonymous_5)","decl":{"start":{"line":95,"column":2},"end":{"line":95,"column":3}},"loc":{"start":{"line":95,"column":20},"end":{"line":101,"column":3}},"line":95},"6":{"name":"(anonymous_6)","decl":{"start":{"line":103,"column":2},"end":{"line":103,"column":3}},"loc":{"start":{"line":103,"column":27},"end":{"line":110,"column":3}},"line":103},"7":{"name":"(anonymous_7)","decl":{"start":{"line":112,"column":2},"end":{"line":112,"column":3}},"loc":{"start":{"line":112,"column":26},"end":{"line":114,"column":3}},"line":112},"8":{"name":"(anonymous_8)","decl":{"start":{"line":116,"column":2},"end":{"line":116,"column":3}},"loc":{"start":{"line":116,"column":14},"end":{"line":120,"column":3}},"line":116},"9":{"name":"(anonymous_9)","decl":{"start":{"line":122,"column":2},"end":{"line":122,"column":3}},"loc":{"start":{"line":122,"column":15},"end":{"line":127,"column":3}},"line":122},"10":{"name":"(anonymous_10)","decl":{"start":{"line":129,"column":2},"end":{"line":129,"column":3}},"loc":{"start":{"line":129,"column":29},"end":{"line":138,"column":3}},"line":129},"11":{"name":"(anonymous_11)","decl":{"start":{"line":140,"column":2},"end":{"line":140,"column":3}},"loc":{"start":{"line":140,"column":24},"end":{"line":153,"column":3}},"line":140},"12":{"name":"(anonymous_12)","decl":{"start":{"line":155,"column":2},"end":{"line":155,"column":3}},"loc":{"start":{"line":155,"column":24},"end":{"line":167,"column":3}},"line":155},"13":{"name":"(anonymous_13)","decl":{"start":{"line":169,"column":2},"end":{"line":169,"column":3}},"loc":{"start":{"line":169,"column":11},"end":{"line":186,"column":3}},"line":169},"14":{"name":"(anonymous_14)","decl":{"start":{"line":193,"column":25},"end":{"line":193,"column":26}},"loc":{"start":{"line":193,"column":31},"end":{"line":193,"column":33}},"line":193}},"branchMap":{"0":{"loc":{"start":{"line":44,"column":11},"end":{"line":46,"column":98}},"type":"cond-expr","locations":[{"start":{"line":45,"column":8},"end":{"line":45,"column":88}},{"start":{"line":46,"column":8},"end":{"line":46,"column":98}}],"line":44},"1":{"loc":{"start":{"line":56,"column":4},"end":{"line":69,"column":5}},"type":"if","locations":[{"start":{"line":56,"column":4},"end":{"line":69,"column":5}},{"start":{"line":56,"column":4},"end":{"line":69,"column":5}}],"line":56},"2":{"loc":{"start":{"line":79,"column":24},"end":{"line":79,"column":60}},"type":"cond-expr","locations":[{"start":{"line":79,"column":40},"end":{"line":79,"column":49}},{"start":{"line":79,"column":52},"end":{"line":79,"column":60}}],"line":79},"3":{"loc":{"start":{"line":83,"column":4},"end":{"line":91,"column":5}},"type":"if","locations":[{"start":{"line":83,"column":4},"end":{"line":91,"column":5}},{"start":{"line":83,"column":4},"end":{"line":91,"column":5}}],"line":83},"4":{"loc":{"start":{"line":87,"column":32},"end":{"line":87,"column":71}},"type":"cond-expr","locations":[{"start":{"line":87,"column":49},"end":{"line":87,"column":59}},{"start":{"line":87,"column":62},"end":{"line":87,"column":71}}],"line":87},"5":{"loc":{"start":{"line":105,"column":4},"end":{"line":109,"column":5}},"type":"if","locations":[{"start":{"line":105,"column":4},"end":{"line":109,"column":5}},{"start":{"line":105,"column":4},"end":{"line":109,"column":5}}],"line":105},"6":{"loc":{"start":{"line":143,"column":4},"end":{"line":152,"column":5}},"type":"if","locations":[{"start":{"line":143,"column":4},"end":{"line":152,"column":5}},{"start":{"line":143,"column":4},"end":{"line":152,"column":5}}],"line":143},"7":{"loc":{"start":{"line":146,"column":11},"end":{"line":152,"column":5}},"type":"if","locations":[{"start":{"line":146,"column":11},"end":{"line":152,"column":5}},{"start":{"line":146,"column":11},"end":{"line":152,"column":5}}],"line":146},"8":{"loc":{"start":{"line":149,"column":11},"end":{"line":152,"column":5}},"type":"if","locations":[{"start":{"line":149,"column":11},"end":{"line":152,"column":5}},{"start":{"line":149,"column":11},"end":{"line":152,"column":5}}],"line":149},"9":{"loc":{"start":{"line":157,"column":4},"end":{"line":166,"column":5}},"type":"if","locations":[{"start":{"line":157,"column":4},"end":{"line":166,"column":5}},{"start":{"line":157,"column":4},"end":{"line":166,"column":5}}],"line":157},"10":{"loc":{"start":{"line":160,"column":11},"end":{"line":166,"column":5}},"type":"if","locations":[{"start":{"line":160,"column":11},"end":{"line":166,"column":5}},{"start":{"line":160,"column":11},"end":{"line":166,"column":5}}],"line":160},"11":{"loc":{"start":{"line":163,"column":11},"end":{"line":166,"column":5}},"type":"if","locations":[{"start":{"line":163,"column":11},"end":{"line":166,"column":5}},{"start":{"line":163,"column":11},"end":{"line":166,"column":5}}],"line":163}},"s":{"0":13,"1":13,"2":13,"3":13,"4":13,"5":13,"6":13,"7":13,"8":13,"9":13,"10":13,"11":13,"12":34,"13":34,"14":34,"15":34,"16":34,"17":4,"18":30,"19":34,"20":34,"21":34,"22":34,"23":2,"24":34,"25":0,"26":3,"27":3,"28":1,"29":2,"30":0,"31":2,"32":1,"33":1,"34":1,"35":1,"36":1,"37":1,"38":1,"39":1,"40":1,"41":1,"42":1,"43":0,"44":0,"45":0,"46":0,"47":0,"48":0,"49":0,"50":0,"51":0,"52":0,"53":0,"54":0,"55":0,"56":0,"57":0,"58":0,"59":34,"60":1,"61":1},"f":{"0":13,"1":13,"2":34,"3":34,"4":34,"5":0,"6":3,"7":0,"8":2,"9":1,"10":1,"11":1,"12":0,"13":34,"14":0},"b":{"0":[30,4],"1":[4,30],"2":[2,32],"3":[2,32],"4":[2,0],"5":[1,2],"6":[1,0],"7":[0,0],"8":[0,0],"9":[0,0],"10":[0,0],"11":[0,0]},"_coverageSchema":"43e27e138ebf9cfc5966b082cf9a028302ed4184","hash":"003a1cb0dd669ba49fd52e8f3b5b63604d74bfe0"}
,"/Users/ecuyle/Documents/HackReactor/front-end-capstone/ecuyle-service/src/components/Reservation.jsx": {"path":"/Users/ecuyle/Documents/HackReactor/front-end-capstone/ecuyle-service/src/components/Reservation.jsx","statementMap":{"0":{"start":{"line":18,"column":4},"end":{"line":18,"column":17}},"1":{"start":{"line":19,"column":4},"end":{"line":32,"column":6}},"2":{"start":{"line":34,"column":4},"end":{"line":34,"column":71}},"3":{"start":{"line":35,"column":4},"end":{"line":35,"column":71}},"4":{"start":{"line":36,"column":4},"end":{"line":36,"column":61}},"5":{"start":{"line":37,"column":4},"end":{"line":37,"column":69}},"6":{"start":{"line":38,"column":4},"end":{"line":38,"column":71}},"7":{"start":{"line":39,"column":4},"end":{"line":39,"column":73}},"8":{"start":{"line":40,"column":4},"end":{"line":40,"column":65}},"9":{"start":{"line":41,"column":4},"end":{"line":41,"column":65}},"10":{"start":{"line":43,"column":4},"end":{"line":43,"column":59}},"11":{"start":{"line":44,"column":4},"end":{"line":44,"column":49}},"12":{"start":{"line":45,"column":4},"end":{"line":45,"column":51}},"13":{"start":{"line":49,"column":4},"end":{"line":49,"column":30}},"14":{"start":{"line":53,"column":27},"end":{"line":53,"column":37}},"15":{"start":{"line":54,"column":4},"end":{"line":75,"column":9}},"16":{"start":{"line":56,"column":8},"end":{"line":71,"column":13}},"17":{"start":{"line":58,"column":12},"end":{"line":67,"column":15}},"18":{"start":{"line":70,"column":12},"end":{"line":70,"column":22}},"19":{"start":{"line":74,"column":8},"end":{"line":74,"column":18}},"20":{"start":{"line":79,"column":4},"end":{"line":81,"column":7}},"21":{"start":{"line":85,"column":4},"end":{"line":87,"column":7}},"22":{"start":{"line":91,"column":4},"end":{"line":93,"column":7}},"23":{"start":{"line":97,"column":4},"end":{"line":99,"column":7}},"24":{"start":{"line":103,"column":25},"end":{"line":103,"column":35}},"25":{"start":{"line":104,"column":25},"end":{"line":104,"column":70}},"26":{"start":{"line":105,"column":26},"end":{"line":105,"column":41}},"27":{"start":{"line":106,"column":4},"end":{"line":110,"column":7}},"28":{"start":{"line":114,"column":24},"end":{"line":114,"column":34}},"29":{"start":{"line":115,"column":26},"end":{"line":115,"column":40}},"30":{"start":{"line":116,"column":4},"end":{"line":119,"column":7}},"31":{"start":{"line":123,"column":21},"end":{"line":123,"column":45}},"32":{"start":{"line":124,"column":29},"end":{"line":124,"column":39}},"33":{"start":{"line":125,"column":4},"end":{"line":125,"column":51}},"34":{"start":{"line":125,"column":35},"end":{"line":125,"column":51}},"35":{"start":{"line":126,"column":4},"end":{"line":137,"column":5}},"36":{"start":{"line":126,"column":17},"end":{"line":126,"column":18}},"37":{"start":{"line":127,"column":35},"end":{"line":127,"column":69}},"38":{"start":{"line":128,"column":33},"end":{"line":128,"column":65}},"39":{"start":{"line":129,"column":39},"end":{"line":129,"column":77}},"40":{"start":{"line":130,"column":26},"end":{"line":130,"column":41}},"41":{"start":{"line":131,"column":6},"end":{"line":133,"column":7}},"42":{"start":{"line":132,"column":8},"end":{"line":132,"column":36}},"43":{"start":{"line":134,"column":6},"end":{"line":136,"column":7}},"44":{"start":{"line":135,"column":8},"end":{"line":135,"column":40}},"45":{"start":{"line":138,"column":4},"end":{"line":138,"column":20}},"46":{"start":{"line":142,"column":21},"end":{"line":142,"column":45}},"47":{"start":{"line":143,"column":27},"end":{"line":143,"column":71}},"48":{"start":{"line":144,"column":31},"end":{"line":147,"column":5}},"49":{"start":{"line":148,"column":37},"end":{"line":151,"column":5}},"50":{"start":{"line":152,"column":4},"end":{"line":152,"column":58}},"51":{"start":{"line":156,"column":51},"end":{"line":156,"column":63}},"52":{"start":{"line":157,"column":4},"end":{"line":161,"column":7}},"53":{"start":{"line":165,"column":34},"end":{"line":165,"column":45}},"54":{"start":{"line":166,"column":4},"end":{"line":170,"column":7}},"55":{"start":{"line":174,"column":23},"end":{"line":174,"column":24}},"56":{"start":{"line":175,"column":19},"end":{"line":175,"column":25}},"57":{"start":{"line":176,"column":56},"end":{"line":176,"column":66}},"58":{"start":{"line":177,"column":4},"end":{"line":180,"column":5}},"59":{"start":{"line":178,"column":6},"end":{"line":178,"column":35}},"60":{"start":{"line":179,"column":6},"end":{"line":179,"column":27}},"61":{"start":{"line":181,"column":4},"end":{"line":183,"column":5}},"62":{"start":{"line":182,"column":6},"end":{"line":182,"column":28}},"63":{"start":{"line":187,"column":4},"end":{"line":187,"column":30}},"64":{"start":{"line":196,"column":8},"end":{"line":196,"column":18}},"65":{"start":{"line":198,"column":4},"end":{"line":211,"column":5}},"66":{"start":{"line":199,"column":6},"end":{"line":199,"column":35}},"67":{"start":{"line":200,"column":11},"end":{"line":211,"column":5}},"68":{"start":{"line":201,"column":6},"end":{"line":201,"column":36}},"69":{"start":{"line":203,"column":6},"end":{"line":210,"column":11}},"70":{"start":{"line":205,"column":10},"end":{"line":205,"column":28}},"71":{"start":{"line":206,"column":10},"end":{"line":206,"column":36}},"72":{"start":{"line":209,"column":10},"end":{"line":209,"column":20}},"73":{"start":{"line":220,"column":8},"end":{"line":220,"column":18}},"74":{"start":{"line":221,"column":32},"end":{"line":221,"column":42}},"75":{"start":{"line":222,"column":36},"end":{"line":222,"column":46}},"76":{"start":{"line":223,"column":23},"end":{"line":223,"column":85}},"77":{"start":{"line":225,"column":4},"end":{"line":225,"column":60}},"78":{"start":{"line":226,"column":4},"end":{"line":226,"column":62}},"79":{"start":{"line":228,"column":4},"end":{"line":237,"column":6}},"80":{"start":{"line":257,"column":8},"end":{"line":257,"column":18}},"81":{"start":{"line":259,"column":4},"end":{"line":300,"column":6}},"82":{"start":{"line":304,"column":0},"end":{"line":306,"column":2}},"83":{"start":{"line":308,"column":0},"end":{"line":310,"column":2}}},"fnMap":{"0":{"name":"(anonymous_0)","decl":{"start":{"line":17,"column":2},"end":{"line":17,"column":3}},"loc":{"start":{"line":17,"column":21},"end":{"line":46,"column":3}},"line":17},"1":{"name":"(anonymous_1)","decl":{"start":{"line":28,"column":25},"end":{"line":28,"column":26}},"loc":{"start":{"line":28,"column":31},"end":{"line":28,"column":33}},"line":28},"2":{"name":"(anonymous_2)","decl":{"start":{"line":29,"column":26},"end":{"line":29,"column":27}},"loc":{"start":{"line":29,"column":32},"end":{"line":29,"column":34}},"line":29},"3":{"name":"(anonymous_3)","decl":{"start":{"line":30,"column":27},"end":{"line":30,"column":28}},"loc":{"start":{"line":30,"column":33},"end":{"line":30,"column":35}},"line":30},"4":{"name":"(anonymous_4)","decl":{"start":{"line":31,"column":23},"end":{"line":31,"column":24}},"loc":{"start":{"line":31,"column":29},"end":{"line":31,"column":31}},"line":31},"5":{"name":"(anonymous_5)","decl":{"start":{"line":48,"column":2},"end":{"line":48,"column":3}},"loc":{"start":{"line":48,"column":22},"end":{"line":50,"column":3}},"line":48},"6":{"name":"(anonymous_6)","decl":{"start":{"line":52,"column":2},"end":{"line":52,"column":3}},"loc":{"start":{"line":52,"column":23},"end":{"line":76,"column":3}},"line":52},"7":{"name":"(anonymous_7)","decl":{"start":{"line":55,"column":12},"end":{"line":55,"column":13}},"loc":{"start":{"line":55,"column":26},"end":{"line":72,"column":7}},"line":55},"8":{"name":"(anonymous_8)","decl":{"start":{"line":57,"column":16},"end":{"line":57,"column":17}},"loc":{"start":{"line":57,"column":34},"end":{"line":68,"column":11}},"line":57},"9":{"name":"(anonymous_9)","decl":{"start":{"line":69,"column":17},"end":{"line":69,"column":18}},"loc":{"start":{"line":69,"column":26},"end":{"line":71,"column":11}},"line":69},"10":{"name":"(anonymous_10)","decl":{"start":{"line":73,"column":13},"end":{"line":73,"column":14}},"loc":{"start":{"line":73,"column":22},"end":{"line":75,"column":7}},"line":73},"11":{"name":"(anonymous_11)","decl":{"start":{"line":78,"column":2},"end":{"line":78,"column":3}},"loc":{"start":{"line":78,"column":42},"end":{"line":82,"column":3}},"line":78},"12":{"name":"(anonymous_12)","decl":{"start":{"line":84,"column":2},"end":{"line":84,"column":3}},"loc":{"start":{"line":84,"column":44},"end":{"line":88,"column":3}},"line":84},"13":{"name":"(anonymous_13)","decl":{"start":{"line":90,"column":2},"end":{"line":90,"column":3}},"loc":{"start":{"line":90,"column":46},"end":{"line":94,"column":3}},"line":90},"14":{"name":"(anonymous_14)","decl":{"start":{"line":96,"column":2},"end":{"line":96,"column":3}},"loc":{"start":{"line":96,"column":38},"end":{"line":100,"column":3}},"line":96},"15":{"name":"(anonymous_15)","decl":{"start":{"line":102,"column":2},"end":{"line":102,"column":3}},"loc":{"start":{"line":102,"column":22},"end":{"line":111,"column":3}},"line":102},"16":{"name":"(anonymous_16)","decl":{"start":{"line":113,"column":2},"end":{"line":113,"column":3}},"loc":{"start":{"line":113,"column":24},"end":{"line":120,"column":3}},"line":113},"17":{"name":"(anonymous_17)","decl":{"start":{"line":122,"column":2},"end":{"line":122,"column":3}},"loc":{"start":{"line":122,"column":42},"end":{"line":139,"column":3}},"line":122},"18":{"name":"(anonymous_18)","decl":{"start":{"line":141,"column":2},"end":{"line":141,"column":3}},"loc":{"start":{"line":141,"column":43},"end":{"line":153,"column":3}},"line":141},"19":{"name":"(anonymous_19)","decl":{"start":{"line":155,"column":2},"end":{"line":155,"column":3}},"loc":{"start":{"line":155,"column":38},"end":{"line":162,"column":3}},"line":155},"20":{"name":"(anonymous_20)","decl":{"start":{"line":164,"column":2},"end":{"line":164,"column":3}},"loc":{"start":{"line":164,"column":37},"end":{"line":171,"column":3}},"line":164},"21":{"name":"(anonymous_21)","decl":{"start":{"line":173,"column":2},"end":{"line":173,"column":3}},"loc":{"start":{"line":173,"column":22},"end":{"line":184,"column":3}},"line":173},"22":{"name":"(anonymous_22)","decl":{"start":{"line":186,"column":2},"end":{"line":186,"column":3}},"loc":{"start":{"line":186,"column":20},"end":{"line":188,"column":3}},"line":186},"23":{"name":"(anonymous_23)","decl":{"start":{"line":190,"column":2},"end":{"line":190,"column":3}},"loc":{"start":{"line":190,"column":23},"end":{"line":212,"column":3}},"line":190},"24":{"name":"(anonymous_24)","decl":{"start":{"line":204,"column":14},"end":{"line":204,"column":15}},"loc":{"start":{"line":204,"column":20},"end":{"line":207,"column":9}},"line":204},"25":{"name":"(anonymous_25)","decl":{"start":{"line":208,"column":15},"end":{"line":208,"column":16}},"loc":{"start":{"line":208,"column":24},"end":{"line":210,"column":9}},"line":208},"26":{"name":"(anonymous_26)","decl":{"start":{"line":214,"column":2},"end":{"line":214,"column":3}},"loc":{"start":{"line":214,"column":21},"end":{"line":238,"column":3}},"line":214},"27":{"name":"(anonymous_27)","decl":{"start":{"line":240,"column":2},"end":{"line":240,"column":3}},"loc":{"start":{"line":240,"column":11},"end":{"line":301,"column":3}},"line":240}},"branchMap":{"0":{"loc":{"start":{"line":125,"column":4},"end":{"line":125,"column":51}},"type":"if","locations":[{"start":{"line":125,"column":4},"end":{"line":125,"column":51}},{"start":{"line":125,"column":4},"end":{"line":125,"column":51}}],"line":125},"1":{"loc":{"start":{"line":131,"column":6},"end":{"line":133,"column":7}},"type":"if","locations":[{"start":{"line":131,"column":6},"end":{"line":133,"column":7}},{"start":{"line":131,"column":6},"end":{"line":133,"column":7}}],"line":131},"2":{"loc":{"start":{"line":134,"column":6},"end":{"line":136,"column":7}},"type":"if","locations":[{"start":{"line":134,"column":6},"end":{"line":136,"column":7}},{"start":{"line":134,"column":6},"end":{"line":136,"column":7}}],"line":134},"3":{"loc":{"start":{"line":134,"column":10},"end":{"line":134,"column":84}},"type":"binary-expr","locations":[{"start":{"line":134,"column":10},"end":{"line":134,"column":48}},{"start":{"line":134,"column":52},"end":{"line":134,"column":84}}],"line":134},"4":{"loc":{"start":{"line":177,"column":4},"end":{"line":180,"column":5}},"type":"if","locations":[{"start":{"line":177,"column":4},"end":{"line":180,"column":5}},{"start":{"line":177,"column":4},"end":{"line":180,"column":5}}],"line":177},"5":{"loc":{"start":{"line":177,"column":8},"end":{"line":177,"column":143}},"type":"binary-expr","locations":[{"start":{"line":177,"column":8},"end":{"line":177,"column":24}},{"start":{"line":177,"column":28},"end":{"line":177,"column":45}},{"start":{"line":177,"column":49},"end":{"line":177,"column":85}},{"start":{"line":177,"column":89},"end":{"line":177,"column":143}}],"line":177},"6":{"loc":{"start":{"line":181,"column":4},"end":{"line":183,"column":5}},"type":"if","locations":[{"start":{"line":181,"column":4},"end":{"line":183,"column":5}},{"start":{"line":181,"column":4},"end":{"line":183,"column":5}}],"line":181},"7":{"loc":{"start":{"line":181,"column":8},"end":{"line":181,"column":104}},"type":"binary-expr","locations":[{"start":{"line":181,"column":8},"end":{"line":181,"column":45}},{"start":{"line":181,"column":49},"end":{"line":181,"column":104}}],"line":181},"8":{"loc":{"start":{"line":198,"column":4},"end":{"line":211,"column":5}},"type":"if","locations":[{"start":{"line":198,"column":4},"end":{"line":211,"column":5}},{"start":{"line":198,"column":4},"end":{"line":211,"column":5}}],"line":198},"9":{"loc":{"start":{"line":200,"column":11},"end":{"line":211,"column":5}},"type":"if","locations":[{"start":{"line":200,"column":11},"end":{"line":211,"column":5}},{"start":{"line":200,"column":11},"end":{"line":211,"column":5}}],"line":200},"10":{"loc":{"start":{"line":295,"column":10},"end":{"line":297,"column":14}},"type":"cond-expr","locations":[{"start":{"line":296,"column":12},"end":{"line":296,"column":65}},{"start":{"line":297,"column":12},"end":{"line":297,"column":14}}],"line":295}},"s":{"0":13,"1":13,"2":13,"3":13,"4":13,"5":13,"6":13,"7":13,"8":13,"9":13,"10":13,"11":13,"12":13,"13":13,"14":13,"15":13,"16":0,"17":0,"18":0,"19":0,"20":13,"21":13,"22":13,"23":13,"24":1,"25":1,"26":1,"27":1,"28":1,"29":1,"30":1,"31":1,"32":1,"33":1,"34":0,"35":1,"36":1,"37":0,"38":0,"39":0,"40":0,"41":0,"42":0,"43":0,"44":0,"45":1,"46":1,"47":1,"48":1,"49":1,"50":1,"51":1,"52":1,"53":0,"54":0,"55":13,"56":13,"57":13,"58":13,"59":0,"60":0,"61":13,"62":0,"63":0,"64":2,"65":2,"66":1,"67":1,"68":0,"69":1,"70":0,"71":0,"72":0,"73":1,"74":1,"75":1,"76":1,"77":1,"78":1,"79":1,"80":30,"81":30,"82":1,"83":1},"f":{"0":13,"1":0,"2":0,"3":0,"4":0,"5":13,"6":13,"7":0,"8":0,"9":0,"10":0,"11":13,"12":13,"13":13,"14":13,"15":1,"16":1,"17":1,"18":1,"19":1,"20":0,"21":13,"22":0,"23":2,"24":0,"25":0,"26":1,"27":30},"b":{"0":[0,1],"1":[0,0],"2":[0,0],"3":[0,0],"4":[0,13],"5":[13,10,8,0],"6":[0,13],"7":[13,0],"8":[1,1],"9":[0,1],"10":[0,30]},"_coverageSchema":"43e27e138ebf9cfc5966b082cf9a028302ed4184","hash":"9ad0a4c33f5e9e85e043a1906990567ebc0c4203"}
,"/Users/ecuyle/Documents/HackReactor/front-end-capstone/ecuyle-service/src/components/ReservationConfirmation.jsx": {"path":"/Users/ecuyle/Documents/HackReactor/front-end-capstone/ecuyle-service/src/components/ReservationConfirmation.jsx","statementMap":{"0":{"start":{"line":16,"column":32},"end":{"line":79,"column":1}},"1":{"start":{"line":23,"column":6},"end":{"line":23,"column":11}},"2":{"start":{"line":25,"column":23},"end":{"line":27,"column":3}},"3":{"start":{"line":26,"column":4},"end":{"line":26,"column":47}},"4":{"start":{"line":29,"column":21},"end":{"line":29,"column":38}},"5":{"start":{"line":31,"column":41},"end":{"line":33,"column":3}},"6":{"start":{"line":32,"column":4},"end":{"line":32,"column":50}},"7":{"start":{"line":35,"column":46},"end":{"line":37,"column":3}},"8":{"start":{"line":36,"column":4},"end":{"line":36,"column":68}},"9":{"start":{"line":39,"column":43},"end":{"line":41,"column":3}},"10":{"start":{"line":40,"column":4},"end":{"line":40,"column":62}},"11":{"start":{"line":43,"column":33},"end":{"line":45,"column":3}},"12":{"start":{"line":44,"column":4},"end":{"line":44,"column":51}},"13":{"start":{"line":47,"column":37},"end":{"line":64,"column":3}},"14":{"start":{"line":48,"column":4},"end":{"line":63,"column":20}},"15":{"start":{"line":66,"column":2},"end":{"line":78,"column":4}}},"fnMap":{"0":{"name":"(anonymous_0)","decl":{"start":{"line":16,"column":32},"end":{"line":16,"column":33}},"loc":{"start":{"line":16,"column":43},"end":{"line":79,"column":1}},"line":16},"1":{"name":"(anonymous_1)","decl":{"start":{"line":25,"column":23},"end":{"line":25,"column":24}},"loc":{"start":{"line":26,"column":4},"end":{"line":26,"column":47}},"line":26},"2":{"name":"(anonymous_2)","decl":{"start":{"line":31,"column":41},"end":{"line":31,"column":42}},"loc":{"start":{"line":32,"column":4},"end":{"line":32,"column":50}},"line":32},"3":{"name":"(anonymous_3)","decl":{"start":{"line":35,"column":46},"end":{"line":35,"column":47}},"loc":{"start":{"line":36,"column":4},"end":{"line":36,"column":68}},"line":36},"4":{"name":"(anonymous_4)","decl":{"start":{"line":39,"column":43},"end":{"line":39,"column":44}},"loc":{"start":{"line":40,"column":4},"end":{"line":40,"column":62}},"line":40},"5":{"name":"(anonymous_5)","decl":{"start":{"line":43,"column":33},"end":{"line":43,"column":34}},"loc":{"start":{"line":44,"column":4},"end":{"line":44,"column":51}},"line":44},"6":{"name":"(anonymous_6)","decl":{"start":{"line":47,"column":37},"end":{"line":47,"column":38}},"loc":{"start":{"line":48,"column":4},"end":{"line":63,"column":20}},"line":48}},"branchMap":{"0":{"loc":{"start":{"line":68,"column":8},"end":{"line":68,"column":57}},"type":"cond-expr","locations":[{"start":{"line":68,"column":24},"end":{"line":68,"column":52}},{"start":{"line":68,"column":55},"end":{"line":68,"column":57}}],"line":68}},"s":{"0":1,"1":30,"2":30,"3":30,"4":30,"5":30,"6":0,"7":30,"8":0,"9":30,"10":0,"11":30,"12":0,"13":30,"14":0,"15":30},"f":{"0":30,"1":30,"2":0,"3":0,"4":0,"5":0,"6":0},"b":{"0":[0,30]},"_coverageSchema":"43e27e138ebf9cfc5966b082cf9a028302ed4184","hash":"f2e0376c0656f9d3e230703cfa5b0f812fc51ee3"}
,"/Users/ecuyle/Documents/HackReactor/front-end-capstone/ecuyle-service/src/components/ReservationDetails.jsx": {"path":"/Users/ecuyle/Documents/HackReactor/front-end-capstone/ecuyle-service/src/components/ReservationDetails.jsx","statementMap":{"0":{"start":{"line":13,"column":27},"end":{"line":53,"column":1}},"1":{"start":{"line":14,"column":28},"end":{"line":19,"column":3}},"2":{"start":{"line":15,"column":4},"end":{"line":17,"column":5}},"3":{"start":{"line":15,"column":17},"end":{"line":15,"column":29}},"4":{"start":{"line":16,"column":6},"end":{"line":16,"column":48}},"5":{"start":{"line":18,"column":4},"end":{"line":18,"column":17}},"6":{"start":{"line":21,"column":19},"end":{"line":30,"column":3}},"7":{"start":{"line":22,"column":18},"end":{"line":22,"column":20}},"8":{"start":{"line":23,"column":4},"end":{"line":25,"column":5}},"9":{"start":{"line":23,"column":17},"end":{"line":23,"column":18}},"10":{"start":{"line":24,"column":6},"end":{"line":24,"column":47}},"11":{"start":{"line":26,"column":4},"end":{"line":28,"column":5}},"12":{"start":{"line":27,"column":6},"end":{"line":27,"column":58}},"13":{"start":{"line":29,"column":4},"end":{"line":29,"column":36}},"14":{"start":{"line":32,"column":59},"end":{"line":32,"column":64}},"15":{"start":{"line":34,"column":2},"end":{"line":52,"column":4}},"16":{"start":{"line":55,"column":0},"end":{"line":59,"column":2}},"17":{"start":{"line":61,"column":0},"end":{"line":65,"column":2}}},"fnMap":{"0":{"name":"(anonymous_0)","decl":{"start":{"line":13,"column":27},"end":{"line":13,"column":28}},"loc":{"start":{"line":13,"column":38},"end":{"line":53,"column":1}},"line":13},"1":{"name":"(anonymous_1)","decl":{"start":{"line":14,"column":28},"end":{"line":14,"column":29}},"loc":{"start":{"line":14,"column":39},"end":{"line":19,"column":3}},"line":14},"2":{"name":"(anonymous_2)","decl":{"start":{"line":21,"column":19},"end":{"line":21,"column":20}},"loc":{"start":{"line":21,"column":38},"end":{"line":30,"column":3}},"line":21}},"branchMap":{"0":{"loc":{"start":{"line":26,"column":4},"end":{"line":28,"column":5}},"type":"if","locations":[{"start":{"line":26,"column":4},"end":{"line":28,"column":5}},{"start":{"line":26,"column":4},"end":{"line":28,"column":5}}],"line":26}},"s":{"0":1,"1":30,"2":30,"3":30,"4":150,"5":30,"6":30,"7":30,"8":30,"9":30,"10":0,"11":30,"12":0,"13":30,"14":30,"15":30,"16":1,"17":1},"f":{"0":30,"1":30,"2":30},"b":{"0":[0,30]},"_coverageSchema":"43e27e138ebf9cfc5966b082cf9a028302ed4184","hash":"05a6512590854267ad8f410a5f2d0b9b7737d114"}
,"/Users/ecuyle/Documents/HackReactor/front-end-capstone/ecuyle-service/src/components/ReservationHook.jsx": {"path":"/Users/ecuyle/Documents/HackReactor/front-end-capstone/ecuyle-service/src/components/ReservationHook.jsx","statementMap":{"0":{"start":{"line":12,"column":24},"end":{"line":25,"column":1}},"1":{"start":{"line":13,"column":2},"end":{"line":24,"column":12}}},"fnMap":{"0":{"name":"(anonymous_0)","decl":{"start":{"line":12,"column":24},"end":{"line":12,"column":25}},"loc":{"start":{"line":13,"column":2},"end":{"line":24,"column":12}},"line":13}},"branchMap":{},"s":{"0":1,"1":1},"f":{"0":1},"b":{},"_coverageSchema":"43e27e138ebf9cfc5966b082cf9a028302ed4184","hash":"234589c36524f85f7ac0447bae9eb5de1570c007"}
,"/Users/ecuyle/Documents/HackReactor/front-end-capstone/ecuyle-service/src/components/Star.jsx": {"path":"/Users/ecuyle/Documents/HackReactor/front-end-capstone/ecuyle-service/src/components/Star.jsx","statementMap":{"0":{"start":{"line":4,"column":13},"end":{"line":14,"column":1}},"1":{"start":{"line":6,"column":19},"end":{"line":6,"column":24}},"2":{"start":{"line":7,"column":2},"end":{"line":7,"column":47}},"3":{"start":{"line":7,"column":23},"end":{"line":7,"column":47}},"4":{"start":{"line":8,"column":2},"end":{"line":8,"column":58}},"5":{"start":{"line":8,"column":23},"end":{"line":8,"column":58}},"6":{"start":{"line":9,"column":2},"end":{"line":9,"column":56}},"7":{"start":{"line":9,"column":24},"end":{"line":9,"column":56}},"8":{"start":{"line":11,"column":2},"end":{"line":13,"column":4}},"9":{"start":{"line":16,"column":0},"end":{"line":18,"column":2}}},"fnMap":{"0":{"name":"(anonymous_0)","decl":{"start":{"line":4,"column":13},"end":{"line":4,"column":14}},"loc":{"start":{"line":4,"column":24},"end":{"line":14,"column":1}},"line":4}},"branchMap":{"0":{"loc":{"start":{"line":7,"column":2},"end":{"line":7,"column":47}},"type":"if","locations":[{"start":{"line":7,"column":2},"end":{"line":7,"column":47}},{"start":{"line":7,"column":2},"end":{"line":7,"column":47}}],"line":7},"1":{"loc":{"start":{"line":8,"column":2},"end":{"line":8,"column":58}},"type":"if","locations":[{"start":{"line":8,"column":2},"end":{"line":8,"column":58}},{"start":{"line":8,"column":2},"end":{"line":8,"column":58}}],"line":8},"2":{"loc":{"start":{"line":9,"column":2},"end":{"line":9,"column":56}},"type":"if","locations":[{"start":{"line":9,"column":2},"end":{"line":9,"column":56}},{"start":{"line":9,"column":2},"end":{"line":9,"column":56}}],"line":9}},"s":{"0":1,"1":153,"2":153,"3":1,"4":153,"5":1,"6":153,"7":151,"8":153,"9":1},"f":{"0":153},"b":{"0":[1,152],"1":[1,152],"2":[151,2]},"_coverageSchema":"43e27e138ebf9cfc5966b082cf9a028302ed4184","hash":"4b7882d5d10ece678acd9a554c9f698f971862bb"}
,"/Users/ecuyle/Documents/HackReactor/front-end-capstone/ecuyle-service/src/controller/index.js": {"path":"/Users/ecuyle/Documents/HackReactor/front-end-capstone/ecuyle-service/src/controller/index.js","statementMap":{"0":{"start":{"line":3,"column":19},"end":{"line":33,"column":1}},"1":{"start":{"line":4,"column":41},"end":{"line":12,"column":4}},"2":{"start":{"line":5,"column":4},"end":{"line":11,"column":9}},"3":{"start":{"line":7,"column":8},"end":{"line":7,"column":34}},"4":{"start":{"line":10,"column":8},"end":{"line":10,"column":20}},"5":{"start":{"line":14,"column":46},"end":{"line":22,"column":4}},"6":{"start":{"line":15,"column":4},"end":{"line":21,"column":9}},"7":{"start":{"line":17,"column":8},"end":{"line":17,"column":31}},"8":{"start":{"line":20,"column":8},"end":{"line":20,"column":20}},"9":{"start":{"line":24,"column":47},"end":{"line":32,"column":4}},"10":{"start":{"line":25,"column":4},"end":{"line":31,"column":9}},"11":{"start":{"line":27,"column":8},"end":{"line":27,"column":26}},"12":{"start":{"line":30,"column":8},"end":{"line":30,"column":20}}},"fnMap":{"0":{"name":"(anonymous_0)","decl":{"start":{"line":4,"column":26},"end":{"line":4,"column":27}},"loc":{"start":{"line":4,"column":41},"end":{"line":12,"column":4}},"line":4},"1":{"name":"(anonymous_1)","decl":{"start":{"line":4,"column":53},"end":{"line":4,"column":54}},"loc":{"start":{"line":4,"column":74},"end":{"line":12,"column":3}},"line":4},"2":{"name":"(anonymous_2)","decl":{"start":{"line":6,"column":12},"end":{"line":6,"column":13}},"loc":{"start":{"line":6,"column":26},"end":{"line":8,"column":7}},"line":6},"3":{"name":"(anonymous_3)","decl":{"start":{"line":9,"column":13},"end":{"line":9,"column":14}},"loc":{"start":{"line":9,"column":22},"end":{"line":11,"column":7}},"line":9},"4":{"name":"(anonymous_4)","decl":{"start":{"line":14,"column":31},"end":{"line":14,"column":32}},"loc":{"start":{"line":14,"column":46},"end":{"line":22,"column":4}},"line":14},"5":{"name":"(anonymous_5)","decl":{"start":{"line":14,"column":58},"end":{"line":14,"column":59}},"loc":{"start":{"line":14,"column":79},"end":{"line":22,"column":3}},"line":14},"6":{"name":"(anonymous_6)","decl":{"start":{"line":16,"column":12},"end":{"line":16,"column":13}},"loc":{"start":{"line":16,"column":26},"end":{"line":18,"column":7}},"line":16},"7":{"name":"(anonymous_7)","decl":{"start":{"line":19,"column":13},"end":{"line":19,"column":14}},"loc":{"start":{"line":19,"column":22},"end":{"line":21,"column":7}},"line":19},"8":{"name":"(anonymous_8)","decl":{"start":{"line":24,"column":31},"end":{"line":24,"column":32}},"loc":{"start":{"line":24,"column":47},"end":{"line":32,"column":4}},"line":24},"9":{"name":"(anonymous_9)","decl":{"start":{"line":24,"column":59},"end":{"line":24,"column":60}},"loc":{"start":{"line":24,"column":80},"end":{"line":32,"column":3}},"line":24},"10":{"name":"(anonymous_10)","decl":{"start":{"line":26,"column":12},"end":{"line":26,"column":13}},"loc":{"start":{"line":26,"column":26},"end":{"line":28,"column":7}},"line":26},"11":{"name":"(anonymous_11)","decl":{"start":{"line":29,"column":13},"end":{"line":29,"column":14}},"loc":{"start":{"line":29,"column":22},"end":{"line":31,"column":7}},"line":29}},"branchMap":{},"s":{"0":1,"1":14,"2":14,"3":0,"4":0,"5":2,"6":2,"7":0,"8":0,"9":2,"10":2,"11":0,"12":0},"f":{"0":14,"1":14,"2":0,"3":0,"4":2,"5":2,"6":0,"7":0,"8":2,"9":2,"10":0,"11":0},"b":{},"_coverageSchema":"43e27e138ebf9cfc5966b082cf9a028302ed4184","hash":"eb0bd6812ff0950373c9731df155c10249f80e5e"}
,"/Users/ecuyle/Documents/HackReactor/front-end-capstone/ecuyle-service/src/styles/Reservation.jsx": {"path":"/Users/ecuyle/Documents/HackReactor/front-end-capstone/ecuyle-service/src/styles/Reservation.jsx","statementMap":{"0":{"start":{"line":4,"column":26},"end":{"line":13,"column":1}}},"fnMap":{},"branchMap":{},"s":{"0":1},"f":{},"b":{},"_coverageSchema":"43e27e138ebf9cfc5966b082cf9a028302ed4184","hash":"d63039356564d5e2e1a501f691cc69c305552594"}
,"/Users/ecuyle/Documents/HackReactor/front-end-capstone/ecuyle-service/src/styles/common.jsx": {"path":"/Users/ecuyle/Documents/HackReactor/front-end-capstone/ecuyle-service/src/styles/common.jsx","statementMap":{"0":{"start":{"line":6,"column":22},"end":{"line":16,"column":1}},"1":{"start":{"line":21,"column":20},"end":{"line":27,"column":1}},"2":{"start":{"line":29,"column":22},"end":{"line":35,"column":1}},"3":{"start":{"line":37,"column":22},"end":{"line":41,"column":1}},"4":{"start":{"line":43,"column":27},"end":{"line":45,"column":1}},"5":{"start":{"line":47,"column":26},"end":{"line":49,"column":1}},"6":{"start":{"line":51,"column":22},"end":{"line":57,"column":1}},"7":{"start":{"line":59,"column":27},"end":{"line":64,"column":1}},"8":{"start":{"line":66,"column":27},"end":{"line":70,"column":1}},"9":{"start":{"line":72,"column":26},"end":{"line":74,"column":1}},"10":{"start":{"line":76,"column":32},"end":{"line":82,"column":1}},"11":{"start":{"line":84,"column":25},"end":{"line":90,"column":1}},"12":{"start":{"line":92,"column":21},"end":{"line":96,"column":1}},"13":{"start":{"line":101,"column":34},"end":{"line":113,"column":1}},"14":{"start":{"line":115,"column":28},"end":{"line":129,"column":1}},"15":{"start":{"line":131,"column":34},"end":{"line":137,"column":1}},"16":{"start":{"line":139,"column":26},"end":{"line":152,"column":1}},"17":{"start":{"line":157,"column":26},"end":{"line":162,"column":1}},"18":{"start":{"line":164,"column":31},"end":{"line":169,"column":1}},"19":{"start":{"line":171,"column":23},"end":{"line":174,"column":1}},"20":{"start":{"line":176,"column":26},"end":{"line":181,"column":1}},"21":{"start":{"line":183,"column":31},"end":{"line":187,"column":1}},"22":{"start":{"line":189,"column":33},"end":{"line":198,"column":1}},"23":{"start":{"line":200,"column":27},"end":{"line":202,"column":1}},"24":{"start":{"line":204,"column":26},"end":{"line":207,"column":1}},"25":{"start":{"line":209,"column":29},"end":{"line":209,"column":49}},"26":{"start":{"line":211,"column":30},"end":{"line":211,"column":50}},"27":{"start":{"line":213,"column":27},"end":{"line":216,"column":1}},"28":{"start":{"line":218,"column":28},"end":{"line":220,"column":1}},"29":{"start":{"line":222,"column":31},"end":{"line":226,"column":1}},"30":{"start":{"line":228,"column":27},"end":{"line":229,"column":1}},"31":{"start":{"line":231,"column":28},"end":{"line":232,"column":1}},"32":{"start":{"line":234,"column":32},"end":{"line":237,"column":1}},"33":{"start":{"line":239,"column":29},"end":{"line":241,"column":1}},"34":{"start":{"line":243,"column":30},"end":{"line":245,"column":1}},"35":{"start":{"line":247,"column":31},"end":{"line":249,"column":1}},"36":{"start":{"line":251,"column":35},"end":{"line":257,"column":1}},"37":{"start":{"line":259,"column":29},"end":{"line":260,"column":1}},"38":{"start":{"line":262,"column":32},"end":{"line":267,"column":1}},"39":{"start":{"line":272,"column":21},"end":{"line":281,"column":1}},"40":{"start":{"line":283,"column":29},"end":{"line":288,"column":1}},"41":{"start":{"line":290,"column":29},"end":{"line":293,"column":1}},"42":{"start":{"line":295,"column":30},"end":{"line":297,"column":1}},"43":{"start":{"line":299,"column":31},"end":{"line":301,"column":1}},"44":{"start":{"line":306,"column":30},"end":{"line":312,"column":1}},"45":{"start":{"line":314,"column":33},"end":{"line":317,"column":1}},"46":{"start":{"line":319,"column":36},"end":{"line":324,"column":1}},"47":{"start":{"line":326,"column":25},"end":{"line":336,"column":1}},"48":{"start":{"line":338,"column":36},"end":{"line":343,"column":1}},"49":{"start":{"line":345,"column":33},"end":{"line":350,"column":1}},"50":{"start":{"line":352,"column":31},"end":{"line":356,"column":1}},"51":{"start":{"line":358,"column":29},"end":{"line":361,"column":1}},"52":{"start":{"line":363,"column":37},"end":{"line":365,"column":1}},"53":{"start":{"line":367,"column":35},"end":{"line":370,"column":1}},"54":{"start":{"line":372,"column":35},"end":{"line":376,"column":1}},"55":{"start":{"line":378,"column":31},"end":{"line":383,"column":1}},"56":{"start":{"line":385,"column":38},"end":{"line":387,"column":1}},"57":{"start":{"line":389,"column":36},"end":{"line":402,"column":1}},"58":{"start":{"line":404,"column":37},"end":{"line":411,"column":1}},"59":{"start":{"line":413,"column":38},"end":{"line":420,"column":1}},"60":{"start":{"line":422,"column":36},"end":{"line":425,"column":1}}},"fnMap":{},"branchMap":{},"s":{"0":1,"1":1,"2":1,"3":1,"4":1,"5":1,"6":1,"7":1,"8":1,"9":1,"10":1,"11":1,"12":1,"13":1,"14":1,"15":1,"16":1,"17":1,"18":1,"19":1,"20":1,"21":1,"22":1,"23":1,"24":1,"25":1,"26":1,"27":1,"28":1,"29":1,"30":1,"31":1,"32":1,"33":1,"34":1,"35":1,"36":1,"37":1,"38":1,"39":1,"40":1,"41":1,"42":1,"43":1,"44":1,"45":1,"46":1,"47":1,"48":1,"49":1,"50":1,"51":1,"52":1,"53":1,"54":1,"55":1,"56":1,"57":1,"58":1,"59":1,"60":1},"f":{},"b":{},"_coverageSchema":"43e27e138ebf9cfc5966b082cf9a028302ed4184","hash":"5c288c6169a20b3f1a0e8b07f92546acdfbdd38c"}
}
