{"/Users/ecuyle/Documents/HackReactor/front-end-capstone/ecuyle-service/src/DateIterator.js": {"path":"/Users/ecuyle/Documents/HackReactor/front-end-capstone/ecuyle-service/src/DateIterator.js","statementMap":{"0":{"start":{"line":1,"column":21},"end":{"line":20,"column":1}},"1":{"start":{"line":4,"column":10},"end":{"line":4,"column":11}},"2":{"start":{"line":5,"column":19},"end":{"line":5,"column":43}},"3":{"start":{"line":6,"column":16},"end":{"line":6,"column":24}},"4":{"start":{"line":7,"column":18},"end":{"line":7,"column":46}},"5":{"start":{"line":8,"column":19},"end":{"line":18,"column":3}},"6":{"start":{"line":9,"column":4},"end":{"line":16,"column":5}},"7":{"start":{"line":10,"column":6},"end":{"line":10,"column":41}},"8":{"start":{"line":11,"column":6},"end":{"line":11,"column":13}},"9":{"start":{"line":12,"column":6},"end":{"line":14,"column":7}},"10":{"start":{"line":13,"column":8},"end":{"line":13,"column":23}},"11":{"start":{"line":15,"column":6},"end":{"line":15,"column":18}},"12":{"start":{"line":17,"column":4},"end":{"line":17,"column":19}},"13":{"start":{"line":19,"column":2},"end":{"line":19,"column":18}}},"fnMap":{"0":{"name":"(anonymous_0)","decl":{"start":{"line":1,"column":21},"end":{"line":1,"column":22}},"loc":{"start":{"line":1,"column":38},"end":{"line":20,"column":1}},"line":1},"1":{"name":"(anonymous_1)","decl":{"start":{"line":8,"column":19},"end":{"line":8,"column":20}},"loc":{"start":{"line":8,"column":45},"end":{"line":18,"column":3}},"line":8}},"branchMap":{"0":{"loc":{"start":{"line":9,"column":4},"end":{"line":16,"column":5}},"type":"if","locations":[{"start":{"line":9,"column":4},"end":{"line":16,"column":5}},{"start":{"line":9,"column":4},"end":{"line":16,"column":5}}],"line":9},"1":{"loc":{"start":{"line":12,"column":6},"end":{"line":14,"column":7}},"type":"if","locations":[{"start":{"line":12,"column":6},"end":{"line":14,"column":7}},{"start":{"line":12,"column":6},"end":{"line":14,"column":7}}],"line":12}},"s":{"0":1,"1":6,"2":6,"3":6,"4":6,"5":6,"6":210,"7":174,"8":174,"9":174,"10":168,"11":6,"12":36,"13":6},"f":{"0":6,"1":210},"b":{"0":[174,36],"1":[168,6]},"_coverageSchema":"43e27e138ebf9cfc5966b082cf9a028302ed4184","hash":"b51446e084043ab26cac97aa1a845a32d156c1a7"}
,"/Users/ecuyle/Documents/HackReactor/front-end-capstone/ecuyle-service/src/helpers.js": {"path":"/Users/ecuyle/Documents/HackReactor/front-end-capstone/ecuyle-service/src/helpers.js","statementMap":{"0":{"start":{"line":4,"column":16},"end":{"line":40,"column":1}},"1":{"start":{"line":6,"column":21},"end":{"line":6,"column":50}},"2":{"start":{"line":7,"column":4},"end":{"line":7,"column":44}},"3":{"start":{"line":7,"column":32},"end":{"line":7,"column":44}},"4":{"start":{"line":8,"column":4},"end":{"line":8,"column":17}},"5":{"start":{"line":13,"column":24},"end":{"line":13,"column":29}},"6":{"start":{"line":14,"column":4},"end":{"line":17,"column":5}},"7":{"start":{"line":14,"column":17},"end":{"line":14,"column":18}},"8":{"start":{"line":15,"column":6},"end":{"line":15,"column":45}},"9":{"start":{"line":16,"column":6},"end":{"line":16,"column":37}},"10":{"start":{"line":16,"column":25},"end":{"line":16,"column":37}},"11":{"start":{"line":18,"column":4},"end":{"line":18,"column":17}},"12":{"start":{"line":21,"column":19},"end":{"line":21,"column":35}},"13":{"start":{"line":22,"column":4},"end":{"line":24,"column":5}},"14":{"start":{"line":23,"column":6},"end":{"line":23,"column":32}},"15":{"start":{"line":25,"column":4},"end":{"line":25,"column":20}},"16":{"start":{"line":28,"column":24},"end":{"line":28,"column":100}},"17":{"start":{"line":29,"column":4},"end":{"line":29,"column":58}},"18":{"start":{"line":29,"column":46},"end":{"line":29,"column":58}},"19":{"start":{"line":30,"column":4},"end":{"line":35,"column":7}},"20":{"start":{"line":31,"column":24},"end":{"line":31,"column":75}},"21":{"start":{"line":32,"column":22},"end":{"line":32,"column":71}},"22":{"start":{"line":33,"column":6},"end":{"line":33,"column":74}},"23":{"start":{"line":33,"column":62},"end":{"line":33,"column":74}},"24":{"start":{"line":34,"column":6},"end":{"line":34,"column":19}},"25":{"start":{"line":38,"column":4},"end":{"line":38,"column":30}}},"fnMap":{"0":{"name":"(anonymous_0)","decl":{"start":{"line":5,"column":19},"end":{"line":5,"column":20}},"loc":{"start":{"line":5,"column":36},"end":{"line":9,"column":3}},"line":5},"1":{"name":"(anonymous_1)","decl":{"start":{"line":10,"column":17},"end":{"line":10,"column":18}},"loc":{"start":{"line":10,"column":32},"end":{"line":19,"column":3}},"line":10},"2":{"name":"(anonymous_2)","decl":{"start":{"line":20,"column":16},"end":{"line":20,"column":17}},"loc":{"start":{"line":20,"column":40},"end":{"line":26,"column":3}},"line":20},"3":{"name":"(anonymous_3)","decl":{"start":{"line":27,"column":28},"end":{"line":27,"column":29}},"loc":{"start":{"line":27,"column":63},"end":{"line":36,"column":3}},"line":27},"4":{"name":"(anonymous_4)","decl":{"start":{"line":30,"column":47},"end":{"line":30,"column":48}},"loc":{"start":{"line":30,"column":64},"end":{"line":35,"column":5}},"line":30},"5":{"name":"(anonymous_5)","decl":{"start":{"line":37,"column":2},"end":{"line":37,"column":3}},"loc":{"start":{"line":37,"column":21},"end":{"line":39,"column":3}},"line":37}},"branchMap":{"0":{"loc":{"start":{"line":7,"column":4},"end":{"line":7,"column":44}},"type":"if","locations":[{"start":{"line":7,"column":4},"end":{"line":7,"column":44}},{"start":{"line":7,"column":4},"end":{"line":7,"column":44}}],"line":7},"1":{"loc":{"start":{"line":16,"column":6},"end":{"line":16,"column":37}},"type":"if","locations":[{"start":{"line":16,"column":6},"end":{"line":16,"column":37}},{"start":{"line":16,"column":6},"end":{"line":16,"column":37}}],"line":16},"2":{"loc":{"start":{"line":29,"column":4},"end":{"line":29,"column":58}},"type":"if","locations":[{"start":{"line":29,"column":4},"end":{"line":29,"column":58}},{"start":{"line":29,"column":4},"end":{"line":29,"column":58}}],"line":29},"3":{"loc":{"start":{"line":33,"column":6},"end":{"line":33,"column":74}},"type":"if","locations":[{"start":{"line":33,"column":6},"end":{"line":33,"column":74}},{"start":{"line":33,"column":6},"end":{"line":33,"column":74}}],"line":33},"4":{"loc":{"start":{"line":33,"column":10},"end":{"line":33,"column":60}},"type":"binary-expr","locations":[{"start":{"line":33,"column":10},"end":{"line":33,"column":34}},{"start":{"line":33,"column":38},"end":{"line":33,"column":60}}],"line":33}},"s":{"0":1,"1":168,"2":168,"3":84,"4":84,"5":84,"6":84,"7":84,"8":28,"9":28,"10":0,"11":84,"12":168,"13":168,"14":54,"15":168,"16":168,"17":168,"18":84,"19":84,"20":28,"21":28,"22":28,"23":0,"24":28,"25":588},"f":{"0":168,"1":84,"2":168,"3":168,"4":28,"5":588},"b":{"0":[84,84],"1":[0,28],"2":[84,84],"3":[0,28],"4":[28,14]},"_coverageSchema":"43e27e138ebf9cfc5966b082cf9a028302ed4184","hash":"2ff0f578ef254ab59e2da5e9dac1d0ce09bc67fa"}
,"/Users/ecuyle/Documents/HackReactor/front-end-capstone/ecuyle-service/src/components/App.jsx": {"path":"/Users/ecuyle/Documents/HackReactor/front-end-capstone/ecuyle-service/src/components/App.jsx","statementMap":{"0":{"start":{"line":6,"column":4},"end":{"line":6,"column":17}},"1":{"start":{"line":7,"column":4},"end":{"line":7,"column":20}},"2":{"start":{"line":11,"column":4},"end":{"line":13,"column":6}}},"fnMap":{"0":{"name":"(anonymous_0)","decl":{"start":{"line":5,"column":2},"end":{"line":5,"column":3}},"loc":{"start":{"line":5,"column":21},"end":{"line":8,"column":3}},"line":5},"1":{"name":"(anonymous_1)","decl":{"start":{"line":10,"column":2},"end":{"line":10,"column":3}},"loc":{"start":{"line":10,"column":11},"end":{"line":14,"column":3}},"line":10}},"branchMap":{},"s":{"0":1,"1":1,"2":1},"f":{"0":1,"1":1},"b":{},"_coverageSchema":"43e27e138ebf9cfc5966b082cf9a028302ed4184","hash":"1c2629cfd1272df9da26895056edb373577c476e"}
,"/Users/ecuyle/Documents/HackReactor/front-end-capstone/ecuyle-service/src/components/Calendar.jsx": {"path":"/Users/ecuyle/Documents/HackReactor/front-end-capstone/ecuyle-service/src/components/Calendar.jsx","statementMap":{"0":{"start":{"line":21,"column":4},"end":{"line":21,"column":17}},"1":{"start":{"line":22,"column":4},"end":{"line":30,"column":6}},"2":{"start":{"line":31,"column":4},"end":{"line":39,"column":6}},"3":{"start":{"line":41,"column":4},"end":{"line":41,"column":69}},"4":{"start":{"line":42,"column":4},"end":{"line":42,"column":69}},"5":{"start":{"line":43,"column":4},"end":{"line":43,"column":63}},"6":{"start":{"line":47,"column":22},"end":{"line":47,"column":48}},"7":{"start":{"line":48,"column":4},"end":{"line":48,"column":53}},"8":{"start":{"line":52,"column":21},"end":{"line":52,"column":45}},"9":{"start":{"line":53,"column":29},"end":{"line":53,"column":39}},"10":{"start":{"line":54,"column":4},"end":{"line":54,"column":51}},"11":{"start":{"line":54,"column":35},"end":{"line":54,"column":51}},"12":{"start":{"line":55,"column":4},"end":{"line":66,"column":5}},"13":{"start":{"line":55,"column":17},"end":{"line":55,"column":18}},"14":{"start":{"line":56,"column":35},"end":{"line":56,"column":69}},"15":{"start":{"line":57,"column":33},"end":{"line":57,"column":65}},"16":{"start":{"line":58,"column":39},"end":{"line":58,"column":77}},"17":{"start":{"line":59,"column":26},"end":{"line":59,"column":41}},"18":{"start":{"line":60,"column":6},"end":{"line":62,"column":7}},"19":{"start":{"line":61,"column":8},"end":{"line":61,"column":36}},"20":{"start":{"line":63,"column":6},"end":{"line":65,"column":7}},"21":{"start":{"line":64,"column":8},"end":{"line":64,"column":40}},"22":{"start":{"line":67,"column":4},"end":{"line":67,"column":20}},"23":{"start":{"line":71,"column":21},"end":{"line":71,"column":45}},"24":{"start":{"line":72,"column":27},"end":{"line":72,"column":71}},"25":{"start":{"line":73,"column":31},"end":{"line":76,"column":5}},"26":{"start":{"line":77,"column":37},"end":{"line":80,"column":5}},"27":{"start":{"line":81,"column":4},"end":{"line":81,"column":58}},"28":{"start":{"line":85,"column":29},"end":{"line":85,"column":39}},"29":{"start":{"line":86,"column":17},"end":{"line":86,"column":49}},"30":{"start":{"line":87,"column":18},"end":{"line":87,"column":50}},"31":{"start":{"line":88,"column":21},"end":{"line":88,"column":51}},"32":{"start":{"line":89,"column":21},"end":{"line":89,"column":89}},"33":{"start":{"line":90,"column":4},"end":{"line":97,"column":7}},"34":{"start":{"line":101,"column":26},"end":{"line":101,"column":36}},"35":{"start":{"line":102,"column":25},"end":{"line":102,"column":76}},"36":{"start":{"line":103,"column":4},"end":{"line":103,"column":56}},"37":{"start":{"line":107,"column":26},"end":{"line":107,"column":36}},"38":{"start":{"line":108,"column":25},"end":{"line":108,"column":81}},"39":{"start":{"line":109,"column":4},"end":{"line":109,"column":56}},"40":{"start":{"line":113,"column":29},"end":{"line":113,"column":39}},"41":{"start":{"line":114,"column":21},"end":{"line":117,"column":5}},"42":{"start":{"line":118,"column":25},"end":{"line":118,"column":85}},"43":{"start":{"line":122,"column":24},"end":{"line":122,"column":29}},"44":{"start":{"line":123,"column":23},"end":{"line":123,"column":28}},"45":{"start":{"line":125,"column":4},"end":{"line":158,"column":5}},"46":{"start":{"line":125,"column":17},"end":{"line":125,"column":18}},"47":{"start":{"line":126,"column":6},"end":{"line":126,"column":19}},"48":{"start":{"line":127,"column":6},"end":{"line":127,"column":25}},"49":{"start":{"line":128,"column":6},"end":{"line":156,"column":7}},"50":{"start":{"line":128,"column":19},"end":{"line":128,"column":20}},"51":{"start":{"line":129,"column":8},"end":{"line":155,"column":9}},"52":{"start":{"line":130,"column":10},"end":{"line":130,"column":31}},"53":{"start":{"line":131,"column":27},"end":{"line":131,"column":45}},"54":{"start":{"line":132,"column":23},"end":{"line":132,"column":41}},"55":{"start":{"line":133,"column":10},"end":{"line":137,"column":13}},"56":{"start":{"line":138,"column":15},"end":{"line":155,"column":9}},"57":{"start":{"line":139,"column":27},"end":{"line":139,"column":45}},"58":{"start":{"line":140,"column":10},"end":{"line":151,"column":11}},"59":{"start":{"line":141,"column":25},"end":{"line":141,"column":43}},"60":{"start":{"line":142,"column":12},"end":{"line":146,"column":15}},"61":{"start":{"line":148,"column":12},"end":{"line":148,"column":32}},"62":{"start":{"line":149,"column":12},"end":{"line":149,"column":65}},"63":{"start":{"line":150,"column":12},"end":{"line":150,"column":32}},"64":{"start":{"line":153,"column":10},"end":{"line":153,"column":63}},"65":{"start":{"line":154,"column":10},"end":{"line":154,"column":30}},"66":{"start":{"line":157,"column":6},"end":{"line":157,"column":55}},"67":{"start":{"line":157,"column":32},"end":{"line":157,"column":55}},"68":{"start":{"line":160,"column":4},"end":{"line":160,"column":20}},"69":{"start":{"line":164,"column":38},"end":{"line":164,"column":48}},"70":{"start":{"line":165,"column":26},"end":{"line":165,"column":36}},"71":{"start":{"line":166,"column":4},"end":{"line":176,"column":5}},"72":{"start":{"line":167,"column":27},"end":{"line":167,"column":69}},"73":{"start":{"line":168,"column":6},"end":{"line":173,"column":9}},"74":{"start":{"line":172,"column":8},"end":{"line":172,"column":57}},"75":{"start":{"line":175,"column":6},"end":{"line":175,"column":50}},"76":{"start":{"line":177,"column":4},"end":{"line":177,"column":25}},"77":{"start":{"line":188,"column":8},"end":{"line":188,"column":18}},"78":{"start":{"line":190,"column":34},"end":{"line":190,"column":44}},"79":{"start":{"line":191,"column":4},"end":{"line":269,"column":6}}},"fnMap":{"0":{"name":"(anonymous_0)","decl":{"start":{"line":20,"column":2},"end":{"line":20,"column":3}},"loc":{"start":{"line":20,"column":21},"end":{"line":44,"column":3}},"line":20},"1":{"name":"(anonymous_1)","decl":{"start":{"line":46,"column":2},"end":{"line":46,"column":3}},"loc":{"start":{"line":46,"column":23},"end":{"line":49,"column":3}},"line":46},"2":{"name":"(anonymous_2)","decl":{"start":{"line":51,"column":2},"end":{"line":51,"column":3}},"loc":{"start":{"line":51,"column":42},"end":{"line":68,"column":3}},"line":51},"3":{"name":"(anonymous_3)","decl":{"start":{"line":70,"column":2},"end":{"line":70,"column":3}},"loc":{"start":{"line":70,"column":43},"end":{"line":82,"column":3}},"line":70},"4":{"name":"(anonymous_4)","decl":{"start":{"line":84,"column":2},"end":{"line":84,"column":3}},"loc":{"start":{"line":84,"column":46},"end":{"line":98,"column":3}},"line":84},"5":{"name":"(anonymous_5)","decl":{"start":{"line":100,"column":2},"end":{"line":100,"column":3}},"loc":{"start":{"line":100,"column":25},"end":{"line":104,"column":3}},"line":100},"6":{"name":"(anonymous_6)","decl":{"start":{"line":106,"column":2},"end":{"line":106,"column":3}},"loc":{"start":{"line":106,"column":25},"end":{"line":110,"column":3}},"line":106},"7":{"name":"(anonymous_7)","decl":{"start":{"line":112,"column":2},"end":{"line":112,"column":3}},"loc":{"start":{"line":112,"column":66},"end":{"line":161,"column":3}},"line":112},"8":{"name":"(anonymous_8)","decl":{"start":{"line":163,"column":2},"end":{"line":163,"column":3}},"loc":{"start":{"line":163,"column":26},"end":{"line":178,"column":3}},"line":163},"9":{"name":"(anonymous_9)","decl":{"start":{"line":171,"column":9},"end":{"line":171,"column":10}},"loc":{"start":{"line":171,"column":15},"end":{"line":173,"column":7}},"line":171},"10":{"name":"(anonymous_10)","decl":{"start":{"line":181,"column":2},"end":{"line":181,"column":3}},"loc":{"start":{"line":181,"column":11},"end":{"line":270,"column":3}},"line":181}},"branchMap":{"0":{"loc":{"start":{"line":54,"column":4},"end":{"line":54,"column":51}},"type":"if","locations":[{"start":{"line":54,"column":4},"end":{"line":54,"column":51}},{"start":{"line":54,"column":4},"end":{"line":54,"column":51}}],"line":54},"1":{"loc":{"start":{"line":60,"column":6},"end":{"line":62,"column":7}},"type":"if","locations":[{"start":{"line":60,"column":6},"end":{"line":62,"column":7}},{"start":{"line":60,"column":6},"end":{"line":62,"column":7}}],"line":60},"2":{"loc":{"start":{"line":63,"column":6},"end":{"line":65,"column":7}},"type":"if","locations":[{"start":{"line":63,"column":6},"end":{"line":65,"column":7}},{"start":{"line":63,"column":6},"end":{"line":65,"column":7}}],"line":63},"3":{"loc":{"start":{"line":63,"column":10},"end":{"line":63,"column":84}},"type":"binary-expr","locations":[{"start":{"line":63,"column":10},"end":{"line":63,"column":48}},{"start":{"line":63,"column":52},"end":{"line":63,"column":84}}],"line":63},"4":{"loc":{"start":{"line":129,"column":8},"end":{"line":155,"column":9}},"type":"if","locations":[{"start":{"line":129,"column":8},"end":{"line":155,"column":9}},{"start":{"line":129,"column":8},"end":{"line":155,"column":9}}],"line":129},"5":{"loc":{"start":{"line":129,"column":12},"end":{"line":129,"column":70}},"type":"binary-expr","locations":[{"start":{"line":129,"column":12},"end":{"line":129,"column":26}},{"start":{"line":129,"column":30},"end":{"line":129,"column":70}}],"line":129},"6":{"loc":{"start":{"line":138,"column":15},"end":{"line":155,"column":9}},"type":"if","locations":[{"start":{"line":138,"column":15},"end":{"line":155,"column":9}},{"start":{"line":138,"column":15},"end":{"line":155,"column":9}}],"line":138},"7":{"loc":{"start":{"line":138,"column":19},"end":{"line":138,"column":49}},"type":"binary-expr","locations":[{"start":{"line":138,"column":19},"end":{"line":138,"column":32}},{"start":{"line":138,"column":36},"end":{"line":138,"column":49}}],"line":138},"8":{"loc":{"start":{"line":140,"column":10},"end":{"line":151,"column":11}},"type":"if","locations":[{"start":{"line":140,"column":10},"end":{"line":151,"column":11}},{"start":{"line":140,"column":10},"end":{"line":151,"column":11}}],"line":140},"9":{"loc":{"start":{"line":157,"column":6},"end":{"line":157,"column":55}},"type":"if","locations":[{"start":{"line":157,"column":6},"end":{"line":157,"column":55}},{"start":{"line":157,"column":6},"end":{"line":157,"column":55}}],"line":157},"10":{"loc":{"start":{"line":166,"column":4},"end":{"line":176,"column":5}},"type":"if","locations":[{"start":{"line":166,"column":4},"end":{"line":176,"column":5}},{"start":{"line":166,"column":4},"end":{"line":176,"column":5}}],"line":166},"11":{"loc":{"start":{"line":239,"column":10},"end":{"line":249,"column":14}},"type":"cond-expr","locations":[{"start":{"line":241,"column":12},"end":{"line":247,"column":14}},{"start":{"line":249,"column":12},"end":{"line":249,"column":14}}],"line":239},"12":{"loc":{"start":{"line":251,"column":10},"end":{"line":261,"column":14}},"type":"cond-expr","locations":[{"start":{"line":253,"column":12},"end":{"line":259,"column":14}},{"start":{"line":261,"column":12},"end":{"line":261,"column":14}}],"line":251}},"s":{"0":5,"1":5,"2":5,"3":5,"4":5,"5":5,"6":5,"7":5,"8":1,"9":1,"10":1,"11":0,"12":1,"13":1,"14":0,"15":0,"16":0,"17":0,"18":0,"19":0,"20":0,"21":0,"22":1,"23":1,"24":1,"25":1,"26":1,"27":1,"28":6,"29":6,"30":6,"31":6,"32":6,"33":6,"34":0,"35":0,"36":0,"37":0,"38":0,"39":0,"40":6,"41":6,"42":6,"43":6,"44":6,"45":6,"46":6,"47":36,"48":36,"49":36,"50":36,"51":252,"52":6,"53":6,"54":6,"55":6,"56":246,"57":168,"58":168,"59":162,"60":162,"61":6,"62":6,"63":6,"64":78,"65":78,"66":36,"67":30,"68":6,"69":2,"70":2,"71":2,"72":1,"73":1,"74":1,"75":1,"76":2,"77":12,"78":12,"79":12},"f":{"0":5,"1":5,"2":1,"3":1,"4":6,"5":0,"6":0,"7":6,"8":2,"9":1,"10":12},"b":{"0":[0,1],"1":[0,0],"2":[0,0],"3":[0,0],"4":[6,246],"5":[252,36],"6":[168,78],"7":[246,216],"8":[162,6],"9":[30,6],"10":[1,1],"11":[12,0],"12":[0,12]},"_coverageSchema":"43e27e138ebf9cfc5966b082cf9a028302ed4184","hash":"29669e2e496d9f1ae9c5bf6c06a990a2e30a666a"}
,"/Users/ecuyle/Documents/HackReactor/front-end-capstone/ecuyle-service/src/components/CalendarHeader.jsx": {"path":"/Users/ecuyle/Documents/HackReactor/front-end-capstone/ecuyle-service/src/components/CalendarHeader.jsx","statementMap":{"0":{"start":{"line":9,"column":23},"end":{"line":36,"column":1}},"1":{"start":{"line":10,"column":21},"end":{"line":10,"column":26}},"2":{"start":{"line":11,"column":2},"end":{"line":35,"column":4}}},"fnMap":{"0":{"name":"(anonymous_0)","decl":{"start":{"line":9,"column":23},"end":{"line":9,"column":24}},"loc":{"start":{"line":9,"column":34},"end":{"line":36,"column":1}},"line":9}},"branchMap":{},"s":{"0":1,"1":12,"2":12},"f":{"0":12},"b":{},"_coverageSchema":"43e27e138ebf9cfc5966b082cf9a028302ed4184","hash":"51dc69f40bda94184e4f2038e5824e386a1608e4"}
,"/Users/ecuyle/Documents/HackReactor/front-end-capstone/ecuyle-service/src/components/CalendarRow.jsx": {"path":"/Users/ecuyle/Documents/HackReactor/front-end-capstone/ecuyle-service/src/components/CalendarRow.jsx","statementMap":{"0":{"start":{"line":17,"column":20},"end":{"line":73,"column":1}},"1":{"start":{"line":24,"column":6},"end":{"line":24,"column":11}},"2":{"start":{"line":26,"column":26},"end":{"line":66,"column":3}},"3":{"start":{"line":27,"column":24},"end":{"line":27,"column":60}},"4":{"start":{"line":28,"column":25},"end":{"line":28,"column":62}},"5":{"start":{"line":29,"column":4},"end":{"line":65,"column":7}},"6":{"start":{"line":30,"column":27},"end":{"line":30,"column":64}},"7":{"start":{"line":31,"column":6},"end":{"line":37,"column":7}},"8":{"start":{"line":32,"column":8},"end":{"line":36,"column":10}},"9":{"start":{"line":38,"column":6},"end":{"line":48,"column":7}},"10":{"start":{"line":39,"column":8},"end":{"line":47,"column":10}},"11":{"start":{"line":41,"column":27},"end":{"line":41,"column":51}},"12":{"start":{"line":49,"column":6},"end":{"line":59,"column":7}},"13":{"start":{"line":50,"column":8},"end":{"line":58,"column":10}},"14":{"start":{"line":52,"column":27},"end":{"line":52,"column":51}},"15":{"start":{"line":60,"column":6},"end":{"line":64,"column":8}},"16":{"start":{"line":61,"column":34},"end":{"line":61,"column":58}},"17":{"start":{"line":68,"column":2},"end":{"line":72,"column":4}}},"fnMap":{"0":{"name":"(anonymous_0)","decl":{"start":{"line":17,"column":20},"end":{"line":17,"column":21}},"loc":{"start":{"line":17,"column":31},"end":{"line":73,"column":1}},"line":17},"1":{"name":"(anonymous_1)","decl":{"start":{"line":26,"column":26},"end":{"line":26,"column":27}},"loc":{"start":{"line":26,"column":32},"end":{"line":66,"column":3}},"line":26},"2":{"name":"(anonymous_2)","decl":{"start":{"line":29,"column":22},"end":{"line":29,"column":23}},"loc":{"start":{"line":29,"column":33},"end":{"line":65,"column":5}},"line":29},"3":{"name":"(anonymous_3)","decl":{"start":{"line":41,"column":21},"end":{"line":41,"column":22}},"loc":{"start":{"line":41,"column":27},"end":{"line":41,"column":51}},"line":41},"4":{"name":"(anonymous_4)","decl":{"start":{"line":52,"column":21},"end":{"line":52,"column":22}},"loc":{"start":{"line":52,"column":27},"end":{"line":52,"column":51}},"line":52},"5":{"name":"(anonymous_5)","decl":{"start":{"line":61,"column":28},"end":{"line":61,"column":29}},"loc":{"start":{"line":61,"column":34},"end":{"line":61,"column":58}},"line":61}},"branchMap":{"0":{"loc":{"start":{"line":31,"column":6},"end":{"line":37,"column":7}},"type":"if","locations":[{"start":{"line":31,"column":6},"end":{"line":37,"column":7}},{"start":{"line":31,"column":6},"end":{"line":37,"column":7}}],"line":31},"1":{"loc":{"start":{"line":38,"column":6},"end":{"line":48,"column":7}},"type":"if","locations":[{"start":{"line":38,"column":6},"end":{"line":48,"column":7}},{"start":{"line":38,"column":6},"end":{"line":48,"column":7}}],"line":38},"2":{"loc":{"start":{"line":38,"column":10},"end":{"line":38,"column":71}},"type":"binary-expr","locations":[{"start":{"line":38,"column":10},"end":{"line":38,"column":38}},{"start":{"line":38,"column":42},"end":{"line":38,"column":71}}],"line":38},"3":{"loc":{"start":{"line":49,"column":6},"end":{"line":59,"column":7}},"type":"if","locations":[{"start":{"line":49,"column":6},"end":{"line":59,"column":7}},{"start":{"line":49,"column":6},"end":{"line":59,"column":7}}],"line":49}},"s":{"0":1,"1":60,"2":60,"3":60,"4":60,"5":60,"6":420,"7":420,"8":252,"9":168,"10":5,"11":0,"12":163,"13":52,"14":0,"15":111,"16":2,"17":60},"f":{"0":60,"1":60,"2":420,"3":0,"4":0,"5":2},"b":{"0":[252,168],"1":[5,163],"2":[168,165],"3":[52,111]},"_coverageSchema":"43e27e138ebf9cfc5966b082cf9a028302ed4184","hash":"0d01f9d9205c337d427a2026409cb73b1b8ea60a"}
,"/Users/ecuyle/Documents/HackReactor/front-end-capstone/ecuyle-service/src/components/DateModal.jsx": {"path":"/Users/ecuyle/Documents/HackReactor/front-end-capstone/ecuyle-service/src/components/DateModal.jsx","statementMap":{"0":{"start":{"line":11,"column":18},"end":{"line":46,"column":1}},"1":{"start":{"line":19,"column":6},"end":{"line":19,"column":11}},"2":{"start":{"line":21,"column":37},"end":{"line":32,"column":3}},"3":{"start":{"line":22,"column":4},"end":{"line":30,"column":5}},"4":{"start":{"line":23,"column":6},"end":{"line":29,"column":8}},"5":{"start":{"line":31,"column":4},"end":{"line":31,"column":38}},"6":{"start":{"line":34,"column":2},"end":{"line":45,"column":4}}},"fnMap":{"0":{"name":"(anonymous_0)","decl":{"start":{"line":11,"column":18},"end":{"line":11,"column":19}},"loc":{"start":{"line":11,"column":29},"end":{"line":46,"column":1}},"line":11},"1":{"name":"(anonymous_1)","decl":{"start":{"line":21,"column":37},"end":{"line":21,"column":38}},"loc":{"start":{"line":21,"column":43},"end":{"line":32,"column":3}},"line":21}},"branchMap":{"0":{"loc":{"start":{"line":22,"column":4},"end":{"line":30,"column":5}},"type":"if","locations":[{"start":{"line":22,"column":4},"end":{"line":30,"column":5}},{"start":{"line":22,"column":4},"end":{"line":30,"column":5}}],"line":22},"1":{"loc":{"start":{"line":22,"column":8},"end":{"line":22,"column":41}},"type":"binary-expr","locations":[{"start":{"line":22,"column":8},"end":{"line":22,"column":22}},{"start":{"line":22,"column":26},"end":{"line":22,"column":41}}],"line":22}},"s":{"0":1,"1":12,"2":12,"3":12,"4":5,"5":7,"6":12},"f":{"0":12,"1":12},"b":{"0":[5,7],"1":[12,9]},"_coverageSchema":"43e27e138ebf9cfc5966b082cf9a028302ed4184","hash":"3079c3dcb7d70ef3fd456f9437e6b4110d90d18f"}
,"/Users/ecuyle/Documents/HackReactor/front-end-capstone/ecuyle-service/src/components/DatePicker.jsx": {"path":"/Users/ecuyle/Documents/HackReactor/front-end-capstone/ecuyle-service/src/components/DatePicker.jsx","statementMap":{"0":{"start":{"line":19,"column":4},"end":{"line":19,"column":17}},"1":{"start":{"line":20,"column":4},"end":{"line":26,"column":6}},"2":{"start":{"line":28,"column":4},"end":{"line":28,"column":59}},"3":{"start":{"line":29,"column":4},"end":{"line":29,"column":57}},"4":{"start":{"line":30,"column":4},"end":{"line":30,"column":47}},"5":{"start":{"line":31,"column":4},"end":{"line":31,"column":49}},"6":{"start":{"line":32,"column":4},"end":{"line":32,"column":61}},"7":{"start":{"line":43,"column":8},"end":{"line":43,"column":18}},"8":{"start":{"line":44,"column":4},"end":{"line":44,"column":41}},"9":{"start":{"line":45,"column":4},"end":{"line":45,"column":43}},"10":{"start":{"line":46,"column":4},"end":{"line":46,"column":45}},"11":{"start":{"line":47,"column":4},"end":{"line":51,"column":7}},"12":{"start":{"line":60,"column":8},"end":{"line":60,"column":18}},"13":{"start":{"line":61,"column":27},"end":{"line":61,"column":37}},"14":{"start":{"line":62,"column":4},"end":{"line":65,"column":5}},"15":{"start":{"line":63,"column":35},"end":{"line":63,"column":45}},"16":{"start":{"line":64,"column":6},"end":{"line":64,"column":38}},"17":{"start":{"line":67,"column":4},"end":{"line":79,"column":5}},"18":{"start":{"line":68,"column":6},"end":{"line":78,"column":8}},"19":{"start":{"line":80,"column":4},"end":{"line":80,"column":14}},"20":{"start":{"line":84,"column":31},"end":{"line":84,"column":41}},"21":{"start":{"line":85,"column":4},"end":{"line":89,"column":5}},"22":{"start":{"line":86,"column":6},"end":{"line":88,"column":136}},"23":{"start":{"line":87,"column":54},"end":{"line":87,"column":77}},"24":{"start":{"line":88,"column":54},"end":{"line":88,"column":77}},"25":{"start":{"line":90,"column":4},"end":{"line":92,"column":148}},"26":{"start":{"line":91,"column":48},"end":{"line":91,"column":71}},"27":{"start":{"line":92,"column":59},"end":{"line":92,"column":82}},"28":{"start":{"line":96,"column":32},"end":{"line":96,"column":42}},"29":{"start":{"line":97,"column":4},"end":{"line":101,"column":5}},"30":{"start":{"line":98,"column":6},"end":{"line":100,"column":138}},"31":{"start":{"line":99,"column":55},"end":{"line":99,"column":78}},"32":{"start":{"line":100,"column":55},"end":{"line":100,"column":78}},"33":{"start":{"line":102,"column":4},"end":{"line":104,"column":150}},"34":{"start":{"line":103,"column":49},"end":{"line":103,"column":72}},"35":{"start":{"line":104,"column":60},"end":{"line":104,"column":83}},"36":{"start":{"line":108,"column":21},"end":{"line":108,"column":45}},"37":{"start":{"line":109,"column":29},"end":{"line":109,"column":39}},"38":{"start":{"line":110,"column":4},"end":{"line":110,"column":51}},"39":{"start":{"line":110,"column":35},"end":{"line":110,"column":51}},"40":{"start":{"line":111,"column":4},"end":{"line":122,"column":5}},"41":{"start":{"line":111,"column":17},"end":{"line":111,"column":18}},"42":{"start":{"line":112,"column":35},"end":{"line":112,"column":69}},"43":{"start":{"line":113,"column":33},"end":{"line":113,"column":65}},"44":{"start":{"line":114,"column":39},"end":{"line":114,"column":77}},"45":{"start":{"line":115,"column":26},"end":{"line":115,"column":41}},"46":{"start":{"line":116,"column":6},"end":{"line":118,"column":7}},"47":{"start":{"line":117,"column":8},"end":{"line":117,"column":36}},"48":{"start":{"line":119,"column":6},"end":{"line":121,"column":7}},"49":{"start":{"line":120,"column":8},"end":{"line":120,"column":40}},"50":{"start":{"line":123,"column":4},"end":{"line":123,"column":20}},"51":{"start":{"line":127,"column":25},"end":{"line":127,"column":35}},"52":{"start":{"line":128,"column":4},"end":{"line":143,"column":5}},"53":{"start":{"line":129,"column":6},"end":{"line":132,"column":9}},"54":{"start":{"line":130,"column":8},"end":{"line":130,"column":26}},"55":{"start":{"line":131,"column":8},"end":{"line":131,"column":49}},"56":{"start":{"line":134,"column":31},"end":{"line":134,"column":73}},"57":{"start":{"line":135,"column":6},"end":{"line":142,"column":9}},"58":{"start":{"line":141,"column":8},"end":{"line":141,"column":49}},"59":{"start":{"line":147,"column":24},"end":{"line":147,"column":34}},"60":{"start":{"line":148,"column":4},"end":{"line":160,"column":5}},"61":{"start":{"line":149,"column":6},"end":{"line":154,"column":9}},"62":{"start":{"line":153,"column":8},"end":{"line":153,"column":49}},"63":{"start":{"line":156,"column":6},"end":{"line":159,"column":9}},"64":{"start":{"line":157,"column":8},"end":{"line":157,"column":26}},"65":{"start":{"line":158,"column":8},"end":{"line":158,"column":49}},"66":{"start":{"line":164,"column":29},"end":{"line":164,"column":39}},"67":{"start":{"line":165,"column":24},"end":{"line":165,"column":39}},"68":{"start":{"line":166,"column":25},"end":{"line":166,"column":41}},"69":{"start":{"line":167,"column":4},"end":{"line":167,"column":49}},"70":{"start":{"line":167,"column":36},"end":{"line":167,"column":49}},"71":{"start":{"line":168,"column":4},"end":{"line":172,"column":5}},"72":{"start":{"line":168,"column":17},"end":{"line":168,"column":18}},"73":{"start":{"line":169,"column":31},"end":{"line":169,"column":65}},"74":{"start":{"line":170,"column":29},"end":{"line":170,"column":61}},"75":{"start":{"line":171,"column":6},"end":{"line":171,"column":88}},"76":{"start":{"line":171,"column":75},"end":{"line":171,"column":88}},"77":{"start":{"line":173,"column":4},"end":{"line":173,"column":16}},"78":{"start":{"line":177,"column":21},"end":{"line":177,"column":45}},"79":{"start":{"line":178,"column":27},"end":{"line":178,"column":71}},"80":{"start":{"line":179,"column":31},"end":{"line":182,"column":5}},"81":{"start":{"line":183,"column":37},"end":{"line":186,"column":5}},"82":{"start":{"line":187,"column":4},"end":{"line":187,"column":58}},"83":{"start":{"line":191,"column":22},"end":{"line":191,"column":32}},"84":{"start":{"line":192,"column":4},"end":{"line":196,"column":5}},"85":{"start":{"line":193,"column":6},"end":{"line":193,"column":32}},"86":{"start":{"line":194,"column":11},"end":{"line":196,"column":5}},"87":{"start":{"line":195,"column":6},"end":{"line":195,"column":33}},"88":{"start":{"line":200,"column":34},"end":{"line":200,"column":44}},"89":{"start":{"line":201,"column":38},"end":{"line":201,"column":48}},"90":{"start":{"line":202,"column":4},"end":{"line":205,"column":7}},"91":{"start":{"line":209,"column":19},"end":{"line":209,"column":27}},"92":{"start":{"line":210,"column":4},"end":{"line":210,"column":23}},"93":{"start":{"line":214,"column":29},"end":{"line":214,"column":39}},"94":{"start":{"line":215,"column":4},"end":{"line":221,"column":7}},"95":{"start":{"line":220,"column":6},"end":{"line":220,"column":24}},"96":{"start":{"line":225,"column":4},"end":{"line":228,"column":7}},"97":{"start":{"line":232,"column":4},"end":{"line":235,"column":7}},"98":{"start":{"line":239,"column":4},"end":{"line":257,"column":6}}},"fnMap":{"0":{"name":"(anonymous_0)","decl":{"start":{"line":18,"column":2},"end":{"line":18,"column":3}},"loc":{"start":{"line":18,"column":21},"end":{"line":33,"column":3}},"line":18},"1":{"name":"(anonymous_1)","decl":{"start":{"line":35,"column":2},"end":{"line":35,"column":3}},"loc":{"start":{"line":35,"column":22},"end":{"line":52,"column":3}},"line":35},"2":{"name":"(anonymous_2)","decl":{"start":{"line":54,"column":2},"end":{"line":54,"column":3}},"loc":{"start":{"line":54,"column":26},"end":{"line":81,"column":3}},"line":54},"3":{"name":"(anonymous_3)","decl":{"start":{"line":83,"column":2},"end":{"line":83,"column":3}},"loc":{"start":{"line":83,"column":24},"end":{"line":93,"column":3}},"line":83},"4":{"name":"(anonymous_4)","decl":{"start":{"line":87,"column":49},"end":{"line":87,"column":50}},"loc":{"start":{"line":87,"column":54},"end":{"line":87,"column":77}},"line":87},"5":{"name":"(anonymous_5)","decl":{"start":{"line":88,"column":49},"end":{"line":88,"column":50}},"loc":{"start":{"line":88,"column":54},"end":{"line":88,"column":77}},"line":88},"6":{"name":"(anonymous_6)","decl":{"start":{"line":91,"column":43},"end":{"line":91,"column":44}},"loc":{"start":{"line":91,"column":48},"end":{"line":91,"column":71}},"line":91},"7":{"name":"(anonymous_7)","decl":{"start":{"line":92,"column":54},"end":{"line":92,"column":55}},"loc":{"start":{"line":92,"column":59},"end":{"line":92,"column":82}},"line":92},"8":{"name":"(anonymous_8)","decl":{"start":{"line":95,"column":2},"end":{"line":95,"column":3}},"loc":{"start":{"line":95,"column":25},"end":{"line":105,"column":3}},"line":95},"9":{"name":"(anonymous_9)","decl":{"start":{"line":99,"column":50},"end":{"line":99,"column":51}},"loc":{"start":{"line":99,"column":55},"end":{"line":99,"column":78}},"line":99},"10":{"name":"(anonymous_10)","decl":{"start":{"line":100,"column":50},"end":{"line":100,"column":51}},"loc":{"start":{"line":100,"column":55},"end":{"line":100,"column":78}},"line":100},"11":{"name":"(anonymous_11)","decl":{"start":{"line":103,"column":44},"end":{"line":103,"column":45}},"loc":{"start":{"line":103,"column":49},"end":{"line":103,"column":72}},"line":103},"12":{"name":"(anonymous_12)","decl":{"start":{"line":104,"column":55},"end":{"line":104,"column":56}},"loc":{"start":{"line":104,"column":60},"end":{"line":104,"column":83}},"line":104},"13":{"name":"(anonymous_13)","decl":{"start":{"line":107,"column":2},"end":{"line":107,"column":3}},"loc":{"start":{"line":107,"column":42},"end":{"line":124,"column":3}},"line":107},"14":{"name":"(anonymous_14)","decl":{"start":{"line":126,"column":2},"end":{"line":126,"column":3}},"loc":{"start":{"line":126,"column":23},"end":{"line":144,"column":3}},"line":126},"15":{"name":"(anonymous_15)","decl":{"start":{"line":129,"column":39},"end":{"line":129,"column":40}},"loc":{"start":{"line":129,"column":45},"end":{"line":132,"column":7}},"line":129},"16":{"name":"(anonymous_16)","decl":{"start":{"line":140,"column":9},"end":{"line":140,"column":10}},"loc":{"start":{"line":140,"column":15},"end":{"line":142,"column":7}},"line":140},"17":{"name":"(anonymous_17)","decl":{"start":{"line":146,"column":2},"end":{"line":146,"column":3}},"loc":{"start":{"line":146,"column":24},"end":{"line":161,"column":3}},"line":146},"18":{"name":"(anonymous_18)","decl":{"start":{"line":152,"column":9},"end":{"line":152,"column":10}},"loc":{"start":{"line":152,"column":15},"end":{"line":154,"column":7}},"line":152},"19":{"name":"(anonymous_19)","decl":{"start":{"line":156,"column":40},"end":{"line":156,"column":41}},"loc":{"start":{"line":156,"column":46},"end":{"line":159,"column":7}},"line":156},"20":{"name":"(anonymous_20)","decl":{"start":{"line":163,"column":2},"end":{"line":163,"column":3}},"loc":{"start":{"line":163,"column":51},"end":{"line":174,"column":3}},"line":163},"21":{"name":"(anonymous_21)","decl":{"start":{"line":176,"column":2},"end":{"line":176,"column":3}},"loc":{"start":{"line":176,"column":43},"end":{"line":188,"column":3}},"line":176},"22":{"name":"(anonymous_22)","decl":{"start":{"line":190,"column":2},"end":{"line":190,"column":3}},"loc":{"start":{"line":190,"column":23},"end":{"line":197,"column":3}},"line":190},"23":{"name":"(anonymous_23)","decl":{"start":{"line":199,"column":2},"end":{"line":199,"column":3}},"loc":{"start":{"line":199,"column":38},"end":{"line":206,"column":3}},"line":199},"24":{"name":"(anonymous_24)","decl":{"start":{"line":208,"column":2},"end":{"line":208,"column":3}},"loc":{"start":{"line":208,"column":21},"end":{"line":211,"column":3}},"line":208},"25":{"name":"(anonymous_25)","decl":{"start":{"line":213,"column":2},"end":{"line":213,"column":3}},"loc":{"start":{"line":213,"column":21},"end":{"line":222,"column":3}},"line":213},"26":{"name":"(anonymous_26)","decl":{"start":{"line":219,"column":7},"end":{"line":219,"column":8}},"loc":{"start":{"line":219,"column":13},"end":{"line":221,"column":5}},"line":219},"27":{"name":"(anonymous_27)","decl":{"start":{"line":224,"column":2},"end":{"line":224,"column":3}},"loc":{"start":{"line":224,"column":19},"end":{"line":229,"column":3}},"line":224},"28":{"name":"(anonymous_28)","decl":{"start":{"line":231,"column":2},"end":{"line":231,"column":3}},"loc":{"start":{"line":231,"column":20},"end":{"line":236,"column":3}},"line":231},"29":{"name":"(anonymous_29)","decl":{"start":{"line":238,"column":2},"end":{"line":238,"column":3}},"loc":{"start":{"line":238,"column":11},"end":{"line":258,"column":3}},"line":238}},"branchMap":{"0":{"loc":{"start":{"line":62,"column":4},"end":{"line":65,"column":5}},"type":"if","locations":[{"start":{"line":62,"column":4},"end":{"line":65,"column":5}},{"start":{"line":62,"column":4},"end":{"line":65,"column":5}}],"line":62},"1":{"loc":{"start":{"line":67,"column":4},"end":{"line":79,"column":5}},"type":"if","locations":[{"start":{"line":67,"column":4},"end":{"line":79,"column":5}},{"start":{"line":67,"column":4},"end":{"line":79,"column":5}}],"line":67},"2":{"loc":{"start":{"line":85,"column":4},"end":{"line":89,"column":5}},"type":"if","locations":[{"start":{"line":85,"column":4},"end":{"line":89,"column":5}},{"start":{"line":85,"column":4},"end":{"line":89,"column":5}}],"line":85},"3":{"loc":{"start":{"line":86,"column":13},"end":{"line":88,"column":135}},"type":"cond-expr","locations":[{"start":{"line":87,"column":10},"end":{"line":87,"column":105}},{"start":{"line":88,"column":10},"end":{"line":88,"column":135}}],"line":86},"4":{"loc":{"start":{"line":90,"column":11},"end":{"line":92,"column":147}},"type":"cond-expr","locations":[{"start":{"line":91,"column":8},"end":{"line":91,"column":95}},{"start":{"line":92,"column":8},"end":{"line":92,"column":147}}],"line":90},"5":{"loc":{"start":{"line":97,"column":4},"end":{"line":101,"column":5}},"type":"if","locations":[{"start":{"line":97,"column":4},"end":{"line":101,"column":5}},{"start":{"line":97,"column":4},"end":{"line":101,"column":5}}],"line":97},"6":{"loc":{"start":{"line":98,"column":13},"end":{"line":100,"column":137}},"type":"cond-expr","locations":[{"start":{"line":99,"column":10},"end":{"line":99,"column":107}},{"start":{"line":100,"column":10},"end":{"line":100,"column":137}}],"line":98},"7":{"loc":{"start":{"line":102,"column":11},"end":{"line":104,"column":149}},"type":"cond-expr","locations":[{"start":{"line":103,"column":8},"end":{"line":103,"column":97}},{"start":{"line":104,"column":8},"end":{"line":104,"column":149}}],"line":102},"8":{"loc":{"start":{"line":110,"column":4},"end":{"line":110,"column":51}},"type":"if","locations":[{"start":{"line":110,"column":4},"end":{"line":110,"column":51}},{"start":{"line":110,"column":4},"end":{"line":110,"column":51}}],"line":110},"9":{"loc":{"start":{"line":116,"column":6},"end":{"line":118,"column":7}},"type":"if","locations":[{"start":{"line":116,"column":6},"end":{"line":118,"column":7}},{"start":{"line":116,"column":6},"end":{"line":118,"column":7}}],"line":116},"10":{"loc":{"start":{"line":119,"column":6},"end":{"line":121,"column":7}},"type":"if","locations":[{"start":{"line":119,"column":6},"end":{"line":121,"column":7}},{"start":{"line":119,"column":6},"end":{"line":121,"column":7}}],"line":119},"11":{"loc":{"start":{"line":119,"column":10},"end":{"line":119,"column":84}},"type":"binary-expr","locations":[{"start":{"line":119,"column":10},"end":{"line":119,"column":48}},{"start":{"line":119,"column":52},"end":{"line":119,"column":84}}],"line":119},"12":{"loc":{"start":{"line":128,"column":4},"end":{"line":143,"column":5}},"type":"if","locations":[{"start":{"line":128,"column":4},"end":{"line":143,"column":5}},{"start":{"line":128,"column":4},"end":{"line":143,"column":5}}],"line":128},"13":{"loc":{"start":{"line":128,"column":8},"end":{"line":128,"column":77}},"type":"binary-expr","locations":[{"start":{"line":128,"column":8},"end":{"line":128,"column":23}},{"start":{"line":128,"column":27},"end":{"line":128,"column":77}}],"line":128},"14":{"loc":{"start":{"line":148,"column":4},"end":{"line":160,"column":5}},"type":"if","locations":[{"start":{"line":148,"column":4},"end":{"line":160,"column":5}},{"start":{"line":148,"column":4},"end":{"line":160,"column":5}}],"line":148},"15":{"loc":{"start":{"line":167,"column":4},"end":{"line":167,"column":49}},"type":"if","locations":[{"start":{"line":167,"column":4},"end":{"line":167,"column":49}},{"start":{"line":167,"column":4},"end":{"line":167,"column":49}}],"line":167},"16":{"loc":{"start":{"line":171,"column":6},"end":{"line":171,"column":88}},"type":"if","locations":[{"start":{"line":171,"column":6},"end":{"line":171,"column":88}},{"start":{"line":171,"column":6},"end":{"line":171,"column":88}}],"line":171},"17":{"loc":{"start":{"line":171,"column":10},"end":{"line":171,"column":73}},"type":"binary-expr","locations":[{"start":{"line":171,"column":10},"end":{"line":171,"column":40}},{"start":{"line":171,"column":44},"end":{"line":171,"column":73}}],"line":171},"18":{"loc":{"start":{"line":192,"column":4},"end":{"line":196,"column":5}},"type":"if","locations":[{"start":{"line":192,"column":4},"end":{"line":196,"column":5}},{"start":{"line":192,"column":4},"end":{"line":196,"column":5}}],"line":192},"19":{"loc":{"start":{"line":194,"column":11},"end":{"line":196,"column":5}},"type":"if","locations":[{"start":{"line":194,"column":11},"end":{"line":196,"column":5}},{"start":{"line":194,"column":11},"end":{"line":196,"column":5}}],"line":194}},"s":{"0":13,"1":13,"2":13,"3":13,"4":13,"5":13,"6":13,"7":13,"8":13,"9":13,"10":13,"11":13,"12":41,"13":41,"14":41,"15":3,"16":3,"17":41,"18":12,"19":29,"20":41,"21":41,"22":8,"23":0,"24":0,"25":33,"26":3,"27":0,"28":41,"29":41,"30":4,"31":0,"32":0,"33":37,"34":2,"35":0,"36":1,"37":1,"38":1,"39":0,"40":1,"41":1,"42":0,"43":0,"44":0,"45":0,"46":0,"47":0,"48":0,"49":0,"50":1,"51":1,"52":1,"53":0,"54":0,"55":0,"56":1,"57":1,"58":1,"59":1,"60":1,"61":1,"62":1,"63":0,"64":0,"65":0,"66":0,"67":0,"68":0,"69":0,"70":0,"71":0,"72":0,"73":0,"74":0,"75":0,"76":0,"77":0,"78":1,"79":1,"80":1,"81":1,"82":1,"83":2,"84":2,"85":1,"86":1,"87":1,"88":2,"89":2,"90":2,"91":5,"92":5,"93":1,"94":1,"95":1,"96":6,"97":1,"98":41},"f":{"0":13,"1":13,"2":41,"3":41,"4":0,"5":0,"6":3,"7":0,"8":41,"9":0,"10":0,"11":2,"12":0,"13":1,"14":1,"15":0,"16":1,"17":1,"18":1,"19":0,"20":0,"21":1,"22":2,"23":2,"24":5,"25":1,"26":1,"27":6,"28":1,"29":41},"b":{"0":[3,38],"1":[12,29],"2":[8,33],"3":[7,1],"4":[31,2],"5":[4,37],"6":[4,0],"7":[35,2],"8":[0,1],"9":[0,0],"10":[0,0],"11":[0,0],"12":[0,1],"13":[1,0],"14":[1,0],"15":[0,0],"16":[0,0],"17":[0,0],"18":[1,1],"19":[1,0]},"_coverageSchema":"43e27e138ebf9cfc5966b082cf9a028302ed4184","hash":"ab1434bf11a7f6be7c22a16f108c115cd2af52dc"}
,"/Users/ecuyle/Documents/HackReactor/front-end-capstone/ecuyle-service/src/components/GuestModal.jsx": {"path":"/Users/ecuyle/Documents/HackReactor/front-end-capstone/ecuyle-service/src/components/GuestModal.jsx","statementMap":{"0":{"start":{"line":13,"column":19},"end":{"line":64,"column":1}},"1":{"start":{"line":23,"column":6},"end":{"line":23,"column":11}},"2":{"start":{"line":25,"column":2},"end":{"line":63,"column":4}},"3":{"start":{"line":66,"column":0},"end":{"line":75,"column":2}},"4":{"start":{"line":77,"column":0},"end":{"line":86,"column":2}}},"fnMap":{"0":{"name":"(anonymous_0)","decl":{"start":{"line":13,"column":19},"end":{"line":13,"column":20}},"loc":{"start":{"line":13,"column":30},"end":{"line":64,"column":1}},"line":13},"1":{"name":"(anonymous_1)","decl":{"start":{"line":72,"column":25},"end":{"line":72,"column":26}},"loc":{"start":{"line":72,"column":31},"end":{"line":72,"column":33}},"line":72},"2":{"name":"(anonymous_2)","decl":{"start":{"line":73,"column":19},"end":{"line":73,"column":20}},"loc":{"start":{"line":73,"column":25},"end":{"line":73,"column":27}},"line":73},"3":{"name":"(anonymous_3)","decl":{"start":{"line":74,"column":19},"end":{"line":74,"column":20}},"loc":{"start":{"line":74,"column":25},"end":{"line":74,"column":27}},"line":74}},"branchMap":{},"s":{"0":1,"1":4,"2":4,"3":1,"4":1},"f":{"0":4,"1":0,"2":0,"3":0},"b":{},"_coverageSchema":"43e27e138ebf9cfc5966b082cf9a028302ed4184","hash":"71004fa7600267b46c9e06d0c5186e171ecee3b5"}
,"/Users/ecuyle/Documents/HackReactor/front-end-capstone/ecuyle-service/src/components/GuestModalLine.jsx": {"path":"/Users/ecuyle/Documents/HackReactor/front-end-capstone/ecuyle-service/src/components/GuestModalLine.jsx","statementMap":{"0":{"start":{"line":15,"column":23},"end":{"line":79,"column":1}},"1":{"start":{"line":24,"column":6},"end":{"line":24,"column":11}},"2":{"start":{"line":26,"column":34},"end":{"line":39,"column":3}},"3":{"start":{"line":27,"column":4},"end":{"line":33,"column":5}},"4":{"start":{"line":28,"column":6},"end":{"line":32,"column":8}},"5":{"start":{"line":29,"column":67},"end":{"line":29,"column":88}},"6":{"start":{"line":34,"column":4},"end":{"line":38,"column":6}},"7":{"start":{"line":35,"column":59},"end":{"line":35,"column":80}},"8":{"start":{"line":41,"column":34},"end":{"line":54,"column":3}},"9":{"start":{"line":42,"column":4},"end":{"line":48,"column":5}},"10":{"start":{"line":43,"column":6},"end":{"line":47,"column":8}},"11":{"start":{"line":44,"column":67},"end":{"line":44,"column":88}},"12":{"start":{"line":49,"column":4},"end":{"line":53,"column":6}},"13":{"start":{"line":50,"column":59},"end":{"line":50,"column":80}},"14":{"start":{"line":56,"column":2},"end":{"line":78,"column":4}},"15":{"start":{"line":81,"column":0},"end":{"line":89,"column":2}},"16":{"start":{"line":91,"column":0},"end":{"line":99,"column":2}}},"fnMap":{"0":{"name":"(anonymous_0)","decl":{"start":{"line":15,"column":23},"end":{"line":15,"column":24}},"loc":{"start":{"line":15,"column":34},"end":{"line":79,"column":1}},"line":15},"1":{"name":"(anonymous_1)","decl":{"start":{"line":26,"column":34},"end":{"line":26,"column":35}},"loc":{"start":{"line":26,"column":49},"end":{"line":39,"column":3}},"line":26},"2":{"name":"(anonymous_2)","decl":{"start":{"line":29,"column":61},"end":{"line":29,"column":62}},"loc":{"start":{"line":29,"column":67},"end":{"line":29,"column":88}},"line":29},"3":{"name":"(anonymous_3)","decl":{"start":{"line":35,"column":53},"end":{"line":35,"column":54}},"loc":{"start":{"line":35,"column":59},"end":{"line":35,"column":80}},"line":35},"4":{"name":"(anonymous_4)","decl":{"start":{"line":41,"column":34},"end":{"line":41,"column":35}},"loc":{"start":{"line":41,"column":49},"end":{"line":54,"column":3}},"line":41},"5":{"name":"(anonymous_5)","decl":{"start":{"line":44,"column":61},"end":{"line":44,"column":62}},"loc":{"start":{"line":44,"column":67},"end":{"line":44,"column":88}},"line":44},"6":{"name":"(anonymous_6)","decl":{"start":{"line":50,"column":53},"end":{"line":50,"column":54}},"loc":{"start":{"line":50,"column":59},"end":{"line":50,"column":80}},"line":50},"7":{"name":"(anonymous_7)","decl":{"start":{"line":87,"column":19},"end":{"line":87,"column":20}},"loc":{"start":{"line":87,"column":25},"end":{"line":87,"column":27}},"line":87},"8":{"name":"(anonymous_8)","decl":{"start":{"line":88,"column":19},"end":{"line":88,"column":20}},"loc":{"start":{"line":88,"column":25},"end":{"line":88,"column":27}},"line":88}},"branchMap":{"0":{"loc":{"start":{"line":27,"column":4},"end":{"line":33,"column":5}},"type":"if","locations":[{"start":{"line":27,"column":4},"end":{"line":33,"column":5}},{"start":{"line":27,"column":4},"end":{"line":33,"column":5}}],"line":27},"1":{"loc":{"start":{"line":42,"column":4},"end":{"line":48,"column":5}},"type":"if","locations":[{"start":{"line":42,"column":4},"end":{"line":48,"column":5}},{"start":{"line":42,"column":4},"end":{"line":48,"column":5}}],"line":42}},"s":{"0":1,"1":12,"2":12,"3":12,"4":10,"5":0,"6":2,"7":0,"8":12,"9":12,"10":9,"11":1,"12":3,"13":0,"14":12,"15":1,"16":1},"f":{"0":12,"1":12,"2":0,"3":0,"4":12,"5":1,"6":0,"7":0,"8":0},"b":{"0":[10,2],"1":[9,3]},"_coverageSchema":"43e27e138ebf9cfc5966b082cf9a028302ed4184","hash":"5ab5e4cab5899c1688215be08e2082ea6cdf47f7"}
,"/Users/ecuyle/Documents/HackReactor/front-end-capstone/ecuyle-service/src/components/GuestPicker.jsx": {"path":"/Users/ecuyle/Documents/HackReactor/front-end-capstone/ecuyle-service/src/components/GuestPicker.jsx","statementMap":{"0":{"start":{"line":19,"column":4},"end":{"line":19,"column":17}},"1":{"start":{"line":20,"column":51},"end":{"line":20,"column":61}},"2":{"start":{"line":21,"column":4},"end":{"line":26,"column":6}},"3":{"start":{"line":28,"column":4},"end":{"line":28,"column":73}},"4":{"start":{"line":29,"column":4},"end":{"line":29,"column":71}},"5":{"start":{"line":30,"column":4},"end":{"line":30,"column":59}},"6":{"start":{"line":31,"column":4},"end":{"line":31,"column":59}},"7":{"start":{"line":32,"column":4},"end":{"line":32,"column":49}},"8":{"start":{"line":33,"column":4},"end":{"line":33,"column":59}},"9":{"start":{"line":37,"column":59},"end":{"line":37,"column":69}},"10":{"start":{"line":38,"column":4},"end":{"line":38,"column":44}},"11":{"start":{"line":39,"column":4},"end":{"line":39,"column":45}},"12":{"start":{"line":43,"column":29},"end":{"line":43,"column":39}},"13":{"start":{"line":44,"column":4},"end":{"line":46,"column":99}},"14":{"start":{"line":52,"column":8},"end":{"line":52,"column":18}},"15":{"start":{"line":54,"column":38},"end":{"line":54,"column":48}},"16":{"start":{"line":56,"column":4},"end":{"line":69,"column":5}},"17":{"start":{"line":57,"column":6},"end":{"line":68,"column":8}},"18":{"start":{"line":70,"column":4},"end":{"line":70,"column":14}},"19":{"start":{"line":74,"column":51},"end":{"line":74,"column":61}},"20":{"start":{"line":75,"column":22},"end":{"line":75,"column":45}},"21":{"start":{"line":76,"column":23},"end":{"line":82,"column":5}},"22":{"start":{"line":83,"column":4},"end":{"line":91,"column":5}},"23":{"start":{"line":84,"column":6},"end":{"line":90,"column":8}},"24":{"start":{"line":92,"column":4},"end":{"line":92,"column":22}},"25":{"start":{"line":96,"column":4},"end":{"line":100,"column":7}},"26":{"start":{"line":104,"column":29},"end":{"line":104,"column":39}},"27":{"start":{"line":105,"column":4},"end":{"line":109,"column":5}},"28":{"start":{"line":106,"column":6},"end":{"line":106,"column":24}},"29":{"start":{"line":108,"column":6},"end":{"line":108,"column":23}},"30":{"start":{"line":113,"column":4},"end":{"line":113,"column":22}},"31":{"start":{"line":117,"column":4},"end":{"line":119,"column":7}},"32":{"start":{"line":123,"column":4},"end":{"line":123,"column":36}},"33":{"start":{"line":124,"column":4},"end":{"line":126,"column":7}},"34":{"start":{"line":130,"column":51},"end":{"line":130,"column":61}},"35":{"start":{"line":131,"column":38},"end":{"line":131,"column":48}},"36":{"start":{"line":132,"column":25},"end":{"line":136,"column":5}},"37":{"start":{"line":137,"column":4},"end":{"line":137,"column":40}},"38":{"start":{"line":141,"column":49},"end":{"line":141,"column":59}},"39":{"start":{"line":142,"column":38},"end":{"line":142,"column":48}},"40":{"start":{"line":143,"column":4},"end":{"line":152,"column":5}},"41":{"start":{"line":144,"column":6},"end":{"line":144,"column":67}},"42":{"start":{"line":145,"column":6},"end":{"line":145,"column":35}},"43":{"start":{"line":146,"column":11},"end":{"line":152,"column":5}},"44":{"start":{"line":147,"column":6},"end":{"line":147,"column":69}},"45":{"start":{"line":148,"column":6},"end":{"line":148,"column":37}},"46":{"start":{"line":149,"column":11},"end":{"line":152,"column":5}},"47":{"start":{"line":150,"column":6},"end":{"line":150,"column":56}},"48":{"start":{"line":151,"column":6},"end":{"line":151,"column":36}},"49":{"start":{"line":156,"column":49},"end":{"line":156,"column":59}},"50":{"start":{"line":157,"column":4},"end":{"line":166,"column":5}},"51":{"start":{"line":158,"column":6},"end":{"line":158,"column":45}},"52":{"start":{"line":159,"column":6},"end":{"line":159,"column":35}},"53":{"start":{"line":160,"column":11},"end":{"line":166,"column":5}},"54":{"start":{"line":161,"column":6},"end":{"line":161,"column":49}},"55":{"start":{"line":162,"column":6},"end":{"line":162,"column":37}},"56":{"start":{"line":163,"column":11},"end":{"line":166,"column":5}},"57":{"start":{"line":164,"column":6},"end":{"line":164,"column":47}},"58":{"start":{"line":165,"column":6},"end":{"line":165,"column":36}},"59":{"start":{"line":170,"column":4},"end":{"line":185,"column":6}},"60":{"start":{"line":189,"column":0},"end":{"line":196,"column":2}},"61":{"start":{"line":198,"column":0},"end":{"line":205,"column":2}}},"fnMap":{"0":{"name":"(anonymous_0)","decl":{"start":{"line":18,"column":2},"end":{"line":18,"column":3}},"loc":{"start":{"line":18,"column":21},"end":{"line":34,"column":3}},"line":18},"1":{"name":"(anonymous_1)","decl":{"start":{"line":36,"column":2},"end":{"line":36,"column":3}},"loc":{"start":{"line":36,"column":22},"end":{"line":40,"column":3}},"line":36},"2":{"name":"(anonymous_2)","decl":{"start":{"line":42,"column":2},"end":{"line":42,"column":3}},"loc":{"start":{"line":42,"column":28},"end":{"line":47,"column":3}},"line":42},"3":{"name":"(anonymous_3)","decl":{"start":{"line":49,"column":2},"end":{"line":49,"column":3}},"loc":{"start":{"line":49,"column":26},"end":{"line":71,"column":3}},"line":49},"4":{"name":"(anonymous_4)","decl":{"start":{"line":73,"column":2},"end":{"line":73,"column":3}},"loc":{"start":{"line":73,"column":20},"end":{"line":93,"column":3}},"line":73},"5":{"name":"(anonymous_5)","decl":{"start":{"line":95,"column":2},"end":{"line":95,"column":3}},"loc":{"start":{"line":95,"column":20},"end":{"line":101,"column":3}},"line":95},"6":{"name":"(anonymous_6)","decl":{"start":{"line":103,"column":2},"end":{"line":103,"column":3}},"loc":{"start":{"line":103,"column":27},"end":{"line":110,"column":3}},"line":103},"7":{"name":"(anonymous_7)","decl":{"start":{"line":112,"column":2},"end":{"line":112,"column":3}},"loc":{"start":{"line":112,"column":26},"end":{"line":114,"column":3}},"line":112},"8":{"name":"(anonymous_8)","decl":{"start":{"line":116,"column":2},"end":{"line":116,"column":3}},"loc":{"start":{"line":116,"column":14},"end":{"line":120,"column":3}},"line":116},"9":{"name":"(anonymous_9)","decl":{"start":{"line":122,"column":2},"end":{"line":122,"column":3}},"loc":{"start":{"line":122,"column":15},"end":{"line":127,"column":3}},"line":122},"10":{"name":"(anonymous_10)","decl":{"start":{"line":129,"column":2},"end":{"line":129,"column":3}},"loc":{"start":{"line":129,"column":29},"end":{"line":138,"column":3}},"line":129},"11":{"name":"(anonymous_11)","decl":{"start":{"line":140,"column":2},"end":{"line":140,"column":3}},"loc":{"start":{"line":140,"column":24},"end":{"line":153,"column":3}},"line":140},"12":{"name":"(anonymous_12)","decl":{"start":{"line":155,"column":2},"end":{"line":155,"column":3}},"loc":{"start":{"line":155,"column":24},"end":{"line":167,"column":3}},"line":155},"13":{"name":"(anonymous_13)","decl":{"start":{"line":169,"column":2},"end":{"line":169,"column":3}},"loc":{"start":{"line":169,"column":11},"end":{"line":186,"column":3}},"line":169},"14":{"name":"(anonymous_14)","decl":{"start":{"line":193,"column":25},"end":{"line":193,"column":26}},"loc":{"start":{"line":193,"column":31},"end":{"line":193,"column":33}},"line":193}},"branchMap":{"0":{"loc":{"start":{"line":44,"column":11},"end":{"line":46,"column":98}},"type":"cond-expr","locations":[{"start":{"line":45,"column":8},"end":{"line":45,"column":88}},{"start":{"line":46,"column":8},"end":{"line":46,"column":98}}],"line":44},"1":{"loc":{"start":{"line":56,"column":4},"end":{"line":69,"column":5}},"type":"if","locations":[{"start":{"line":56,"column":4},"end":{"line":69,"column":5}},{"start":{"line":56,"column":4},"end":{"line":69,"column":5}}],"line":56},"2":{"loc":{"start":{"line":79,"column":24},"end":{"line":79,"column":60}},"type":"cond-expr","locations":[{"start":{"line":79,"column":40},"end":{"line":79,"column":49}},{"start":{"line":79,"column":52},"end":{"line":79,"column":60}}],"line":79},"3":{"loc":{"start":{"line":83,"column":4},"end":{"line":91,"column":5}},"type":"if","locations":[{"start":{"line":83,"column":4},"end":{"line":91,"column":5}},{"start":{"line":83,"column":4},"end":{"line":91,"column":5}}],"line":83},"4":{"loc":{"start":{"line":87,"column":32},"end":{"line":87,"column":71}},"type":"cond-expr","locations":[{"start":{"line":87,"column":49},"end":{"line":87,"column":59}},{"start":{"line":87,"column":62},"end":{"line":87,"column":71}}],"line":87},"5":{"loc":{"start":{"line":105,"column":4},"end":{"line":109,"column":5}},"type":"if","locations":[{"start":{"line":105,"column":4},"end":{"line":109,"column":5}},{"start":{"line":105,"column":4},"end":{"line":109,"column":5}}],"line":105},"6":{"loc":{"start":{"line":143,"column":4},"end":{"line":152,"column":5}},"type":"if","locations":[{"start":{"line":143,"column":4},"end":{"line":152,"column":5}},{"start":{"line":143,"column":4},"end":{"line":152,"column":5}}],"line":143},"7":{"loc":{"start":{"line":146,"column":11},"end":{"line":152,"column":5}},"type":"if","locations":[{"start":{"line":146,"column":11},"end":{"line":152,"column":5}},{"start":{"line":146,"column":11},"end":{"line":152,"column":5}}],"line":146},"8":{"loc":{"start":{"line":149,"column":11},"end":{"line":152,"column":5}},"type":"if","locations":[{"start":{"line":149,"column":11},"end":{"line":152,"column":5}},{"start":{"line":149,"column":11},"end":{"line":152,"column":5}}],"line":149},"9":{"loc":{"start":{"line":157,"column":4},"end":{"line":166,"column":5}},"type":"if","locations":[{"start":{"line":157,"column":4},"end":{"line":166,"column":5}},{"start":{"line":157,"column":4},"end":{"line":166,"column":5}}],"line":157},"10":{"loc":{"start":{"line":160,"column":11},"end":{"line":166,"column":5}},"type":"if","locations":[{"start":{"line":160,"column":11},"end":{"line":166,"column":5}},{"start":{"line":160,"column":11},"end":{"line":166,"column":5}}],"line":160},"11":{"loc":{"start":{"line":163,"column":11},"end":{"line":166,"column":5}},"type":"if","locations":[{"start":{"line":163,"column":11},"end":{"line":166,"column":5}},{"start":{"line":163,"column":11},"end":{"line":166,"column":5}}],"line":163}},"s":{"0":13,"1":13,"2":13,"3":13,"4":13,"5":13,"6":13,"7":13,"8":13,"9":13,"10":13,"11":13,"12":34,"13":34,"14":34,"15":34,"16":34,"17":4,"18":30,"19":34,"20":34,"21":34,"22":34,"23":2,"24":34,"25":0,"26":3,"27":3,"28":1,"29":2,"30":0,"31":2,"32":1,"33":1,"34":1,"35":1,"36":1,"37":1,"38":1,"39":1,"40":1,"41":1,"42":1,"43":0,"44":0,"45":0,"46":0,"47":0,"48":0,"49":0,"50":0,"51":0,"52":0,"53":0,"54":0,"55":0,"56":0,"57":0,"58":0,"59":34,"60":1,"61":1},"f":{"0":13,"1":13,"2":34,"3":34,"4":34,"5":0,"6":3,"7":0,"8":2,"9":1,"10":1,"11":1,"12":0,"13":34,"14":0},"b":{"0":[30,4],"1":[4,30],"2":[2,32],"3":[2,32],"4":[2,0],"5":[1,2],"6":[1,0],"7":[0,0],"8":[0,0],"9":[0,0],"10":[0,0],"11":[0,0]},"_coverageSchema":"43e27e138ebf9cfc5966b082cf9a028302ed4184","hash":"003a1cb0dd669ba49fd52e8f3b5b63604d74bfe0"}
,"/Users/ecuyle/Documents/HackReactor/front-end-capstone/ecuyle-service/src/components/Reservation.jsx": {"path":"/Users/ecuyle/Documents/HackReactor/front-end-capstone/ecuyle-service/src/components/Reservation.jsx","statementMap":{"0":{"start":{"line":18,"column":4},"end":{"line":18,"column":17}},"1":{"start":{"line":19,"column":4},"end":{"line":32,"column":6}},"2":{"start":{"line":34,"column":4},"end":{"line":34,"column":71}},"3":{"start":{"line":35,"column":4},"end":{"line":35,"column":71}},"4":{"start":{"line":36,"column":4},"end":{"line":36,"column":61}},"5":{"start":{"line":37,"column":4},"end":{"line":37,"column":69}},"6":{"start":{"line":38,"column":4},"end":{"line":38,"column":71}},"7":{"start":{"line":39,"column":4},"end":{"line":39,"column":73}},"8":{"start":{"line":40,"column":4},"end":{"line":40,"column":65}},"9":{"start":{"line":41,"column":4},"end":{"line":41,"column":63}},"10":{"start":{"line":42,"column":4},"end":{"line":42,"column":65}},"11":{"start":{"line":46,"column":4},"end":{"line":46,"column":30}},"12":{"start":{"line":50,"column":27},"end":{"line":50,"column":37}},"13":{"start":{"line":51,"column":4},"end":{"line":71,"column":9}},"14":{"start":{"line":53,"column":8},"end":{"line":67,"column":13}},"15":{"start":{"line":55,"column":12},"end":{"line":63,"column":15}},"16":{"start":{"line":66,"column":12},"end":{"line":66,"column":22}},"17":{"start":{"line":70,"column":8},"end":{"line":70,"column":18}},"18":{"start":{"line":75,"column":4},"end":{"line":77,"column":7}},"19":{"start":{"line":81,"column":4},"end":{"line":83,"column":7}},"20":{"start":{"line":87,"column":4},"end":{"line":89,"column":7}},"21":{"start":{"line":93,"column":4},"end":{"line":95,"column":7}},"22":{"start":{"line":99,"column":4},"end":{"line":101,"column":7}},"23":{"start":{"line":105,"column":51},"end":{"line":105,"column":63}},"24":{"start":{"line":106,"column":4},"end":{"line":110,"column":7}},"25":{"start":{"line":114,"column":34},"end":{"line":114,"column":45}},"26":{"start":{"line":115,"column":4},"end":{"line":118,"column":7}},"27":{"start":{"line":122,"column":23},"end":{"line":122,"column":24}},"28":{"start":{"line":123,"column":19},"end":{"line":123,"column":25}},"29":{"start":{"line":124,"column":56},"end":{"line":124,"column":66}},"30":{"start":{"line":125,"column":4},"end":{"line":128,"column":5}},"31":{"start":{"line":126,"column":6},"end":{"line":126,"column":35}},"32":{"start":{"line":127,"column":6},"end":{"line":127,"column":27}},"33":{"start":{"line":129,"column":4},"end":{"line":131,"column":5}},"34":{"start":{"line":130,"column":6},"end":{"line":130,"column":28}},"35":{"start":{"line":144,"column":8},"end":{"line":144,"column":18}},"36":{"start":{"line":146,"column":4},"end":{"line":160,"column":5}},"37":{"start":{"line":147,"column":6},"end":{"line":147,"column":35}},"38":{"start":{"line":148,"column":11},"end":{"line":160,"column":5}},"39":{"start":{"line":149,"column":6},"end":{"line":149,"column":36}},"40":{"start":{"line":151,"column":6},"end":{"line":159,"column":11}},"41":{"start":{"line":153,"column":10},"end":{"line":153,"column":27}},"42":{"start":{"line":154,"column":10},"end":{"line":154,"column":28}},"43":{"start":{"line":155,"column":10},"end":{"line":155,"column":36}},"44":{"start":{"line":158,"column":10},"end":{"line":158,"column":20}},"45":{"start":{"line":169,"column":8},"end":{"line":169,"column":18}},"46":{"start":{"line":170,"column":32},"end":{"line":170,"column":42}},"47":{"start":{"line":171,"column":36},"end":{"line":171,"column":46}},"48":{"start":{"line":172,"column":23},"end":{"line":172,"column":85}},"49":{"start":{"line":174,"column":4},"end":{"line":174,"column":60}},"50":{"start":{"line":175,"column":4},"end":{"line":175,"column":62}},"51":{"start":{"line":177,"column":4},"end":{"line":186,"column":6}},"52":{"start":{"line":205,"column":8},"end":{"line":205,"column":18}},"53":{"start":{"line":207,"column":4},"end":{"line":239,"column":6}},"54":{"start":{"line":243,"column":0},"end":{"line":245,"column":2}},"55":{"start":{"line":247,"column":0},"end":{"line":249,"column":2}}},"fnMap":{"0":{"name":"(anonymous_0)","decl":{"start":{"line":17,"column":2},"end":{"line":17,"column":3}},"loc":{"start":{"line":17,"column":21},"end":{"line":43,"column":3}},"line":17},"1":{"name":"(anonymous_1)","decl":{"start":{"line":27,"column":25},"end":{"line":27,"column":26}},"loc":{"start":{"line":27,"column":31},"end":{"line":27,"column":33}},"line":27},"2":{"name":"(anonymous_2)","decl":{"start":{"line":28,"column":26},"end":{"line":28,"column":27}},"loc":{"start":{"line":28,"column":32},"end":{"line":28,"column":34}},"line":28},"3":{"name":"(anonymous_3)","decl":{"start":{"line":29,"column":27},"end":{"line":29,"column":28}},"loc":{"start":{"line":29,"column":33},"end":{"line":29,"column":35}},"line":29},"4":{"name":"(anonymous_4)","decl":{"start":{"line":30,"column":22},"end":{"line":30,"column":23}},"loc":{"start":{"line":30,"column":28},"end":{"line":30,"column":30}},"line":30},"5":{"name":"(anonymous_5)","decl":{"start":{"line":31,"column":23},"end":{"line":31,"column":24}},"loc":{"start":{"line":31,"column":29},"end":{"line":31,"column":31}},"line":31},"6":{"name":"(anonymous_6)","decl":{"start":{"line":45,"column":2},"end":{"line":45,"column":3}},"loc":{"start":{"line":45,"column":22},"end":{"line":47,"column":3}},"line":45},"7":{"name":"(anonymous_7)","decl":{"start":{"line":49,"column":2},"end":{"line":49,"column":3}},"loc":{"start":{"line":49,"column":23},"end":{"line":72,"column":3}},"line":49},"8":{"name":"(anonymous_8)","decl":{"start":{"line":52,"column":12},"end":{"line":52,"column":13}},"loc":{"start":{"line":52,"column":26},"end":{"line":68,"column":7}},"line":52},"9":{"name":"(anonymous_9)","decl":{"start":{"line":54,"column":16},"end":{"line":54,"column":17}},"loc":{"start":{"line":54,"column":34},"end":{"line":64,"column":11}},"line":54},"10":{"name":"(anonymous_10)","decl":{"start":{"line":65,"column":17},"end":{"line":65,"column":18}},"loc":{"start":{"line":65,"column":26},"end":{"line":67,"column":11}},"line":65},"11":{"name":"(anonymous_11)","decl":{"start":{"line":69,"column":13},"end":{"line":69,"column":14}},"loc":{"start":{"line":69,"column":22},"end":{"line":71,"column":7}},"line":69},"12":{"name":"(anonymous_12)","decl":{"start":{"line":74,"column":2},"end":{"line":74,"column":3}},"loc":{"start":{"line":74,"column":42},"end":{"line":78,"column":3}},"line":74},"13":{"name":"(anonymous_13)","decl":{"start":{"line":80,"column":2},"end":{"line":80,"column":3}},"loc":{"start":{"line":80,"column":36},"end":{"line":84,"column":3}},"line":80},"14":{"name":"(anonymous_14)","decl":{"start":{"line":86,"column":2},"end":{"line":86,"column":3}},"loc":{"start":{"line":86,"column":44},"end":{"line":90,"column":3}},"line":86},"15":{"name":"(anonymous_15)","decl":{"start":{"line":92,"column":2},"end":{"line":92,"column":3}},"loc":{"start":{"line":92,"column":46},"end":{"line":96,"column":3}},"line":92},"16":{"name":"(anonymous_16)","decl":{"start":{"line":98,"column":2},"end":{"line":98,"column":3}},"loc":{"start":{"line":98,"column":38},"end":{"line":102,"column":3}},"line":98},"17":{"name":"(anonymous_17)","decl":{"start":{"line":104,"column":2},"end":{"line":104,"column":3}},"loc":{"start":{"line":104,"column":38},"end":{"line":111,"column":3}},"line":104},"18":{"name":"(anonymous_18)","decl":{"start":{"line":113,"column":2},"end":{"line":113,"column":3}},"loc":{"start":{"line":113,"column":37},"end":{"line":119,"column":3}},"line":113},"19":{"name":"(anonymous_19)","decl":{"start":{"line":121,"column":2},"end":{"line":121,"column":3}},"loc":{"start":{"line":121,"column":22},"end":{"line":132,"column":3}},"line":121},"20":{"name":"(anonymous_20)","decl":{"start":{"line":134,"column":2},"end":{"line":134,"column":3}},"loc":{"start":{"line":134,"column":23},"end":{"line":161,"column":3}},"line":134},"21":{"name":"(anonymous_21)","decl":{"start":{"line":152,"column":14},"end":{"line":152,"column":15}},"loc":{"start":{"line":152,"column":20},"end":{"line":156,"column":9}},"line":152},"22":{"name":"(anonymous_22)","decl":{"start":{"line":157,"column":15},"end":{"line":157,"column":16}},"loc":{"start":{"line":157,"column":24},"end":{"line":159,"column":9}},"line":157},"23":{"name":"(anonymous_23)","decl":{"start":{"line":163,"column":2},"end":{"line":163,"column":3}},"loc":{"start":{"line":163,"column":21},"end":{"line":187,"column":3}},"line":163},"24":{"name":"(anonymous_24)","decl":{"start":{"line":189,"column":2},"end":{"line":189,"column":3}},"loc":{"start":{"line":189,"column":11},"end":{"line":240,"column":3}},"line":189}},"branchMap":{"0":{"loc":{"start":{"line":125,"column":4},"end":{"line":128,"column":5}},"type":"if","locations":[{"start":{"line":125,"column":4},"end":{"line":128,"column":5}},{"start":{"line":125,"column":4},"end":{"line":128,"column":5}}],"line":125},"1":{"loc":{"start":{"line":125,"column":8},"end":{"line":125,"column":143}},"type":"binary-expr","locations":[{"start":{"line":125,"column":8},"end":{"line":125,"column":24}},{"start":{"line":125,"column":28},"end":{"line":125,"column":45}},{"start":{"line":125,"column":49},"end":{"line":125,"column":85}},{"start":{"line":125,"column":89},"end":{"line":125,"column":143}}],"line":125},"2":{"loc":{"start":{"line":129,"column":4},"end":{"line":131,"column":5}},"type":"if","locations":[{"start":{"line":129,"column":4},"end":{"line":131,"column":5}},{"start":{"line":129,"column":4},"end":{"line":131,"column":5}}],"line":129},"3":{"loc":{"start":{"line":129,"column":8},"end":{"line":129,"column":104}},"type":"binary-expr","locations":[{"start":{"line":129,"column":8},"end":{"line":129,"column":45}},{"start":{"line":129,"column":49},"end":{"line":129,"column":104}}],"line":129},"4":{"loc":{"start":{"line":146,"column":4},"end":{"line":160,"column":5}},"type":"if","locations":[{"start":{"line":146,"column":4},"end":{"line":160,"column":5}},{"start":{"line":146,"column":4},"end":{"line":160,"column":5}}],"line":146},"5":{"loc":{"start":{"line":148,"column":11},"end":{"line":160,"column":5}},"type":"if","locations":[{"start":{"line":148,"column":11},"end":{"line":160,"column":5}},{"start":{"line":148,"column":11},"end":{"line":160,"column":5}}],"line":148},"6":{"loc":{"start":{"line":234,"column":10},"end":{"line":236,"column":14}},"type":"cond-expr","locations":[{"start":{"line":235,"column":12},"end":{"line":235,"column":65}},{"start":{"line":236,"column":12},"end":{"line":236,"column":14}}],"line":234}},"s":{"0":13,"1":13,"2":13,"3":13,"4":13,"5":13,"6":13,"7":13,"8":13,"9":13,"10":13,"11":13,"12":13,"13":13,"14":0,"15":0,"16":0,"17":0,"18":13,"19":13,"20":13,"21":13,"22":13,"23":1,"24":1,"25":2,"26":2,"27":14,"28":14,"29":14,"30":14,"31":0,"32":0,"33":14,"34":0,"35":2,"36":2,"37":1,"38":1,"39":0,"40":1,"41":0,"42":0,"43":0,"44":0,"45":1,"46":1,"47":1,"48":1,"49":1,"50":1,"51":1,"52":30,"53":30,"54":1,"55":1},"f":{"0":13,"1":0,"2":0,"3":0,"4":0,"5":0,"6":13,"7":13,"8":0,"9":0,"10":0,"11":0,"12":13,"13":13,"14":13,"15":13,"16":13,"17":1,"18":2,"19":14,"20":2,"21":0,"22":0,"23":1,"24":30},"b":{"0":[0,14],"1":[14,11,9,0],"2":[0,14],"3":[14,0],"4":[1,1],"5":[0,1],"6":[0,30]},"_coverageSchema":"43e27e138ebf9cfc5966b082cf9a028302ed4184","hash":"29e7a2d9cf461e83e430a8ae2e5ad385a42d7c93"}
,"/Users/ecuyle/Documents/HackReactor/front-end-capstone/ecuyle-service/src/components/ReservationConfirmation.jsx": {"path":"/Users/ecuyle/Documents/HackReactor/front-end-capstone/ecuyle-service/src/components/ReservationConfirmation.jsx","statementMap":{"0":{"start":{"line":9,"column":32},"end":{"line":21,"column":1}},"1":{"start":{"line":10,"column":33},"end":{"line":10,"column":38}},"2":{"start":{"line":11,"column":2},"end":{"line":20,"column":4}}},"fnMap":{"0":{"name":"(anonymous_0)","decl":{"start":{"line":9,"column":32},"end":{"line":9,"column":33}},"loc":{"start":{"line":9,"column":43},"end":{"line":21,"column":1}},"line":9}},"branchMap":{},"s":{"0":1,"1":30,"2":30},"f":{"0":30},"b":{},"_coverageSchema":"43e27e138ebf9cfc5966b082cf9a028302ed4184","hash":"881a8b93ddb7f6fd193f7b54788dc70c1d4f7c2a"}
,"/Users/ecuyle/Documents/HackReactor/front-end-capstone/ecuyle-service/src/components/ReservationDetails.jsx": {"path":"/Users/ecuyle/Documents/HackReactor/front-end-capstone/ecuyle-service/src/components/ReservationDetails.jsx","statementMap":{"0":{"start":{"line":13,"column":27},"end":{"line":53,"column":1}},"1":{"start":{"line":14,"column":28},"end":{"line":19,"column":3}},"2":{"start":{"line":15,"column":4},"end":{"line":17,"column":5}},"3":{"start":{"line":15,"column":17},"end":{"line":15,"column":29}},"4":{"start":{"line":16,"column":6},"end":{"line":16,"column":48}},"5":{"start":{"line":18,"column":4},"end":{"line":18,"column":17}},"6":{"start":{"line":21,"column":19},"end":{"line":30,"column":3}},"7":{"start":{"line":22,"column":18},"end":{"line":22,"column":20}},"8":{"start":{"line":23,"column":4},"end":{"line":25,"column":5}},"9":{"start":{"line":23,"column":17},"end":{"line":23,"column":18}},"10":{"start":{"line":24,"column":6},"end":{"line":24,"column":47}},"11":{"start":{"line":26,"column":4},"end":{"line":28,"column":5}},"12":{"start":{"line":27,"column":6},"end":{"line":27,"column":58}},"13":{"start":{"line":29,"column":4},"end":{"line":29,"column":36}},"14":{"start":{"line":32,"column":59},"end":{"line":32,"column":64}},"15":{"start":{"line":34,"column":2},"end":{"line":52,"column":4}},"16":{"start":{"line":55,"column":0},"end":{"line":59,"column":2}},"17":{"start":{"line":61,"column":0},"end":{"line":65,"column":2}}},"fnMap":{"0":{"name":"(anonymous_0)","decl":{"start":{"line":13,"column":27},"end":{"line":13,"column":28}},"loc":{"start":{"line":13,"column":38},"end":{"line":53,"column":1}},"line":13},"1":{"name":"(anonymous_1)","decl":{"start":{"line":14,"column":28},"end":{"line":14,"column":29}},"loc":{"start":{"line":14,"column":39},"end":{"line":19,"column":3}},"line":14},"2":{"name":"(anonymous_2)","decl":{"start":{"line":21,"column":19},"end":{"line":21,"column":20}},"loc":{"start":{"line":21,"column":38},"end":{"line":30,"column":3}},"line":21}},"branchMap":{"0":{"loc":{"start":{"line":26,"column":4},"end":{"line":28,"column":5}},"type":"if","locations":[{"start":{"line":26,"column":4},"end":{"line":28,"column":5}},{"start":{"line":26,"column":4},"end":{"line":28,"column":5}}],"line":26}},"s":{"0":1,"1":30,"2":30,"3":30,"4":150,"5":30,"6":30,"7":30,"8":30,"9":30,"10":0,"11":30,"12":0,"13":30,"14":30,"15":30,"16":1,"17":1},"f":{"0":30,"1":30,"2":30},"b":{"0":[0,30]},"_coverageSchema":"43e27e138ebf9cfc5966b082cf9a028302ed4184","hash":"05a6512590854267ad8f410a5f2d0b9b7737d114"}
,"/Users/ecuyle/Documents/HackReactor/front-end-capstone/ecuyle-service/src/components/ReservationHook.jsx": {"path":"/Users/ecuyle/Documents/HackReactor/front-end-capstone/ecuyle-service/src/components/ReservationHook.jsx","statementMap":{"0":{"start":{"line":12,"column":24},"end":{"line":25,"column":1}},"1":{"start":{"line":13,"column":2},"end":{"line":24,"column":12}}},"fnMap":{"0":{"name":"(anonymous_0)","decl":{"start":{"line":12,"column":24},"end":{"line":12,"column":25}},"loc":{"start":{"line":13,"column":2},"end":{"line":24,"column":12}},"line":13}},"branchMap":{},"s":{"0":1,"1":1},"f":{"0":1},"b":{},"_coverageSchema":"43e27e138ebf9cfc5966b082cf9a028302ed4184","hash":"234589c36524f85f7ac0447bae9eb5de1570c007"}
,"/Users/ecuyle/Documents/HackReactor/front-end-capstone/ecuyle-service/src/components/Star.jsx": {"path":"/Users/ecuyle/Documents/HackReactor/front-end-capstone/ecuyle-service/src/components/Star.jsx","statementMap":{"0":{"start":{"line":4,"column":13},"end":{"line":14,"column":1}},"1":{"start":{"line":6,"column":19},"end":{"line":6,"column":24}},"2":{"start":{"line":7,"column":2},"end":{"line":7,"column":47}},"3":{"start":{"line":7,"column":23},"end":{"line":7,"column":47}},"4":{"start":{"line":8,"column":2},"end":{"line":8,"column":58}},"5":{"start":{"line":8,"column":23},"end":{"line":8,"column":58}},"6":{"start":{"line":9,"column":2},"end":{"line":9,"column":56}},"7":{"start":{"line":9,"column":24},"end":{"line":9,"column":56}},"8":{"start":{"line":11,"column":2},"end":{"line":13,"column":4}},"9":{"start":{"line":16,"column":0},"end":{"line":18,"column":2}}},"fnMap":{"0":{"name":"(anonymous_0)","decl":{"start":{"line":4,"column":13},"end":{"line":4,"column":14}},"loc":{"start":{"line":4,"column":24},"end":{"line":14,"column":1}},"line":4}},"branchMap":{"0":{"loc":{"start":{"line":7,"column":2},"end":{"line":7,"column":47}},"type":"if","locations":[{"start":{"line":7,"column":2},"end":{"line":7,"column":47}},{"start":{"line":7,"column":2},"end":{"line":7,"column":47}}],"line":7},"1":{"loc":{"start":{"line":8,"column":2},"end":{"line":8,"column":58}},"type":"if","locations":[{"start":{"line":8,"column":2},"end":{"line":8,"column":58}},{"start":{"line":8,"column":2},"end":{"line":8,"column":58}}],"line":8},"2":{"loc":{"start":{"line":9,"column":2},"end":{"line":9,"column":56}},"type":"if","locations":[{"start":{"line":9,"column":2},"end":{"line":9,"column":56}},{"start":{"line":9,"column":2},"end":{"line":9,"column":56}}],"line":9}},"s":{"0":1,"1":153,"2":153,"3":1,"4":153,"5":1,"6":153,"7":151,"8":153,"9":1},"f":{"0":153},"b":{"0":[1,152],"1":[1,152],"2":[151,2]},"_coverageSchema":"43e27e138ebf9cfc5966b082cf9a028302ed4184","hash":"4b7882d5d10ece678acd9a554c9f698f971862bb"}
,"/Users/ecuyle/Documents/HackReactor/front-end-capstone/ecuyle-service/src/controller/index.js": {"path":"/Users/ecuyle/Documents/HackReactor/front-end-capstone/ecuyle-service/src/controller/index.js","statementMap":{"0":{"start":{"line":3,"column":19},"end":{"line":33,"column":1}},"1":{"start":{"line":4,"column":41},"end":{"line":12,"column":4}},"2":{"start":{"line":5,"column":4},"end":{"line":11,"column":9}},"3":{"start":{"line":7,"column":8},"end":{"line":7,"column":34}},"4":{"start":{"line":10,"column":8},"end":{"line":10,"column":20}},"5":{"start":{"line":14,"column":46},"end":{"line":22,"column":4}},"6":{"start":{"line":15,"column":4},"end":{"line":21,"column":9}},"7":{"start":{"line":17,"column":8},"end":{"line":17,"column":31}},"8":{"start":{"line":20,"column":8},"end":{"line":20,"column":20}},"9":{"start":{"line":24,"column":47},"end":{"line":32,"column":4}},"10":{"start":{"line":25,"column":4},"end":{"line":31,"column":9}},"11":{"start":{"line":27,"column":8},"end":{"line":27,"column":26}},"12":{"start":{"line":30,"column":8},"end":{"line":30,"column":20}}},"fnMap":{"0":{"name":"(anonymous_0)","decl":{"start":{"line":4,"column":26},"end":{"line":4,"column":27}},"loc":{"start":{"line":4,"column":41},"end":{"line":12,"column":4}},"line":4},"1":{"name":"(anonymous_1)","decl":{"start":{"line":4,"column":53},"end":{"line":4,"column":54}},"loc":{"start":{"line":4,"column":74},"end":{"line":12,"column":3}},"line":4},"2":{"name":"(anonymous_2)","decl":{"start":{"line":6,"column":12},"end":{"line":6,"column":13}},"loc":{"start":{"line":6,"column":26},"end":{"line":8,"column":7}},"line":6},"3":{"name":"(anonymous_3)","decl":{"start":{"line":9,"column":13},"end":{"line":9,"column":14}},"loc":{"start":{"line":9,"column":22},"end":{"line":11,"column":7}},"line":9},"4":{"name":"(anonymous_4)","decl":{"start":{"line":14,"column":31},"end":{"line":14,"column":32}},"loc":{"start":{"line":14,"column":46},"end":{"line":22,"column":4}},"line":14},"5":{"name":"(anonymous_5)","decl":{"start":{"line":14,"column":58},"end":{"line":14,"column":59}},"loc":{"start":{"line":14,"column":79},"end":{"line":22,"column":3}},"line":14},"6":{"name":"(anonymous_6)","decl":{"start":{"line":16,"column":12},"end":{"line":16,"column":13}},"loc":{"start":{"line":16,"column":26},"end":{"line":18,"column":7}},"line":16},"7":{"name":"(anonymous_7)","decl":{"start":{"line":19,"column":13},"end":{"line":19,"column":14}},"loc":{"start":{"line":19,"column":22},"end":{"line":21,"column":7}},"line":19},"8":{"name":"(anonymous_8)","decl":{"start":{"line":24,"column":31},"end":{"line":24,"column":32}},"loc":{"start":{"line":24,"column":47},"end":{"line":32,"column":4}},"line":24},"9":{"name":"(anonymous_9)","decl":{"start":{"line":24,"column":59},"end":{"line":24,"column":60}},"loc":{"start":{"line":24,"column":80},"end":{"line":32,"column":3}},"line":24},"10":{"name":"(anonymous_10)","decl":{"start":{"line":26,"column":12},"end":{"line":26,"column":13}},"loc":{"start":{"line":26,"column":26},"end":{"line":28,"column":7}},"line":26},"11":{"name":"(anonymous_11)","decl":{"start":{"line":29,"column":13},"end":{"line":29,"column":14}},"loc":{"start":{"line":29,"column":22},"end":{"line":31,"column":7}},"line":29}},"branchMap":{},"s":{"0":1,"1":14,"2":14,"3":0,"4":0,"5":2,"6":2,"7":0,"8":0,"9":2,"10":2,"11":0,"12":0},"f":{"0":14,"1":14,"2":0,"3":0,"4":2,"5":2,"6":0,"7":0,"8":2,"9":2,"10":0,"11":0},"b":{},"_coverageSchema":"43e27e138ebf9cfc5966b082cf9a028302ed4184","hash":"eb0bd6812ff0950373c9731df155c10249f80e5e"}
,"/Users/ecuyle/Documents/HackReactor/front-end-capstone/ecuyle-service/src/styles/Reservation.jsx": {"path":"/Users/ecuyle/Documents/HackReactor/front-end-capstone/ecuyle-service/src/styles/Reservation.jsx","statementMap":{"0":{"start":{"line":4,"column":26},"end":{"line":14,"column":1}}},"fnMap":{},"branchMap":{},"s":{"0":1},"f":{},"b":{},"_coverageSchema":"43e27e138ebf9cfc5966b082cf9a028302ed4184","hash":"04dcbf2ed4e4f0f372e2cadcb5237e3a8af6779a"}
,"/Users/ecuyle/Documents/HackReactor/front-end-capstone/ecuyle-service/src/styles/common.jsx": {"path":"/Users/ecuyle/Documents/HackReactor/front-end-capstone/ecuyle-service/src/styles/common.jsx","statementMap":{"0":{"start":{"line":6,"column":22},"end":{"line":16,"column":1}},"1":{"start":{"line":21,"column":20},"end":{"line":27,"column":1}},"2":{"start":{"line":29,"column":22},"end":{"line":35,"column":1}},"3":{"start":{"line":37,"column":22},"end":{"line":41,"column":1}},"4":{"start":{"line":43,"column":27},"end":{"line":45,"column":1}},"5":{"start":{"line":47,"column":26},"end":{"line":49,"column":1}},"6":{"start":{"line":51,"column":22},"end":{"line":57,"column":1}},"7":{"start":{"line":59,"column":27},"end":{"line":64,"column":1}},"8":{"start":{"line":66,"column":27},"end":{"line":70,"column":1}},"9":{"start":{"line":72,"column":32},"end":{"line":78,"column":1}},"10":{"start":{"line":80,"column":25},"end":{"line":86,"column":1}},"11":{"start":{"line":88,"column":21},"end":{"line":92,"column":1}},"12":{"start":{"line":97,"column":34},"end":{"line":109,"column":1}},"13":{"start":{"line":111,"column":28},"end":{"line":125,"column":1}},"14":{"start":{"line":127,"column":34},"end":{"line":133,"column":1}},"15":{"start":{"line":135,"column":26},"end":{"line":148,"column":1}},"16":{"start":{"line":153,"column":26},"end":{"line":158,"column":1}},"17":{"start":{"line":160,"column":23},"end":{"line":163,"column":1}},"18":{"start":{"line":165,"column":26},"end":{"line":170,"column":1}},"19":{"start":{"line":172,"column":31},"end":{"line":176,"column":1}},"20":{"start":{"line":178,"column":33},"end":{"line":187,"column":1}},"21":{"start":{"line":189,"column":27},"end":{"line":191,"column":1}},"22":{"start":{"line":193,"column":26},"end":{"line":196,"column":1}},"23":{"start":{"line":198,"column":29},"end":{"line":198,"column":49}},"24":{"start":{"line":200,"column":30},"end":{"line":200,"column":50}},"25":{"start":{"line":202,"column":27},"end":{"line":205,"column":1}},"26":{"start":{"line":207,"column":28},"end":{"line":209,"column":1}},"27":{"start":{"line":211,"column":31},"end":{"line":215,"column":1}},"28":{"start":{"line":217,"column":27},"end":{"line":218,"column":1}},"29":{"start":{"line":220,"column":28},"end":{"line":221,"column":1}},"30":{"start":{"line":223,"column":32},"end":{"line":226,"column":1}},"31":{"start":{"line":228,"column":29},"end":{"line":230,"column":1}},"32":{"start":{"line":232,"column":30},"end":{"line":234,"column":1}},"33":{"start":{"line":236,"column":31},"end":{"line":238,"column":1}},"34":{"start":{"line":240,"column":35},"end":{"line":246,"column":1}},"35":{"start":{"line":251,"column":21},"end":{"line":260,"column":1}},"36":{"start":{"line":262,"column":29},"end":{"line":267,"column":1}},"37":{"start":{"line":269,"column":29},"end":{"line":272,"column":1}},"38":{"start":{"line":274,"column":30},"end":{"line":276,"column":1}},"39":{"start":{"line":278,"column":31},"end":{"line":280,"column":1}},"40":{"start":{"line":285,"column":30},"end":{"line":291,"column":1}},"41":{"start":{"line":293,"column":33},"end":{"line":296,"column":1}},"42":{"start":{"line":298,"column":36},"end":{"line":303,"column":1}},"43":{"start":{"line":305,"column":25},"end":{"line":315,"column":1}},"44":{"start":{"line":317,"column":36},"end":{"line":322,"column":1}},"45":{"start":{"line":324,"column":33},"end":{"line":329,"column":1}},"46":{"start":{"line":331,"column":31},"end":{"line":335,"column":1}},"47":{"start":{"line":337,"column":29},"end":{"line":340,"column":1}},"48":{"start":{"line":342,"column":37},"end":{"line":344,"column":1}},"49":{"start":{"line":346,"column":35},"end":{"line":349,"column":1}},"50":{"start":{"line":351,"column":35},"end":{"line":355,"column":1}},"51":{"start":{"line":357,"column":31},"end":{"line":362,"column":1}},"52":{"start":{"line":364,"column":38},"end":{"line":366,"column":1}},"53":{"start":{"line":368,"column":36},"end":{"line":381,"column":1}},"54":{"start":{"line":383,"column":37},"end":{"line":390,"column":1}},"55":{"start":{"line":392,"column":38},"end":{"line":399,"column":1}},"56":{"start":{"line":401,"column":36},"end":{"line":404,"column":1}}},"fnMap":{},"branchMap":{},"s":{"0":1,"1":1,"2":1,"3":1,"4":1,"5":1,"6":1,"7":1,"8":1,"9":1,"10":1,"11":1,"12":1,"13":1,"14":1,"15":1,"16":1,"17":1,"18":1,"19":1,"20":1,"21":1,"22":1,"23":1,"24":1,"25":1,"26":1,"27":1,"28":1,"29":1,"30":1,"31":1,"32":1,"33":1,"34":1,"35":1,"36":1,"37":1,"38":1,"39":1,"40":1,"41":1,"42":1,"43":1,"44":1,"45":1,"46":1,"47":1,"48":1,"49":1,"50":1,"51":1,"52":1,"53":1,"54":1,"55":1,"56":1},"f":{},"b":{},"_coverageSchema":"43e27e138ebf9cfc5966b082cf9a028302ed4184","hash":"f65845fb89e8d7e76902ad2e193fd587f64f110f"}
}
