TN:
SF:/Users/ecuyle/Documents/HackReactor/front-end-capstone/ecuyle-service/src/DateIterator.js
FN:1,(anonymous_0)
FN:8,(anonymous_1)
FNF:2
FNH:2
FNDA:9,(anonymous_0)
FNDA:315,(anonymous_1)
DA:1,1
DA:4,9
DA:5,9
DA:6,9
DA:7,9
DA:8,9
DA:9,315
DA:10,261
DA:11,261
DA:12,261
DA:13,252
DA:15,9
DA:17,54
DA:19,9
LF:14
LH:14
BRDA:9,0,0,261
BRDA:9,0,1,54
BRDA:12,1,0,252
BRDA:12,1,1,9
BRF:4
BRH:4
end_of_record
TN:
SF:/Users/ecuyle/Documents/HackReactor/front-end-capstone/ecuyle-service/src/helpers.js
FN:5,(anonymous_0)
FN:10,(anonymous_1)
FN:20,(anonymous_2)
FN:27,(anonymous_3)
FN:30,(anonymous_4)
FN:37,(anonymous_5)
FNF:6
FNH:6
FNDA:252,(anonymous_0)
FNDA:99,(anonymous_1)
FNDA:252,(anonymous_2)
FNDA:252,(anonymous_3)
FNDA:22,(anonymous_4)
FNDA:558,(anonymous_5)
DA:4,1
DA:6,252
DA:7,252
DA:8,99
DA:13,99
DA:14,99
DA:15,22
DA:16,22
DA:18,99
DA:21,252
DA:22,252
DA:23,81
DA:25,252
DA:28,252
DA:29,252
DA:30,99
DA:31,22
DA:32,22
DA:33,22
DA:34,22
DA:38,558
LF:21
LH:21
BRDA:7,0,0,153
BRDA:7,0,1,99
BRDA:16,1,0,0
BRDA:16,1,1,22
BRDA:29,2,0,153
BRDA:29,2,1,99
BRDA:33,3,0,0
BRDA:33,3,1,22
BRDA:33,4,0,22
BRDA:33,4,1,11
BRF:10
BRH:8
end_of_record
TN:
SF:/Users/ecuyle/Documents/HackReactor/front-end-capstone/ecuyle-service/src/components/App.jsx
FN:5,(anonymous_0)
FN:10,(anonymous_1)
FNF:2
FNH:2
FNDA:1,(anonymous_0)
FNDA:1,(anonymous_1)
DA:6,1
DA:7,1
DA:11,1
LF:3
LH:3
BRF:0
BRH:0
end_of_record
TN:
SF:/Users/ecuyle/Documents/HackReactor/front-end-capstone/ecuyle-service/src/components/Calendar.jsx
FN:20,(anonymous_0)
FN:42,(anonymous_1)
FN:47,(anonymous_2)
FN:59,(anonymous_3)
FN:65,(anonymous_4)
FN:71,(anonymous_5)
FN:122,(anonymous_6)
FN:127,(anonymous_7)
FN:157,(anonymous_8)
FNF:9
FNH:6
FNDA:5,(anonymous_0)
FNDA:5,(anonymous_1)
FNDA:5,(anonymous_2)
FNDA:0,(anonymous_3)
FNDA:0,(anonymous_4)
FNDA:9,(anonymous_5)
FNDA:0,(anonymous_6)
FNDA:9,(anonymous_7)
FNDA:54,(anonymous_8)
DA:21,5
DA:22,5
DA:31,5
DA:38,5
DA:39,5
DA:43,5
DA:44,5
DA:48,5
DA:49,5
DA:50,5
DA:51,5
DA:60,0
DA:61,0
DA:62,0
DA:66,0
DA:67,0
DA:68,0
DA:72,9
DA:73,9
DA:77,9
DA:81,9
DA:82,9
DA:84,9
DA:85,54
DA:86,54
DA:87,54
DA:88,378
DA:89,9
DA:90,9
DA:91,9
DA:92,9
DA:97,369
DA:98,252
DA:99,252
DA:100,243
DA:101,243
DA:107,9
DA:108,9
DA:109,9
DA:112,117
DA:113,117
DA:116,54
DA:119,9
DA:123,0
DA:124,0
DA:133,9
DA:134,9
DA:135,9
DA:137,9
DA:158,54
DA:159,9
DA:161,45
LF:52
LH:44
BRDA:88,0,0,9
BRDA:88,0,1,369
BRDA:88,1,0,378
BRDA:88,1,1,54
BRDA:97,2,0,252
BRDA:97,2,1,117
BRDA:97,3,0,369
BRDA:97,3,1,324
BRDA:99,4,0,243
BRDA:99,4,1,9
BRDA:116,5,0,45
BRDA:116,5,1,9
BRDA:158,6,0,9
BRDA:158,6,1,45
BRF:14
BRH:14
end_of_record
TN:
SF:/Users/ecuyle/Documents/HackReactor/front-end-capstone/ecuyle-service/src/components/CalendarHeader.jsx
FN:9,(anonymous_0)
FNF:1
FNH:1
FNDA:9,(anonymous_0)
DA:9,1
DA:10,9
DA:11,9
LF:3
LH:3
BRF:0
BRH:0
end_of_record
TN:
SF:/Users/ecuyle/Documents/HackReactor/front-end-capstone/ecuyle-service/src/components/CalendarRow.jsx
FN:17,(anonymous_0)
FN:26,(anonymous_1)
FN:29,(anonymous_2)
FN:41,(anonymous_3)
FN:52,(anonymous_4)
FN:61,(anonymous_5)
FNF:6
FNH:4
FNDA:45,(anonymous_0)
FNDA:45,(anonymous_1)
FNDA:315,(anonymous_2)
FNDA:0,(anonymous_3)
FNDA:0,(anonymous_4)
FNDA:2,(anonymous_5)
DA:17,1
DA:24,45
DA:26,45
DA:27,45
DA:28,45
DA:29,45
DA:30,315
DA:31,315
DA:32,216
DA:38,99
DA:39,2
DA:41,0
DA:49,97
DA:50,0
DA:52,0
DA:60,97
DA:61,2
DA:68,45
LF:18
LH:15
BRDA:31,0,0,216
BRDA:31,0,1,99
BRDA:38,1,0,2
BRDA:38,1,1,97
BRDA:38,2,0,99
BRDA:38,2,1,98
BRDA:49,3,0,0
BRDA:49,3,1,97
BRF:8
BRH:7
end_of_record
TN:
SF:/Users/ecuyle/Documents/HackReactor/front-end-capstone/ecuyle-service/src/components/DateModal.jsx
FN:11,(anonymous_0)
FN:21,(anonymous_1)
FNF:2
FNH:2
FNDA:9,(anonymous_0)
FNDA:9,(anonymous_1)
DA:11,1
DA:19,9
DA:21,9
DA:22,9
DA:23,2
DA:31,7
DA:34,9
LF:7
LH:7
BRDA:22,0,0,2
BRDA:22,0,1,7
BRDA:22,1,0,9
BRDA:22,1,1,8
BRF:4
BRH:4
end_of_record
TN:
SF:/Users/ecuyle/Documents/HackReactor/front-end-capstone/ecuyle-service/src/components/DatePicker.jsx
FN:18,(anonymous_0)
FN:32,(anonymous_1)
FN:41,(anonymous_2)
FN:68,(anonymous_3)
FN:73,(anonymous_4)
FN:74,(anonymous_5)
FN:77,(anonymous_6)
FN:78,(anonymous_7)
FN:81,(anonymous_8)
FN:86,(anonymous_9)
FN:87,(anonymous_10)
FN:90,(anonymous_11)
FN:91,(anonymous_12)
FN:94,(anonymous_13)
FN:106,(anonymous_14)
FN:118,(anonymous_15)
FN:131,(anonymous_16)
FN:140,(anonymous_17)
FN:145,(anonymous_18)
FN:150,(anonymous_19)
FN:157,(anonymous_20)
FN:164,(anonymous_21)
FNF:22
FNH:13
FNDA:13,(anonymous_0)
FNDA:13,(anonymous_1)
FNDA:37,(anonymous_2)
FNDA:37,(anonymous_3)
FNDA:0,(anonymous_4)
FNDA:0,(anonymous_5)
FNDA:3,(anonymous_6)
FNDA:0,(anonymous_7)
FNDA:37,(anonymous_8)
FNDA:0,(anonymous_9)
FNDA:0,(anonymous_10)
FNDA:2,(anonymous_11)
FNDA:0,(anonymous_12)
FNDA:1,(anonymous_13)
FNDA:1,(anonymous_14)
FNDA:0,(anonymous_15)
FNDA:2,(anonymous_16)
FNDA:5,(anonymous_17)
FNDA:0,(anonymous_18)
FNDA:6,(anonymous_19)
FNDA:0,(anonymous_20)
FNDA:37,(anonymous_21)
DA:19,13
DA:20,13
DA:25,13
DA:26,13
DA:27,13
DA:28,13
DA:29,13
DA:36,13
DA:37,13
DA:38,13
DA:45,37
DA:49,37
DA:50,37
DA:52,37
DA:53,9
DA:65,28
DA:69,37
DA:70,37
DA:71,37
DA:72,6
DA:73,0
DA:74,0
DA:76,31
DA:77,3
DA:78,0
DA:82,37
DA:83,37
DA:84,37
DA:85,3
DA:86,0
DA:87,0
DA:89,34
DA:90,2
DA:91,0
DA:95,1
DA:96,1
DA:97,1
DA:98,0
DA:100,1
DA:107,1
DA:108,1
DA:109,1
DA:110,1
DA:114,0
DA:119,0
DA:120,0
DA:121,0
DA:122,0
DA:123,0
DA:124,0
DA:125,0
DA:126,0
DA:128,0
DA:132,2
DA:133,2
DA:134,1
DA:135,1
DA:136,1
DA:141,5
DA:142,5
DA:146,0
DA:147,0
DA:151,6
DA:158,0
DA:165,37
LF:65
LH:45
BRDA:52,0,0,9
BRDA:52,0,1,28
BRDA:71,1,0,6
BRDA:71,1,1,31
BRDA:72,2,0,6
BRDA:72,2,1,0
BRDA:76,3,0,29
BRDA:76,3,1,2
BRDA:84,4,0,3
BRDA:84,4,1,34
BRDA:85,5,0,3
BRDA:85,5,1,0
BRDA:89,6,0,32
BRDA:89,6,1,2
BRDA:97,7,0,0
BRDA:97,7,1,1
BRDA:97,8,0,1
BRDA:97,8,1,0
BRDA:109,9,0,1
BRDA:109,9,1,0
BRDA:122,10,0,0
BRDA:122,10,1,0
BRDA:126,11,0,0
BRDA:126,11,1,0
BRDA:126,12,0,0
BRDA:126,12,1,0
BRDA:133,13,0,1
BRDA:133,13,1,1
BRDA:135,14,0,1
BRDA:135,14,1,0
BRF:30
BRH:18
end_of_record
TN:
SF:/Users/ecuyle/Documents/HackReactor/front-end-capstone/ecuyle-service/src/components/GuestModal.jsx
FN:13,(anonymous_0)
FN:72,(anonymous_1)
FN:73,(anonymous_2)
FN:74,(anonymous_3)
FNF:4
FNH:1
FNDA:4,(anonymous_0)
FNDA:0,(anonymous_1)
FNDA:0,(anonymous_2)
FNDA:0,(anonymous_3)
DA:13,1
DA:23,4
DA:25,4
DA:66,1
DA:77,1
LF:5
LH:5
BRF:0
BRH:0
end_of_record
TN:
SF:/Users/ecuyle/Documents/HackReactor/front-end-capstone/ecuyle-service/src/components/GuestModalLine.jsx
FN:15,(anonymous_0)
FN:26,(anonymous_1)
FN:29,(anonymous_2)
FN:35,(anonymous_3)
FN:41,(anonymous_4)
FN:44,(anonymous_5)
FN:50,(anonymous_6)
FN:87,(anonymous_7)
FN:88,(anonymous_8)
FNF:9
FNH:4
FNDA:12,(anonymous_0)
FNDA:12,(anonymous_1)
FNDA:0,(anonymous_2)
FNDA:0,(anonymous_3)
FNDA:12,(anonymous_4)
FNDA:1,(anonymous_5)
FNDA:0,(anonymous_6)
FNDA:0,(anonymous_7)
FNDA:0,(anonymous_8)
DA:15,1
DA:24,12
DA:26,12
DA:27,12
DA:28,10
DA:29,0
DA:34,2
DA:35,0
DA:41,12
DA:42,12
DA:43,9
DA:44,1
DA:49,3
DA:50,0
DA:56,12
DA:81,1
DA:91,1
LF:17
LH:14
BRDA:27,0,0,10
BRDA:27,0,1,2
BRDA:42,1,0,9
BRDA:42,1,1,3
BRF:4
BRH:4
end_of_record
TN:
SF:/Users/ecuyle/Documents/HackReactor/front-end-capstone/ecuyle-service/src/components/GuestPicker.jsx
FN:18,(anonymous_0)
FN:36,(anonymous_1)
FN:42,(anonymous_2)
FN:49,(anonymous_3)
FN:73,(anonymous_4)
FN:95,(anonymous_5)
FN:103,(anonymous_6)
FN:112,(anonymous_7)
FN:116,(anonymous_8)
FN:122,(anonymous_9)
FN:129,(anonymous_10)
FN:140,(anonymous_11)
FN:155,(anonymous_12)
FN:169,(anonymous_13)
FN:193,(anonymous_14)
FNF:15
FNH:11
FNDA:13,(anonymous_0)
FNDA:13,(anonymous_1)
FNDA:34,(anonymous_2)
FNDA:34,(anonymous_3)
FNDA:34,(anonymous_4)
FNDA:0,(anonymous_5)
FNDA:3,(anonymous_6)
FNDA:0,(anonymous_7)
FNDA:2,(anonymous_8)
FNDA:1,(anonymous_9)
FNDA:1,(anonymous_10)
FNDA:1,(anonymous_11)
FNDA:0,(anonymous_12)
FNDA:34,(anonymous_13)
FNDA:0,(anonymous_14)
DA:19,13
DA:20,13
DA:21,13
DA:28,13
DA:29,13
DA:30,13
DA:31,13
DA:32,13
DA:33,13
DA:37,13
DA:38,13
DA:39,13
DA:43,34
DA:44,34
DA:52,34
DA:54,34
DA:56,34
DA:57,4
DA:70,30
DA:74,34
DA:75,34
DA:76,34
DA:83,34
DA:84,2
DA:92,34
DA:96,0
DA:104,3
DA:105,3
DA:106,1
DA:108,2
DA:113,0
DA:117,2
DA:123,1
DA:124,1
DA:130,1
DA:131,1
DA:132,1
DA:137,1
DA:141,1
DA:142,1
DA:143,1
DA:144,1
DA:145,1
DA:146,0
DA:147,0
DA:148,0
DA:149,0
DA:150,0
DA:151,0
DA:156,0
DA:157,0
DA:158,0
DA:159,0
DA:160,0
DA:161,0
DA:162,0
DA:163,0
DA:164,0
DA:165,0
DA:170,34
DA:189,1
DA:198,1
LF:62
LH:44
BRDA:44,0,0,30
BRDA:44,0,1,4
BRDA:56,1,0,4
BRDA:56,1,1,30
BRDA:79,2,0,2
BRDA:79,2,1,32
BRDA:83,3,0,2
BRDA:83,3,1,32
BRDA:87,4,0,2
BRDA:87,4,1,0
BRDA:105,5,0,1
BRDA:105,5,1,2
BRDA:143,6,0,1
BRDA:143,6,1,0
BRDA:146,7,0,0
BRDA:146,7,1,0
BRDA:149,8,0,0
BRDA:149,8,1,0
BRDA:157,9,0,0
BRDA:157,9,1,0
BRDA:160,10,0,0
BRDA:160,10,1,0
BRDA:163,11,0,0
BRDA:163,11,1,0
BRF:24
BRH:12
end_of_record
TN:
SF:/Users/ecuyle/Documents/HackReactor/front-end-capstone/ecuyle-service/src/components/Reservation.jsx
FN:17,(anonymous_0)
FN:28,(anonymous_1)
FN:29,(anonymous_2)
FN:30,(anonymous_3)
FN:31,(anonymous_4)
FN:48,(anonymous_5)
FN:52,(anonymous_6)
FN:55,(anonymous_7)
FN:57,(anonymous_8)
FN:69,(anonymous_9)
FN:73,(anonymous_10)
FN:78,(anonymous_11)
FN:84,(anonymous_12)
FN:90,(anonymous_13)
FN:96,(anonymous_14)
FN:102,(anonymous_15)
FN:113,(anonymous_16)
FN:122,(anonymous_17)
FN:141,(anonymous_18)
FN:155,(anonymous_19)
FN:164,(anonymous_20)
FN:173,(anonymous_21)
FN:186,(anonymous_22)
FN:190,(anonymous_23)
FN:204,(anonymous_24)
FN:208,(anonymous_25)
FN:214,(anonymous_26)
FN:240,(anonymous_27)
FNF:28
FNH:16
FNDA:13,(anonymous_0)
FNDA:0,(anonymous_1)
FNDA:0,(anonymous_2)
FNDA:0,(anonymous_3)
FNDA:0,(anonymous_4)
FNDA:13,(anonymous_5)
FNDA:13,(anonymous_6)
FNDA:0,(anonymous_7)
FNDA:0,(anonymous_8)
FNDA:0,(anonymous_9)
FNDA:0,(anonymous_10)
FNDA:13,(anonymous_11)
FNDA:13,(anonymous_12)
FNDA:13,(anonymous_13)
FNDA:13,(anonymous_14)
FNDA:1,(anonymous_15)
FNDA:1,(anonymous_16)
FNDA:1,(anonymous_17)
FNDA:1,(anonymous_18)
FNDA:1,(anonymous_19)
FNDA:0,(anonymous_20)
FNDA:13,(anonymous_21)
FNDA:0,(anonymous_22)
FNDA:2,(anonymous_23)
FNDA:0,(anonymous_24)
FNDA:0,(anonymous_25)
FNDA:1,(anonymous_26)
FNDA:30,(anonymous_27)
DA:18,13
DA:19,13
DA:34,13
DA:35,13
DA:36,13
DA:37,13
DA:38,13
DA:39,13
DA:40,13
DA:41,13
DA:43,13
DA:44,13
DA:45,13
DA:49,13
DA:53,13
DA:54,13
DA:56,0
DA:58,0
DA:70,0
DA:74,0
DA:79,13
DA:85,13
DA:91,13
DA:97,13
DA:103,1
DA:104,1
DA:105,1
DA:106,1
DA:114,1
DA:115,1
DA:116,1
DA:123,1
DA:124,1
DA:125,1
DA:126,1
DA:127,0
DA:128,0
DA:129,0
DA:130,0
DA:131,0
DA:132,0
DA:134,0
DA:135,0
DA:138,1
DA:142,1
DA:143,1
DA:144,1
DA:148,1
DA:152,1
DA:156,1
DA:157,1
DA:165,0
DA:166,0
DA:174,13
DA:175,13
DA:176,13
DA:177,13
DA:178,0
DA:179,0
DA:181,13
DA:182,0
DA:187,0
DA:196,2
DA:198,2
DA:199,1
DA:200,1
DA:201,0
DA:203,1
DA:205,0
DA:206,0
DA:209,0
DA:220,1
DA:221,1
DA:222,1
DA:223,1
DA:225,1
DA:226,1
DA:228,1
DA:257,30
DA:259,30
DA:304,1
DA:308,1
LF:82
LH:60
BRDA:125,0,0,0
BRDA:125,0,1,1
BRDA:131,1,0,0
BRDA:131,1,1,0
BRDA:134,2,0,0
BRDA:134,2,1,0
BRDA:134,3,0,0
BRDA:134,3,1,0
BRDA:177,4,0,0
BRDA:177,4,1,13
BRDA:177,5,0,13
BRDA:177,5,1,10
BRDA:177,5,2,8
BRDA:177,5,3,0
BRDA:181,6,0,0
BRDA:181,6,1,13
BRDA:181,7,0,13
BRDA:181,7,1,0
BRDA:198,8,0,1
BRDA:198,8,1,1
BRDA:200,9,0,0
BRDA:200,9,1,1
BRDA:295,10,0,0
BRDA:295,10,1,30
BRF:24
BRH:11
end_of_record
TN:
SF:/Users/ecuyle/Documents/HackReactor/front-end-capstone/ecuyle-service/src/components/ReservationConfirmation.jsx
FN:16,(anonymous_0)
FN:25,(anonymous_1)
FN:31,(anonymous_2)
FN:35,(anonymous_3)
FN:39,(anonymous_4)
FN:43,(anonymous_5)
FN:47,(anonymous_6)
FNF:7
FNH:2
FNDA:30,(anonymous_0)
FNDA:30,(anonymous_1)
FNDA:0,(anonymous_2)
FNDA:0,(anonymous_3)
FNDA:0,(anonymous_4)
FNDA:0,(anonymous_5)
FNDA:0,(anonymous_6)
DA:16,1
DA:23,30
DA:25,30
DA:26,30
DA:29,30
DA:31,30
DA:32,0
DA:35,30
DA:36,0
DA:39,30
DA:40,0
DA:43,30
DA:44,0
DA:47,30
DA:48,0
DA:66,30
LF:16
LH:11
BRDA:68,0,0,0
BRDA:68,0,1,30
BRF:2
BRH:1
end_of_record
TN:
SF:/Users/ecuyle/Documents/HackReactor/front-end-capstone/ecuyle-service/src/components/ReservationDetails.jsx
FN:13,(anonymous_0)
FN:14,(anonymous_1)
FN:21,(anonymous_2)
FNF:3
FNH:3
FNDA:30,(anonymous_0)
FNDA:30,(anonymous_1)
FNDA:30,(anonymous_2)
DA:13,1
DA:14,30
DA:15,30
DA:16,150
DA:18,30
DA:21,30
DA:22,30
DA:23,30
DA:24,0
DA:26,30
DA:27,0
DA:29,30
DA:32,30
DA:34,30
DA:55,1
DA:61,1
LF:16
LH:14
BRDA:26,0,0,0
BRDA:26,0,1,30
BRF:2
BRH:1
end_of_record
TN:
SF:/Users/ecuyle/Documents/HackReactor/front-end-capstone/ecuyle-service/src/components/ReservationHook.jsx
FN:12,(anonymous_0)
FNF:1
FNH:1
FNDA:1,(anonymous_0)
DA:12,1
DA:13,1
LF:2
LH:2
BRF:0
BRH:0
end_of_record
TN:
SF:/Users/ecuyle/Documents/HackReactor/front-end-capstone/ecuyle-service/src/components/Star.jsx
FN:4,(anonymous_0)
FNF:1
FNH:1
FNDA:153,(anonymous_0)
DA:4,1
DA:6,153
DA:7,153
DA:8,153
DA:9,153
DA:11,153
DA:16,1
LF:7
LH:7
BRDA:7,0,0,1
BRDA:7,0,1,152
BRDA:8,1,0,1
BRDA:8,1,1,152
BRDA:9,2,0,151
BRDA:9,2,1,2
BRF:6
BRH:6
end_of_record
TN:
SF:/Users/ecuyle/Documents/HackReactor/front-end-capstone/ecuyle-service/src/controller/index.js
FN:4,(anonymous_0)
FN:4,(anonymous_1)
FN:6,(anonymous_2)
FN:9,(anonymous_3)
FN:14,(anonymous_4)
FN:14,(anonymous_5)
FN:16,(anonymous_6)
FN:19,(anonymous_7)
FN:24,(anonymous_8)
FN:24,(anonymous_9)
FN:26,(anonymous_10)
FN:29,(anonymous_11)
FNF:12
FNH:6
FNDA:14,(anonymous_0)
FNDA:14,(anonymous_1)
FNDA:0,(anonymous_2)
FNDA:0,(anonymous_3)
FNDA:2,(anonymous_4)
FNDA:2,(anonymous_5)
FNDA:0,(anonymous_6)
FNDA:0,(anonymous_7)
FNDA:2,(anonymous_8)
FNDA:2,(anonymous_9)
FNDA:0,(anonymous_10)
FNDA:0,(anonymous_11)
DA:3,1
DA:4,14
DA:5,14
DA:7,0
DA:10,0
DA:14,2
DA:15,2
DA:17,0
DA:20,0
DA:24,2
DA:25,2
DA:27,0
DA:30,0
LF:13
LH:7
BRF:0
BRH:0
end_of_record
TN:
SF:/Users/ecuyle/Documents/HackReactor/front-end-capstone/ecuyle-service/src/styles/Reservation.jsx
FNF:0
FNH:0
DA:4,1
LF:1
LH:1
BRF:0
BRH:0
end_of_record
TN:
SF:/Users/ecuyle/Documents/HackReactor/front-end-capstone/ecuyle-service/src/styles/common.jsx
FNF:0
FNH:0
DA:6,1
DA:21,1
DA:29,1
DA:37,1
DA:43,1
DA:47,1
DA:51,1
DA:59,1
DA:66,1
DA:72,1
DA:76,1
DA:84,1
DA:92,1
DA:101,1
DA:115,1
DA:131,1
DA:139,1
DA:157,1
DA:164,1
DA:171,1
DA:176,1
DA:183,1
DA:189,1
DA:200,1
DA:204,1
DA:209,1
DA:211,1
DA:213,1
DA:218,1
DA:222,1
DA:228,1
DA:231,1
DA:234,1
DA:239,1
DA:243,1
DA:247,1
DA:251,1
DA:259,1
DA:262,1
DA:272,1
DA:283,1
DA:290,1
DA:295,1
DA:299,1
DA:306,1
DA:314,1
DA:319,1
DA:326,1
DA:338,1
DA:345,1
DA:352,1
DA:358,1
DA:363,1
DA:367,1
DA:372,1
DA:378,1
DA:385,1
DA:389,1
DA:404,1
DA:413,1
DA:422,1
LF:61
LH:61
BRF:0
BRH:0
end_of_record
