TN:
SF:/Users/ecuyle/Documents/HackReactor/front-end-capstone/ecuyle-service/src/DateIterator.js
FN:1,(anonymous_0)
FN:8,(anonymous_1)
FNF:2
FNH:2
FNDA:6,(anonymous_0)
FNDA:210,(anonymous_1)
DA:1,1
DA:4,6
DA:5,6
DA:6,6
DA:7,6
DA:8,6
DA:9,210
DA:10,174
DA:11,174
DA:12,174
DA:13,168
DA:15,6
DA:17,36
DA:19,6
LF:14
LH:14
BRDA:9,0,0,174
BRDA:9,0,1,36
BRDA:12,1,0,168
BRDA:12,1,1,6
BRF:4
BRH:4
end_of_record
TN:
SF:/Users/ecuyle/Documents/HackReactor/front-end-capstone/ecuyle-service/src/helpers.js
FN:5,(anonymous_0)
FN:10,(anonymous_1)
FN:20,(anonymous_2)
FN:27,(anonymous_3)
FN:30,(anonymous_4)
FN:37,(anonymous_5)
FNF:6
FNH:6
FNDA:168,(anonymous_0)
FNDA:84,(anonymous_1)
FNDA:168,(anonymous_2)
FNDA:168,(anonymous_3)
FNDA:28,(anonymous_4)
FNDA:588,(anonymous_5)
DA:4,1
DA:6,168
DA:7,168
DA:8,84
DA:13,84
DA:14,84
DA:15,28
DA:16,28
DA:18,84
DA:21,168
DA:22,168
DA:23,54
DA:25,168
DA:28,168
DA:29,168
DA:30,84
DA:31,28
DA:32,28
DA:33,28
DA:34,28
DA:38,588
LF:21
LH:21
BRDA:7,0,0,84
BRDA:7,0,1,84
BRDA:16,1,0,0
BRDA:16,1,1,28
BRDA:29,2,0,84
BRDA:29,2,1,84
BRDA:33,3,0,0
BRDA:33,3,1,28
BRDA:33,4,0,28
BRDA:33,4,1,14
BRF:10
BRH:8
end_of_record
TN:
SF:/Users/ecuyle/Documents/HackReactor/front-end-capstone/ecuyle-service/src/components/App.jsx
FN:5,(anonymous_0)
FN:10,(anonymous_1)
FNF:2
FNH:2
FNDA:1,(anonymous_0)
FNDA:1,(anonymous_1)
DA:6,1
DA:7,1
DA:11,1
LF:3
LH:3
BRF:0
BRH:0
end_of_record
TN:
SF:/Users/ecuyle/Documents/HackReactor/front-end-capstone/ecuyle-service/src/components/Calendar.jsx
FN:20,(anonymous_0)
FN:46,(anonymous_1)
FN:51,(anonymous_2)
FN:70,(anonymous_3)
FN:84,(anonymous_4)
FN:100,(anonymous_5)
FN:106,(anonymous_6)
FN:112,(anonymous_7)
FN:163,(anonymous_8)
FN:171,(anonymous_9)
FN:181,(anonymous_10)
FNF:11
FNH:9
FNDA:5,(anonymous_0)
FNDA:5,(anonymous_1)
FNDA:1,(anonymous_2)
FNDA:1,(anonymous_3)
FNDA:6,(anonymous_4)
FNDA:0,(anonymous_5)
FNDA:0,(anonymous_6)
FNDA:6,(anonymous_7)
FNDA:2,(anonymous_8)
FNDA:1,(anonymous_9)
FNDA:12,(anonymous_10)
DA:21,5
DA:22,5
DA:31,5
DA:41,5
DA:42,5
DA:43,5
DA:47,5
DA:48,5
DA:52,1
DA:53,1
DA:54,1
DA:55,1
DA:56,0
DA:57,0
DA:58,0
DA:59,0
DA:60,0
DA:61,0
DA:63,0
DA:64,0
DA:67,1
DA:71,1
DA:72,1
DA:73,1
DA:77,1
DA:81,1
DA:85,6
DA:86,6
DA:87,6
DA:88,6
DA:89,6
DA:90,6
DA:101,0
DA:102,0
DA:103,0
DA:107,0
DA:108,0
DA:109,0
DA:113,6
DA:114,6
DA:118,6
DA:122,6
DA:123,6
DA:125,6
DA:126,36
DA:127,36
DA:128,36
DA:129,252
DA:130,6
DA:131,6
DA:132,6
DA:133,6
DA:138,246
DA:139,168
DA:140,168
DA:141,162
DA:142,162
DA:148,6
DA:149,6
DA:150,6
DA:153,78
DA:154,78
DA:157,36
DA:160,6
DA:164,2
DA:165,2
DA:166,2
DA:167,1
DA:168,1
DA:172,1
DA:175,1
DA:177,2
DA:188,12
DA:190,12
DA:191,12
LF:75
LH:61
BRDA:54,0,0,0
BRDA:54,0,1,1
BRDA:60,1,0,0
BRDA:60,1,1,0
BRDA:63,2,0,0
BRDA:63,2,1,0
BRDA:63,3,0,0
BRDA:63,3,1,0
BRDA:129,4,0,6
BRDA:129,4,1,246
BRDA:129,5,0,252
BRDA:129,5,1,36
BRDA:138,6,0,168
BRDA:138,6,1,78
BRDA:138,7,0,246
BRDA:138,7,1,216
BRDA:140,8,0,162
BRDA:140,8,1,6
BRDA:157,9,0,30
BRDA:157,9,1,6
BRDA:166,10,0,1
BRDA:166,10,1,1
BRDA:239,11,0,12
BRDA:239,11,1,0
BRDA:251,12,0,0
BRDA:251,12,1,12
BRF:26
BRH:17
end_of_record
TN:
SF:/Users/ecuyle/Documents/HackReactor/front-end-capstone/ecuyle-service/src/components/CalendarHeader.jsx
FN:9,(anonymous_0)
FNF:1
FNH:1
FNDA:12,(anonymous_0)
DA:9,1
DA:10,12
DA:11,12
LF:3
LH:3
BRF:0
BRH:0
end_of_record
TN:
SF:/Users/ecuyle/Documents/HackReactor/front-end-capstone/ecuyle-service/src/components/CalendarRow.jsx
FN:17,(anonymous_0)
FN:26,(anonymous_1)
FN:29,(anonymous_2)
FN:41,(anonymous_3)
FN:52,(anonymous_4)
FN:61,(anonymous_5)
FNF:6
FNH:4
FNDA:60,(anonymous_0)
FNDA:60,(anonymous_1)
FNDA:420,(anonymous_2)
FNDA:0,(anonymous_3)
FNDA:0,(anonymous_4)
FNDA:2,(anonymous_5)
DA:17,1
DA:24,60
DA:26,60
DA:27,60
DA:28,60
DA:29,60
DA:30,420
DA:31,420
DA:32,252
DA:38,168
DA:39,5
DA:41,0
DA:49,163
DA:50,52
DA:52,0
DA:60,111
DA:61,2
DA:68,60
LF:18
LH:16
BRDA:31,0,0,252
BRDA:31,0,1,168
BRDA:38,1,0,5
BRDA:38,1,1,163
BRDA:38,2,0,168
BRDA:38,2,1,165
BRDA:49,3,0,52
BRDA:49,3,1,111
BRF:8
BRH:8
end_of_record
TN:
SF:/Users/ecuyle/Documents/HackReactor/front-end-capstone/ecuyle-service/src/components/DateModal.jsx
FN:11,(anonymous_0)
FN:21,(anonymous_1)
FNF:2
FNH:2
FNDA:12,(anonymous_0)
FNDA:12,(anonymous_1)
DA:11,1
DA:19,12
DA:21,12
DA:22,12
DA:23,5
DA:31,7
DA:34,12
LF:7
LH:7
BRDA:22,0,0,5
BRDA:22,0,1,7
BRDA:22,1,0,12
BRDA:22,1,1,9
BRF:4
BRH:4
end_of_record
TN:
SF:/Users/ecuyle/Documents/HackReactor/front-end-capstone/ecuyle-service/src/components/DatePicker.jsx
FN:18,(anonymous_0)
FN:35,(anonymous_1)
FN:54,(anonymous_2)
FN:83,(anonymous_3)
FN:87,(anonymous_4)
FN:88,(anonymous_5)
FN:91,(anonymous_6)
FN:92,(anonymous_7)
FN:95,(anonymous_8)
FN:99,(anonymous_9)
FN:100,(anonymous_10)
FN:103,(anonymous_11)
FN:104,(anonymous_12)
FN:107,(anonymous_13)
FN:126,(anonymous_14)
FN:129,(anonymous_15)
FN:140,(anonymous_16)
FN:146,(anonymous_17)
FN:152,(anonymous_18)
FN:156,(anonymous_19)
FN:163,(anonymous_20)
FN:176,(anonymous_21)
FN:190,(anonymous_22)
FN:199,(anonymous_23)
FN:208,(anonymous_24)
FN:213,(anonymous_25)
FN:219,(anonymous_26)
FN:224,(anonymous_27)
FN:231,(anonymous_28)
FN:238,(anonymous_29)
FNF:30
FNH:21
FNDA:13,(anonymous_0)
FNDA:13,(anonymous_1)
FNDA:41,(anonymous_2)
FNDA:41,(anonymous_3)
FNDA:0,(anonymous_4)
FNDA:0,(anonymous_5)
FNDA:3,(anonymous_6)
FNDA:0,(anonymous_7)
FNDA:41,(anonymous_8)
FNDA:0,(anonymous_9)
FNDA:0,(anonymous_10)
FNDA:2,(anonymous_11)
FNDA:0,(anonymous_12)
FNDA:1,(anonymous_13)
FNDA:1,(anonymous_14)
FNDA:0,(anonymous_15)
FNDA:1,(anonymous_16)
FNDA:1,(anonymous_17)
FNDA:1,(anonymous_18)
FNDA:0,(anonymous_19)
FNDA:0,(anonymous_20)
FNDA:1,(anonymous_21)
FNDA:2,(anonymous_22)
FNDA:2,(anonymous_23)
FNDA:5,(anonymous_24)
FNDA:1,(anonymous_25)
FNDA:1,(anonymous_26)
FNDA:6,(anonymous_27)
FNDA:1,(anonymous_28)
FNDA:41,(anonymous_29)
DA:19,13
DA:20,13
DA:28,13
DA:29,13
DA:30,13
DA:31,13
DA:32,13
DA:43,13
DA:44,13
DA:45,13
DA:46,13
DA:47,13
DA:60,41
DA:61,41
DA:62,41
DA:63,3
DA:64,3
DA:67,41
DA:68,12
DA:80,29
DA:84,41
DA:85,41
DA:86,8
DA:87,0
DA:88,0
DA:90,33
DA:91,3
DA:92,0
DA:96,41
DA:97,41
DA:98,4
DA:99,0
DA:100,0
DA:102,37
DA:103,2
DA:104,0
DA:108,1
DA:109,1
DA:110,1
DA:111,1
DA:112,0
DA:113,0
DA:114,0
DA:115,0
DA:116,0
DA:117,0
DA:119,0
DA:120,0
DA:123,1
DA:127,1
DA:128,1
DA:129,0
DA:130,0
DA:131,0
DA:134,1
DA:135,1
DA:141,1
DA:147,1
DA:148,1
DA:149,1
DA:153,1
DA:156,0
DA:157,0
DA:158,0
DA:164,0
DA:165,0
DA:166,0
DA:167,0
DA:168,0
DA:169,0
DA:170,0
DA:171,0
DA:173,0
DA:177,1
DA:178,1
DA:179,1
DA:183,1
DA:187,1
DA:191,2
DA:192,2
DA:193,1
DA:194,1
DA:195,1
DA:200,2
DA:201,2
DA:202,2
DA:209,5
DA:210,5
DA:214,1
DA:215,1
DA:220,1
DA:225,6
DA:232,1
DA:239,41
LF:94
LH:65
BRDA:62,0,0,3
BRDA:62,0,1,38
BRDA:67,1,0,12
BRDA:67,1,1,29
BRDA:85,2,0,8
BRDA:85,2,1,33
BRDA:86,3,0,7
BRDA:86,3,1,1
BRDA:90,4,0,31
BRDA:90,4,1,2
BRDA:97,5,0,4
BRDA:97,5,1,37
BRDA:98,6,0,4
BRDA:98,6,1,0
BRDA:102,7,0,35
BRDA:102,7,1,2
BRDA:110,8,0,0
BRDA:110,8,1,1
BRDA:116,9,0,0
BRDA:116,9,1,0
BRDA:119,10,0,0
BRDA:119,10,1,0
BRDA:119,11,0,0
BRDA:119,11,1,0
BRDA:128,12,0,0
BRDA:128,12,1,1
BRDA:128,13,0,1
BRDA:128,13,1,0
BRDA:148,14,0,1
BRDA:148,14,1,0
BRDA:167,15,0,0
BRDA:167,15,1,0
BRDA:171,16,0,0
BRDA:171,16,1,0
BRDA:171,17,0,0
BRDA:171,17,1,0
BRDA:192,18,0,1
BRDA:192,18,1,1
BRDA:194,19,0,1
BRDA:194,19,1,0
BRF:40
BRH:22
end_of_record
TN:
SF:/Users/ecuyle/Documents/HackReactor/front-end-capstone/ecuyle-service/src/components/GuestModal.jsx
FN:13,(anonymous_0)
FN:72,(anonymous_1)
FN:73,(anonymous_2)
FN:74,(anonymous_3)
FNF:4
FNH:1
FNDA:4,(anonymous_0)
FNDA:0,(anonymous_1)
FNDA:0,(anonymous_2)
FNDA:0,(anonymous_3)
DA:13,1
DA:23,4
DA:25,4
DA:66,1
DA:77,1
LF:5
LH:5
BRF:0
BRH:0
end_of_record
TN:
SF:/Users/ecuyle/Documents/HackReactor/front-end-capstone/ecuyle-service/src/components/GuestModalLine.jsx
FN:15,(anonymous_0)
FN:26,(anonymous_1)
FN:29,(anonymous_2)
FN:35,(anonymous_3)
FN:41,(anonymous_4)
FN:44,(anonymous_5)
FN:50,(anonymous_6)
FN:87,(anonymous_7)
FN:88,(anonymous_8)
FNF:9
FNH:4
FNDA:12,(anonymous_0)
FNDA:12,(anonymous_1)
FNDA:0,(anonymous_2)
FNDA:0,(anonymous_3)
FNDA:12,(anonymous_4)
FNDA:1,(anonymous_5)
FNDA:0,(anonymous_6)
FNDA:0,(anonymous_7)
FNDA:0,(anonymous_8)
DA:15,1
DA:24,12
DA:26,12
DA:27,12
DA:28,10
DA:29,0
DA:34,2
DA:35,0
DA:41,12
DA:42,12
DA:43,9
DA:44,1
DA:49,3
DA:50,0
DA:56,12
DA:81,1
DA:91,1
LF:17
LH:14
BRDA:27,0,0,10
BRDA:27,0,1,2
BRDA:42,1,0,9
BRDA:42,1,1,3
BRF:4
BRH:4
end_of_record
TN:
SF:/Users/ecuyle/Documents/HackReactor/front-end-capstone/ecuyle-service/src/components/GuestPicker.jsx
FN:18,(anonymous_0)
FN:36,(anonymous_1)
FN:42,(anonymous_2)
FN:49,(anonymous_3)
FN:73,(anonymous_4)
FN:95,(anonymous_5)
FN:103,(anonymous_6)
FN:112,(anonymous_7)
FN:116,(anonymous_8)
FN:122,(anonymous_9)
FN:129,(anonymous_10)
FN:140,(anonymous_11)
FN:155,(anonymous_12)
FN:169,(anonymous_13)
FN:193,(anonymous_14)
FNF:15
FNH:11
FNDA:13,(anonymous_0)
FNDA:13,(anonymous_1)
FNDA:34,(anonymous_2)
FNDA:34,(anonymous_3)
FNDA:34,(anonymous_4)
FNDA:0,(anonymous_5)
FNDA:3,(anonymous_6)
FNDA:0,(anonymous_7)
FNDA:2,(anonymous_8)
FNDA:1,(anonymous_9)
FNDA:1,(anonymous_10)
FNDA:1,(anonymous_11)
FNDA:0,(anonymous_12)
FNDA:34,(anonymous_13)
FNDA:0,(anonymous_14)
DA:19,13
DA:20,13
DA:21,13
DA:28,13
DA:29,13
DA:30,13
DA:31,13
DA:32,13
DA:33,13
DA:37,13
DA:38,13
DA:39,13
DA:43,34
DA:44,34
DA:52,34
DA:54,34
DA:56,34
DA:57,4
DA:70,30
DA:74,34
DA:75,34
DA:76,34
DA:83,34
DA:84,2
DA:92,34
DA:96,0
DA:104,3
DA:105,3
DA:106,1
DA:108,2
DA:113,0
DA:117,2
DA:123,1
DA:124,1
DA:130,1
DA:131,1
DA:132,1
DA:137,1
DA:141,1
DA:142,1
DA:143,1
DA:144,1
DA:145,1
DA:146,0
DA:147,0
DA:148,0
DA:149,0
DA:150,0
DA:151,0
DA:156,0
DA:157,0
DA:158,0
DA:159,0
DA:160,0
DA:161,0
DA:162,0
DA:163,0
DA:164,0
DA:165,0
DA:170,34
DA:189,1
DA:198,1
LF:62
LH:44
BRDA:44,0,0,30
BRDA:44,0,1,4
BRDA:56,1,0,4
BRDA:56,1,1,30
BRDA:79,2,0,2
BRDA:79,2,1,32
BRDA:83,3,0,2
BRDA:83,3,1,32
BRDA:87,4,0,2
BRDA:87,4,1,0
BRDA:105,5,0,1
BRDA:105,5,1,2
BRDA:143,6,0,1
BRDA:143,6,1,0
BRDA:146,7,0,0
BRDA:146,7,1,0
BRDA:149,8,0,0
BRDA:149,8,1,0
BRDA:157,9,0,0
BRDA:157,9,1,0
BRDA:160,10,0,0
BRDA:160,10,1,0
BRDA:163,11,0,0
BRDA:163,11,1,0
BRF:24
BRH:12
end_of_record
TN:
SF:/Users/ecuyle/Documents/HackReactor/front-end-capstone/ecuyle-service/src/components/Reservation.jsx
FN:17,(anonymous_0)
FN:27,(anonymous_1)
FN:28,(anonymous_2)
FN:29,(anonymous_3)
FN:30,(anonymous_4)
FN:31,(anonymous_5)
FN:45,(anonymous_6)
FN:49,(anonymous_7)
FN:52,(anonymous_8)
FN:54,(anonymous_9)
FN:65,(anonymous_10)
FN:69,(anonymous_11)
FN:74,(anonymous_12)
FN:80,(anonymous_13)
FN:86,(anonymous_14)
FN:92,(anonymous_15)
FN:98,(anonymous_16)
FN:104,(anonymous_17)
FN:113,(anonymous_18)
FN:121,(anonymous_19)
FN:134,(anonymous_20)
FN:152,(anonymous_21)
FN:157,(anonymous_22)
FN:163,(anonymous_23)
FN:189,(anonymous_24)
FNF:25
FNH:14
FNDA:13,(anonymous_0)
FNDA:0,(anonymous_1)
FNDA:0,(anonymous_2)
FNDA:0,(anonymous_3)
FNDA:0,(anonymous_4)
FNDA:0,(anonymous_5)
FNDA:13,(anonymous_6)
FNDA:13,(anonymous_7)
FNDA:0,(anonymous_8)
FNDA:0,(anonymous_9)
FNDA:0,(anonymous_10)
FNDA:0,(anonymous_11)
FNDA:13,(anonymous_12)
FNDA:13,(anonymous_13)
FNDA:13,(anonymous_14)
FNDA:13,(anonymous_15)
FNDA:13,(anonymous_16)
FNDA:1,(anonymous_17)
FNDA:2,(anonymous_18)
FNDA:14,(anonymous_19)
FNDA:2,(anonymous_20)
FNDA:0,(anonymous_21)
FNDA:0,(anonymous_22)
FNDA:1,(anonymous_23)
FNDA:30,(anonymous_24)
DA:18,13
DA:19,13
DA:34,13
DA:35,13
DA:36,13
DA:37,13
DA:38,13
DA:39,13
DA:40,13
DA:41,13
DA:42,13
DA:46,13
DA:50,13
DA:51,13
DA:53,0
DA:55,0
DA:66,0
DA:70,0
DA:75,13
DA:81,13
DA:87,13
DA:93,13
DA:99,13
DA:105,1
DA:106,1
DA:114,2
DA:115,2
DA:122,14
DA:123,14
DA:124,14
DA:125,14
DA:126,0
DA:127,0
DA:129,14
DA:130,0
DA:144,2
DA:146,2
DA:147,1
DA:148,1
DA:149,0
DA:151,1
DA:153,0
DA:154,0
DA:155,0
DA:158,0
DA:169,1
DA:170,1
DA:171,1
DA:172,1
DA:174,1
DA:175,1
DA:177,1
DA:205,30
DA:207,30
DA:243,1
DA:247,1
LF:56
LH:44
BRDA:125,0,0,0
BRDA:125,0,1,14
BRDA:125,1,0,14
BRDA:125,1,1,11
BRDA:125,1,2,9
BRDA:125,1,3,0
BRDA:129,2,0,0
BRDA:129,2,1,14
BRDA:129,3,0,14
BRDA:129,3,1,0
BRDA:146,4,0,1
BRDA:146,4,1,1
BRDA:148,5,0,0
BRDA:148,5,1,1
BRDA:234,6,0,0
BRDA:234,6,1,30
BRF:16
BRH:10
end_of_record
TN:
SF:/Users/ecuyle/Documents/HackReactor/front-end-capstone/ecuyle-service/src/components/ReservationConfirmation.jsx
FN:9,(anonymous_0)
FNF:1
FNH:1
FNDA:30,(anonymous_0)
DA:9,1
DA:10,30
DA:11,30
LF:3
LH:3
BRF:0
BRH:0
end_of_record
TN:
SF:/Users/ecuyle/Documents/HackReactor/front-end-capstone/ecuyle-service/src/components/ReservationDetails.jsx
FN:13,(anonymous_0)
FN:14,(anonymous_1)
FN:21,(anonymous_2)
FNF:3
FNH:3
FNDA:30,(anonymous_0)
FNDA:30,(anonymous_1)
FNDA:30,(anonymous_2)
DA:13,1
DA:14,30
DA:15,30
DA:16,150
DA:18,30
DA:21,30
DA:22,30
DA:23,30
DA:24,0
DA:26,30
DA:27,0
DA:29,30
DA:32,30
DA:34,30
DA:55,1
DA:61,1
LF:16
LH:14
BRDA:26,0,0,0
BRDA:26,0,1,30
BRF:2
BRH:1
end_of_record
TN:
SF:/Users/ecuyle/Documents/HackReactor/front-end-capstone/ecuyle-service/src/components/ReservationHook.jsx
FN:12,(anonymous_0)
FNF:1
FNH:1
FNDA:1,(anonymous_0)
DA:12,1
DA:13,1
LF:2
LH:2
BRF:0
BRH:0
end_of_record
TN:
SF:/Users/ecuyle/Documents/HackReactor/front-end-capstone/ecuyle-service/src/components/Star.jsx
FN:4,(anonymous_0)
FNF:1
FNH:1
FNDA:153,(anonymous_0)
DA:4,1
DA:6,153
DA:7,153
DA:8,153
DA:9,153
DA:11,153
DA:16,1
LF:7
LH:7
BRDA:7,0,0,1
BRDA:7,0,1,152
BRDA:8,1,0,1
BRDA:8,1,1,152
BRDA:9,2,0,151
BRDA:9,2,1,2
BRF:6
BRH:6
end_of_record
TN:
SF:/Users/ecuyle/Documents/HackReactor/front-end-capstone/ecuyle-service/src/controller/index.js
FN:4,(anonymous_0)
FN:4,(anonymous_1)
FN:6,(anonymous_2)
FN:9,(anonymous_3)
FN:14,(anonymous_4)
FN:14,(anonymous_5)
FN:16,(anonymous_6)
FN:19,(anonymous_7)
FN:24,(anonymous_8)
FN:24,(anonymous_9)
FN:26,(anonymous_10)
FN:29,(anonymous_11)
FNF:12
FNH:6
FNDA:14,(anonymous_0)
FNDA:14,(anonymous_1)
FNDA:0,(anonymous_2)
FNDA:0,(anonymous_3)
FNDA:2,(anonymous_4)
FNDA:2,(anonymous_5)
FNDA:0,(anonymous_6)
FNDA:0,(anonymous_7)
FNDA:2,(anonymous_8)
FNDA:2,(anonymous_9)
FNDA:0,(anonymous_10)
FNDA:0,(anonymous_11)
DA:3,1
DA:4,14
DA:5,14
DA:7,0
DA:10,0
DA:14,2
DA:15,2
DA:17,0
DA:20,0
DA:24,2
DA:25,2
DA:27,0
DA:30,0
LF:13
LH:7
BRF:0
BRH:0
end_of_record
TN:
SF:/Users/ecuyle/Documents/HackReactor/front-end-capstone/ecuyle-service/src/styles/Reservation.jsx
FNF:0
FNH:0
DA:4,1
LF:1
LH:1
BRF:0
BRH:0
end_of_record
TN:
SF:/Users/ecuyle/Documents/HackReactor/front-end-capstone/ecuyle-service/src/styles/common.jsx
FNF:0
FNH:0
DA:6,1
DA:21,1
DA:29,1
DA:37,1
DA:43,1
DA:47,1
DA:51,1
DA:59,1
DA:66,1
DA:72,1
DA:80,1
DA:88,1
DA:97,1
DA:111,1
DA:127,1
DA:135,1
DA:153,1
DA:160,1
DA:165,1
DA:172,1
DA:178,1
DA:189,1
DA:193,1
DA:198,1
DA:200,1
DA:202,1
DA:207,1
DA:211,1
DA:217,1
DA:220,1
DA:223,1
DA:228,1
DA:232,1
DA:236,1
DA:240,1
DA:251,1
DA:262,1
DA:269,1
DA:274,1
DA:278,1
DA:285,1
DA:293,1
DA:298,1
DA:305,1
DA:317,1
DA:324,1
DA:331,1
DA:337,1
DA:342,1
DA:346,1
DA:351,1
DA:357,1
DA:364,1
DA:368,1
DA:383,1
DA:392,1
DA:401,1
LF:57
LH:57
BRF:0
BRH:0
end_of_record
